2021-09-06 21:55:27,535 - train_specific.py[line:174] - INFO: Training with model <class 'model.models.joint_training_model.SpecificTrainLongModel'>.
2021-09-06 21:57:11,611 - train_specific.py[line:92] - INFO: Finish training feature AudioFeatures.MELSPECS_VAD, for fold 0/4, epoch 1, time cost 102.71790957450867s ,with loss 0.7676417923167996
2021-09-06 21:57:42,759 - train_specific.py[line:144] - INFO: Finish testing feature AudioFeatures.MELSPECS_VAD, for fold 0/4, epoch 1, time cost 31.147469997406006s ,with acc 0.6209677419354839
2021-09-06 21:57:42,781 - train_specific.py[line:159] - INFO: Saving weight to weight\20210906_215527\MelSpectrogram_VAD\fold0_4-epoch1-loss0.7676417923167996-acc0.6209677419354839.pth
2021-09-06 21:59:24,689 - train_specific.py[line:92] - INFO: Finish training feature AudioFeatures.MELSPECS_VAD, for fold 0/4, epoch 2, time cost 101.90836501121521s ,with loss 0.36349302672011696
2021-09-06 21:59:55,660 - train_specific.py[line:144] - INFO: Finish testing feature AudioFeatures.MELSPECS_VAD, for fold 0/4, epoch 2, time cost 30.929244995117188s ,with acc 0.6612903225806451
2021-09-06 21:59:55,707 - train_specific.py[line:159] - INFO: Saving weight to weight\20210906_215527\MelSpectrogram_VAD\fold0_4-epoch2-loss0.36349302672011696-acc0.6612903225806451.pth
2021-09-06 22:01:35,635 - train_specific.py[line:92] - INFO: Finish training feature AudioFeatures.MELSPECS_VAD, for fold 0/4, epoch 3, time cost 99.92629528045654s ,with loss 0.2007356077513617
2021-09-06 22:02:05,629 - train_specific.py[line:144] - INFO: Finish testing feature AudioFeatures.MELSPECS_VAD, for fold 0/4, epoch 3, time cost 29.994815826416016s ,with acc 0.6401209677419355
2021-09-06 22:02:05,636 - train_specific.py[line:159] - INFO: Saving weight to weight\20210906_215527\MelSpectrogram_VAD\fold0_4-epoch3-loss0.2007356077513617-acc0.6401209677419355.pth
2021-09-06 22:03:47,527 - train_specific.py[line:92] - INFO: Finish training feature AudioFeatures.MELSPECS_VAD, for fold 0/4, epoch 4, time cost 101.89034247398376s ,with loss 0.12842655994767405
2021-09-06 22:04:18,255 - train_specific.py[line:144] - INFO: Finish testing feature AudioFeatures.MELSPECS_VAD, for fold 0/4, epoch 4, time cost 30.728095054626465s ,with acc 0.6280241935483871
2021-09-06 22:04:18,302 - train_specific.py[line:159] - INFO: Saving weight to weight\20210906_215527\MelSpectrogram_VAD\fold0_4-epoch4-loss0.12842655994767405-acc0.6280241935483871.pth
2021-09-06 22:06:01,775 - train_specific.py[line:92] - INFO: Finish training feature AudioFeatures.MELSPECS_VAD, for fold 0/4, epoch 5, time cost 103.47242736816406s ,with loss 0.09760004580628288
2021-09-06 22:06:32,436 - train_specific.py[line:144] - INFO: Finish testing feature AudioFeatures.MELSPECS_VAD, for fold 0/4, epoch 5, time cost 30.661359786987305s ,with acc 0.6451612903225806
2021-09-06 22:06:32,443 - train_specific.py[line:159] - INFO: Saving weight to weight\20210906_215527\MelSpectrogram_VAD\fold0_4-epoch5-loss0.09760004580628288-acc0.6451612903225806.pth
2021-09-06 22:08:23,235 - train_specific.py[line:92] - INFO: Finish training feature AudioFeatures.MELSPECS_VAD, for fold 0/4, epoch 6, time cost 110.79144668579102s ,with loss 0.050798949311011594
2021-09-06 22:08:57,527 - train_specific.py[line:144] - INFO: Finish testing feature AudioFeatures.MELSPECS_VAD, for fold 0/4, epoch 6, time cost 34.29134440422058s ,with acc 0.6481854838709677
2021-09-06 22:08:57,533 - train_specific.py[line:159] - INFO: Saving weight to weight\20210906_215527\MelSpectrogram_VAD\fold0_4-epoch6-loss0.050798949311011594-acc0.6481854838709677.pth
2021-09-06 22:10:39,690 - train_specific.py[line:92] - INFO: Finish training feature AudioFeatures.MELSPECS_VAD, for fold 0/4, epoch 7, time cost 102.15609645843506s ,with loss 0.06226919070847899
2021-09-06 22:11:10,381 - train_specific.py[line:144] - INFO: Finish testing feature AudioFeatures.MELSPECS_VAD, for fold 0/4, epoch 7, time cost 30.690991163253784s ,with acc 0.6814516129032258
2021-09-06 22:11:10,386 - train_specific.py[line:159] - INFO: Saving weight to weight\20210906_215527\MelSpectrogram_VAD\fold0_4-epoch7-loss0.06226919070847899-acc0.6814516129032258.pth
2021-09-06 22:12:51,875 - train_specific.py[line:92] - INFO: Finish training feature AudioFeatures.MELSPECS_VAD, for fold 0/4, epoch 8, time cost 101.48817348480225s ,with loss 0.035035929032702647
2021-09-06 22:13:22,569 - train_specific.py[line:144] - INFO: Finish testing feature AudioFeatures.MELSPECS_VAD, for fold 0/4, epoch 8, time cost 30.69353747367859s ,with acc 0.6139112903225806
2021-09-06 22:13:22,576 - train_specific.py[line:159] - INFO: Saving weight to weight\20210906_215527\MelSpectrogram_VAD\fold0_4-epoch8-loss0.035035929032702647-acc0.6139112903225806.pth
2021-09-06 22:15:04,005 - train_specific.py[line:92] - INFO: Finish training feature AudioFeatures.MELSPECS_VAD, for fold 0/4, epoch 9, time cost 101.42810797691345s ,with loss 0.03453589050964776
2021-09-06 22:15:34,865 - train_specific.py[line:144] - INFO: Finish testing feature AudioFeatures.MELSPECS_VAD, for fold 0/4, epoch 9, time cost 30.859731912612915s ,with acc 0.6804435483870968
2021-09-06 22:15:34,871 - train_specific.py[line:159] - INFO: Saving weight to weight\20210906_215527\MelSpectrogram_VAD\fold0_4-epoch9-loss0.03453589050964776-acc0.6804435483870968.pth
2021-09-06 22:17:16,666 - train_specific.py[line:92] - INFO: Finish training feature AudioFeatures.MELSPECS_VAD, for fold 0/4, epoch 10, time cost 101.79550528526306s ,with loss 0.027514854821872534
2021-09-06 22:17:47,546 - train_specific.py[line:144] - INFO: Finish testing feature AudioFeatures.MELSPECS_VAD, for fold 0/4, epoch 10, time cost 30.879575490951538s ,with acc 0.6633064516129032
2021-09-06 22:17:47,593 - train_specific.py[line:159] - INFO: Saving weight to weight\20210906_215527\MelSpectrogram_VAD\fold0_4-epoch10-loss0.027514854821872534-acc0.6633064516129032.pth
2021-09-06 22:19:29,545 - train_specific.py[line:92] - INFO: Finish training feature AudioFeatures.MELSPECS_VAD, for fold 0/4, epoch 11, time cost 101.9513008594513s ,with loss 0.02502043690259123
2021-09-06 22:20:00,909 - train_specific.py[line:144] - INFO: Finish testing feature AudioFeatures.MELSPECS_VAD, for fold 0/4, epoch 11, time cost 31.3619601726532s ,with acc 0.6481854838709677
2021-09-06 22:20:00,916 - train_specific.py[line:159] - INFO: Saving weight to weight\20210906_215527\MelSpectrogram_VAD\fold0_4-epoch11-loss0.02502043690259123-acc0.6481854838709677.pth
2021-09-06 22:21:46,222 - train_specific.py[line:92] - INFO: Finish training feature AudioFeatures.MELSPECS_VAD, for fold 0/4, epoch 12, time cost 105.30637073516846s ,with loss 0.019304618450089194
2021-09-06 22:22:17,087 - train_specific.py[line:144] - INFO: Finish testing feature AudioFeatures.MELSPECS_VAD, for fold 0/4, epoch 12, time cost 30.86531162261963s ,with acc 0.6743951612903226
2021-09-06 22:22:17,093 - train_specific.py[line:159] - INFO: Saving weight to weight\20210906_215527\MelSpectrogram_VAD\fold0_4-epoch12-loss0.019304618450089194-acc0.6743951612903226.pth
2021-09-06 22:24:00,411 - train_specific.py[line:92] - INFO: Finish training feature AudioFeatures.MELSPECS_VAD, for fold 0/4, epoch 13, time cost 103.31699275970459s ,with loss 0.023457023276537453
2021-09-06 22:24:31,607 - train_specific.py[line:144] - INFO: Finish testing feature AudioFeatures.MELSPECS_VAD, for fold 0/4, epoch 13, time cost 31.196017503738403s ,with acc 0.6481854838709677
2021-09-06 22:24:31,613 - train_specific.py[line:159] - INFO: Saving weight to weight\20210906_215527\MelSpectrogram_VAD\fold0_4-epoch13-loss0.023457023276537453-acc0.6481854838709677.pth
2021-09-06 22:26:16,599 - train_specific.py[line:92] - INFO: Finish training feature AudioFeatures.MELSPECS_VAD, for fold 0/4, epoch 14, time cost 104.98435139656067s ,with loss 0.01988102704427033
2021-09-06 22:26:47,811 - train_specific.py[line:144] - INFO: Finish testing feature AudioFeatures.MELSPECS_VAD, for fold 0/4, epoch 14, time cost 31.212003469467163s ,with acc 0.6673387096774194
2021-09-06 22:26:47,818 - train_specific.py[line:159] - INFO: Saving weight to weight\20210906_215527\MelSpectrogram_VAD\fold0_4-epoch14-loss0.01988102704427033-acc0.6673387096774194.pth
2021-09-06 22:28:29,186 - train_specific.py[line:92] - INFO: Finish training feature AudioFeatures.MELSPECS_VAD, for fold 0/4, epoch 15, time cost 101.36692428588867s ,with loss 0.009367218374593547
2021-09-06 22:28:59,916 - train_specific.py[line:144] - INFO: Finish testing feature AudioFeatures.MELSPECS_VAD, for fold 0/4, epoch 15, time cost 30.730767965316772s ,with acc 0.6310483870967742
2021-09-06 22:28:59,922 - train_specific.py[line:159] - INFO: Saving weight to weight\20210906_215527\MelSpectrogram_VAD\fold0_4-epoch15-loss0.009367218374593547-acc0.6310483870967742.pth
2021-09-06 22:30:42,707 - train_specific.py[line:92] - INFO: Finish training feature AudioFeatures.MELSPECS_VAD, for fold 0/4, epoch 16, time cost 102.78450775146484s ,with loss 0.007073050047715104
2021-09-06 22:31:13,436 - train_specific.py[line:144] - INFO: Finish testing feature AudioFeatures.MELSPECS_VAD, for fold 0/4, epoch 16, time cost 30.72790837287903s ,with acc 0.6643145161290323
2021-09-06 22:31:13,483 - train_specific.py[line:159] - INFO: Saving weight to weight\20210906_215527\MelSpectrogram_VAD\fold0_4-epoch16-loss0.007073050047715104-acc0.6643145161290323.pth
2021-09-06 22:32:55,008 - train_specific.py[line:92] - INFO: Finish training feature AudioFeatures.MELSPECS_VAD, for fold 0/4, epoch 17, time cost 101.52487015724182s ,with loss 0.010542861731032051
2021-09-06 22:33:25,666 - train_specific.py[line:144] - INFO: Finish testing feature AudioFeatures.MELSPECS_VAD, for fold 0/4, epoch 17, time cost 30.656665802001953s ,with acc 0.592741935483871
2021-09-06 22:33:25,673 - train_specific.py[line:159] - INFO: Saving weight to weight\20210906_215527\MelSpectrogram_VAD\fold0_4-epoch17-loss0.010542861731032051-acc0.592741935483871.pth
2021-09-06 22:35:06,517 - train_specific.py[line:92] - INFO: Finish training feature AudioFeatures.MELSPECS_VAD, for fold 0/4, epoch 18, time cost 100.84346580505371s ,with loss 0.008373319046728759
2021-09-06 22:35:37,307 - train_specific.py[line:144] - INFO: Finish testing feature AudioFeatures.MELSPECS_VAD, for fold 0/4, epoch 18, time cost 30.79044485092163s ,with acc 0.6421370967741935
2021-09-06 22:35:37,313 - train_specific.py[line:159] - INFO: Saving weight to weight\20210906_215527\MelSpectrogram_VAD\fold0_4-epoch18-loss0.008373319046728759-acc0.6421370967741935.pth
2021-09-06 22:37:18,638 - train_specific.py[line:92] - INFO: Finish training feature AudioFeatures.MELSPECS_VAD, for fold 0/4, epoch 19, time cost 101.32479190826416s ,with loss 0.005578332300501643
2021-09-06 22:37:49,288 - train_specific.py[line:144] - INFO: Finish testing feature AudioFeatures.MELSPECS_VAD, for fold 0/4, epoch 19, time cost 30.648932695388794s ,with acc 0.6491935483870968
2021-09-06 22:37:49,335 - train_specific.py[line:159] - INFO: Saving weight to weight\20210906_215527\MelSpectrogram_VAD\fold0_4-epoch19-loss0.005578332300501643-acc0.6491935483870968.pth
2021-09-06 22:39:30,483 - train_specific.py[line:92] - INFO: Finish training feature AudioFeatures.MELSPECS_VAD, for fold 0/4, epoch 20, time cost 101.1475625038147s ,with loss 0.005048008708004288
2021-09-06 22:40:01,077 - train_specific.py[line:144] - INFO: Finish testing feature AudioFeatures.MELSPECS_VAD, for fold 0/4, epoch 20, time cost 30.59401297569275s ,with acc 0.6844758064516129
2021-09-06 22:40:01,124 - train_specific.py[line:159] - INFO: Saving weight to weight\20210906_215527\MelSpectrogram_VAD\fold0_4-epoch20-loss0.005048008708004288-acc0.6844758064516129.pth
2021-09-06 22:41:42,815 - train_specific.py[line:92] - INFO: Finish training feature AudioFeatures.MELSPECS_VAD, for fold 1/4, epoch 1, time cost 101.6793761253357s ,with loss 0.7595290475241516
2021-09-06 22:42:12,893 - train_specific.py[line:144] - INFO: Finish testing feature AudioFeatures.MELSPECS_VAD, for fold 1/4, epoch 1, time cost 30.078177452087402s ,with acc 0.6088709677419355
2021-09-06 22:42:12,900 - train_specific.py[line:159] - INFO: Saving weight to weight\20210906_215527\MelSpectrogram_VAD\fold1_4-epoch1-loss0.7595290475241516-acc0.6088709677419355.pth
2021-09-06 22:43:54,838 - train_specific.py[line:92] - INFO: Finish training feature AudioFeatures.MELSPECS_VAD, for fold 1/4, epoch 2, time cost 101.93744659423828s ,with loss 0.39278431366319244
2021-09-06 22:44:24,898 - train_specific.py[line:144] - INFO: Finish testing feature AudioFeatures.MELSPECS_VAD, for fold 1/4, epoch 2, time cost 30.05951976776123s ,with acc 0.6078629032258065
2021-09-06 22:44:24,905 - train_specific.py[line:159] - INFO: Saving weight to weight\20210906_215527\MelSpectrogram_VAD\fold1_4-epoch2-loss0.39278431366319244-acc0.6078629032258065.pth
2021-09-06 22:46:07,455 - train_specific.py[line:92] - INFO: Finish training feature AudioFeatures.MELSPECS_VAD, for fold 1/4, epoch 3, time cost 102.54977059364319s ,with loss 0.2079839572796355
2021-09-06 22:46:37,727 - train_specific.py[line:144] - INFO: Finish testing feature AudioFeatures.MELSPECS_VAD, for fold 1/4, epoch 3, time cost 30.272072315216064s ,with acc 0.5877016129032258
2021-09-06 22:46:37,733 - train_specific.py[line:159] - INFO: Saving weight to weight\20210906_215527\MelSpectrogram_VAD\fold1_4-epoch3-loss0.2079839572796355-acc0.5877016129032258.pth
2021-09-06 22:48:20,081 - train_specific.py[line:92] - INFO: Finish training feature AudioFeatures.MELSPECS_VAD, for fold 1/4, epoch 4, time cost 102.34799480438232s ,with loss 0.11396426730789244
2021-09-06 22:48:50,381 - train_specific.py[line:144] - INFO: Finish testing feature AudioFeatures.MELSPECS_VAD, for fold 1/4, epoch 4, time cost 30.29980993270874s ,with acc 0.6612903225806451
2021-09-06 22:48:50,430 - train_specific.py[line:159] - INFO: Saving weight to weight\20210906_215527\MelSpectrogram_VAD\fold1_4-epoch4-loss0.11396426730789244-acc0.6612903225806451.pth
2021-09-06 22:50:32,892 - train_specific.py[line:92] - INFO: Finish training feature AudioFeatures.MELSPECS_VAD, for fold 1/4, epoch 5, time cost 102.46200513839722s ,with loss 0.07829783775378019
2021-09-06 22:51:02,986 - train_specific.py[line:144] - INFO: Finish testing feature AudioFeatures.MELSPECS_VAD, for fold 1/4, epoch 5, time cost 30.094103574752808s ,with acc 0.5977822580645161
2021-09-06 22:51:02,993 - train_specific.py[line:159] - INFO: Saving weight to weight\20210906_215527\MelSpectrogram_VAD\fold1_4-epoch5-loss0.07829783775378019-acc0.5977822580645161.pth
2021-09-06 22:52:45,164 - train_specific.py[line:92] - INFO: Finish training feature AudioFeatures.MELSPECS_VAD, for fold 1/4, epoch 6, time cost 102.17148947715759s ,with loss 0.05272351626974895
2021-09-06 22:53:15,319 - train_specific.py[line:144] - INFO: Finish testing feature AudioFeatures.MELSPECS_VAD, for fold 1/4, epoch 6, time cost 30.1537446975708s ,with acc 0.4788306451612903
2021-09-06 22:53:15,325 - train_specific.py[line:159] - INFO: Saving weight to weight\20210906_215527\MelSpectrogram_VAD\fold1_4-epoch6-loss0.05272351626974895-acc0.4788306451612903.pth
2021-09-06 22:54:57,531 - train_specific.py[line:92] - INFO: Finish training feature AudioFeatures.MELSPECS_VAD, for fold 1/4, epoch 7, time cost 102.20563054084778s ,with loss 0.044956359502343134
2021-09-06 22:55:27,698 - train_specific.py[line:144] - INFO: Finish testing feature AudioFeatures.MELSPECS_VAD, for fold 1/4, epoch 7, time cost 30.16704821586609s ,with acc 0.5887096774193549
2021-09-06 22:55:27,705 - train_specific.py[line:159] - INFO: Saving weight to weight\20210906_215527\MelSpectrogram_VAD\fold1_4-epoch7-loss0.044956359502343134-acc0.5887096774193549.pth
2021-09-06 22:57:10,183 - train_specific.py[line:92] - INFO: Finish training feature AudioFeatures.MELSPECS_VAD, for fold 1/4, epoch 8, time cost 102.47770190238953s ,with loss 0.02144127699569293
2021-09-06 22:57:40,429 - train_specific.py[line:144] - INFO: Finish testing feature AudioFeatures.MELSPECS_VAD, for fold 1/4, epoch 8, time cost 30.24644684791565s ,with acc 0.592741935483871
2021-09-06 22:57:40,475 - train_specific.py[line:159] - INFO: Saving weight to weight\20210906_215527\MelSpectrogram_VAD\fold1_4-epoch8-loss0.02144127699569293-acc0.592741935483871.pth
2021-09-06 22:59:22,740 - train_specific.py[line:92] - INFO: Finish training feature AudioFeatures.MELSPECS_VAD, for fold 1/4, epoch 9, time cost 102.2632155418396s ,with loss 0.03070267363016129
2021-09-06 22:59:52,927 - train_specific.py[line:144] - INFO: Finish testing feature AudioFeatures.MELSPECS_VAD, for fold 1/4, epoch 9, time cost 30.186874389648438s ,with acc 0.5493951612903226
2021-09-06 22:59:52,975 - train_specific.py[line:159] - INFO: Saving weight to weight\20210906_215527\MelSpectrogram_VAD\fold1_4-epoch9-loss0.03070267363016129-acc0.5493951612903226.pth
2021-09-06 23:01:35,222 - train_specific.py[line:92] - INFO: Finish training feature AudioFeatures.MELSPECS_VAD, for fold 1/4, epoch 10, time cost 102.24735450744629s ,with loss 0.013034716768585064
2021-09-06 23:02:05,451 - train_specific.py[line:144] - INFO: Finish testing feature AudioFeatures.MELSPECS_VAD, for fold 1/4, epoch 10, time cost 30.228848695755005s ,with acc 0.5745967741935484
2021-09-06 23:02:05,457 - train_specific.py[line:159] - INFO: Saving weight to weight\20210906_215527\MelSpectrogram_VAD\fold1_4-epoch10-loss0.013034716768585064-acc0.5745967741935484.pth
2021-09-06 23:03:47,901 - train_specific.py[line:92] - INFO: Finish training feature AudioFeatures.MELSPECS_VAD, for fold 1/4, epoch 11, time cost 102.443674325943s ,with loss 0.009762070215757652
2021-09-06 23:04:18,095 - train_specific.py[line:144] - INFO: Finish testing feature AudioFeatures.MELSPECS_VAD, for fold 1/4, epoch 11, time cost 30.193529844284058s ,with acc 0.5826612903225806
2021-09-06 23:04:18,101 - train_specific.py[line:159] - INFO: Saving weight to weight\20210906_215527\MelSpectrogram_VAD\fold1_4-epoch11-loss0.009762070215757652-acc0.5826612903225806.pth
2021-09-06 23:06:00,433 - train_specific.py[line:92] - INFO: Finish training feature AudioFeatures.MELSPECS_VAD, for fold 1/4, epoch 12, time cost 102.33019852638245s ,with loss 0.00901147743823695
2021-09-06 23:06:30,623 - train_specific.py[line:144] - INFO: Finish testing feature AudioFeatures.MELSPECS_VAD, for fold 1/4, epoch 12, time cost 30.19009494781494s ,with acc 0.5645161290322581
2021-09-06 23:06:30,670 - train_specific.py[line:159] - INFO: Saving weight to weight\20210906_215527\MelSpectrogram_VAD\fold1_4-epoch12-loss0.00901147743823695-acc0.5645161290322581.pth
2021-09-06 23:08:13,045 - train_specific.py[line:92] - INFO: Finish training feature AudioFeatures.MELSPECS_VAD, for fold 1/4, epoch 13, time cost 102.37492823600769s ,with loss 0.01154442331924498
2021-09-06 23:08:43,260 - train_specific.py[line:144] - INFO: Finish testing feature AudioFeatures.MELSPECS_VAD, for fold 1/4, epoch 13, time cost 30.21438956260681s ,with acc 0.5715725806451613
2021-09-06 23:08:43,267 - train_specific.py[line:159] - INFO: Saving weight to weight\20210906_215527\MelSpectrogram_VAD\fold1_4-epoch13-loss0.01154442331924498-acc0.5715725806451613.pth
2021-09-06 23:10:25,586 - train_specific.py[line:92] - INFO: Finish training feature AudioFeatures.MELSPECS_VAD, for fold 1/4, epoch 14, time cost 102.31933259963989s ,with loss 0.019237988206441514
2021-09-06 23:10:55,820 - train_specific.py[line:144] - INFO: Finish testing feature AudioFeatures.MELSPECS_VAD, for fold 1/4, epoch 14, time cost 30.233549118041992s ,with acc 0.6179435483870968
2021-09-06 23:10:55,827 - train_specific.py[line:159] - INFO: Saving weight to weight\20210906_215527\MelSpectrogram_VAD\fold1_4-epoch14-loss0.019237988206441514-acc0.6179435483870968.pth
2021-09-06 23:12:38,207 - train_specific.py[line:92] - INFO: Finish training feature AudioFeatures.MELSPECS_VAD, for fold 1/4, epoch 15, time cost 102.37920665740967s ,with loss 0.014468529095408841
2021-09-06 23:13:08,465 - train_specific.py[line:144] - INFO: Finish testing feature AudioFeatures.MELSPECS_VAD, for fold 1/4, epoch 15, time cost 30.258268117904663s ,with acc 0.6058467741935484
2021-09-06 23:13:08,471 - train_specific.py[line:159] - INFO: Saving weight to weight\20210906_215527\MelSpectrogram_VAD\fold1_4-epoch15-loss0.014468529095408841-acc0.6058467741935484.pth
2021-09-06 23:14:50,662 - train_specific.py[line:92] - INFO: Finish training feature AudioFeatures.MELSPECS_VAD, for fold 1/4, epoch 16, time cost 102.18994617462158s ,with loss 0.010633900527033762
2021-09-06 23:15:20,966 - train_specific.py[line:144] - INFO: Finish testing feature AudioFeatures.MELSPECS_VAD, for fold 1/4, epoch 16, time cost 30.30386471748352s ,with acc 0.59375
2021-09-06 23:15:21,014 - train_specific.py[line:159] - INFO: Saving weight to weight\20210906_215527\MelSpectrogram_VAD\fold1_4-epoch16-loss0.010633900527033762-acc0.59375.pth
2021-09-06 23:17:03,780 - train_specific.py[line:92] - INFO: Finish training feature AudioFeatures.MELSPECS_VAD, for fold 1/4, epoch 17, time cost 102.76553058624268s ,with loss 0.0073429511291539275
2021-09-06 23:17:34,035 - train_specific.py[line:144] - INFO: Finish testing feature AudioFeatures.MELSPECS_VAD, for fold 1/4, epoch 17, time cost 30.255579471588135s ,with acc 0.5413306451612904
2021-09-06 23:17:34,041 - train_specific.py[line:159] - INFO: Saving weight to weight\20210906_215527\MelSpectrogram_VAD\fold1_4-epoch17-loss0.0073429511291539275-acc0.5413306451612904.pth
2021-09-06 23:19:16,450 - train_specific.py[line:92] - INFO: Finish training feature AudioFeatures.MELSPECS_VAD, for fold 1/4, epoch 18, time cost 102.40772771835327s ,with loss 0.005052412993593506
2021-09-06 23:19:46,684 - train_specific.py[line:144] - INFO: Finish testing feature AudioFeatures.MELSPECS_VAD, for fold 1/4, epoch 18, time cost 30.233397483825684s ,with acc 0.563508064516129
2021-09-06 23:19:46,691 - train_specific.py[line:159] - INFO: Saving weight to weight\20210906_215527\MelSpectrogram_VAD\fold1_4-epoch18-loss0.005052412993593506-acc0.563508064516129.pth
2021-09-06 23:21:29,337 - train_specific.py[line:92] - INFO: Finish training feature AudioFeatures.MELSPECS_VAD, for fold 1/4, epoch 19, time cost 102.64604687690735s ,with loss 0.004924518337247719
2021-09-06 23:21:59,619 - train_specific.py[line:144] - INFO: Finish testing feature AudioFeatures.MELSPECS_VAD, for fold 1/4, epoch 19, time cost 30.280234813690186s ,with acc 0.594758064516129
2021-09-06 23:21:59,638 - train_specific.py[line:159] - INFO: Saving weight to weight\20210906_215527\MelSpectrogram_VAD\fold1_4-epoch19-loss0.004924518337247719-acc0.594758064516129.pth
2021-09-06 23:23:41,957 - train_specific.py[line:92] - INFO: Finish training feature AudioFeatures.MELSPECS_VAD, for fold 1/4, epoch 20, time cost 102.3186993598938s ,with loss 0.0046288118119264254
2021-09-06 23:24:12,125 - train_specific.py[line:144] - INFO: Finish testing feature AudioFeatures.MELSPECS_VAD, for fold 1/4, epoch 20, time cost 30.1684308052063s ,with acc 0.5342741935483871
2021-09-06 23:24:12,173 - train_specific.py[line:159] - INFO: Saving weight to weight\20210906_215527\MelSpectrogram_VAD\fold1_4-epoch20-loss0.0046288118119264254-acc0.5342741935483871.pth
2021-09-06 23:25:44,953 - train_specific.py[line:92] - INFO: Finish training feature AudioFeatures.MELSPECS_VAD, for fold 2/4, epoch 1, time cost 92.77186965942383s ,with loss 0.737371176643216
2021-09-06 23:26:24,903 - train_specific.py[line:144] - INFO: Finish testing feature AudioFeatures.MELSPECS_VAD, for fold 2/4, epoch 1, time cost 39.95025444030762s ,with acc 0.594758064516129
2021-09-06 23:26:24,910 - train_specific.py[line:159] - INFO: Saving weight to weight\20210906_215527\MelSpectrogram_VAD\fold2_4-epoch1-loss0.737371176643216-acc0.594758064516129.pth
2021-09-06 23:27:57,864 - train_specific.py[line:92] - INFO: Finish training feature AudioFeatures.MELSPECS_VAD, for fold 2/4, epoch 2, time cost 92.9542076587677s ,with loss 0.3495120210978
2021-09-06 23:28:37,578 - train_specific.py[line:144] - INFO: Finish testing feature AudioFeatures.MELSPECS_VAD, for fold 2/4, epoch 2, time cost 39.713547229766846s ,with acc 0.6431451612903226
2021-09-06 23:28:37,584 - train_specific.py[line:159] - INFO: Saving weight to weight\20210906_215527\MelSpectrogram_VAD\fold2_4-epoch2-loss0.3495120210978-acc0.6431451612903226.pth
2021-09-06 23:30:10,359 - train_specific.py[line:92] - INFO: Finish training feature AudioFeatures.MELSPECS_VAD, for fold 2/4, epoch 3, time cost 92.77506422996521s ,with loss 0.1739138049154502
2021-09-06 23:30:50,311 - train_specific.py[line:144] - INFO: Finish testing feature AudioFeatures.MELSPECS_VAD, for fold 2/4, epoch 3, time cost 39.95161271095276s ,with acc 0.6219758064516129
2021-09-06 23:30:50,318 - train_specific.py[line:159] - INFO: Saving weight to weight\20210906_215527\MelSpectrogram_VAD\fold2_4-epoch3-loss0.1739138049154502-acc0.6219758064516129.pth
2021-09-06 23:32:23,144 - train_specific.py[line:92] - INFO: Finish training feature AudioFeatures.MELSPECS_VAD, for fold 2/4, epoch 4, time cost 92.82621574401855s ,with loss 0.11031022004823646
2021-09-06 23:33:02,990 - train_specific.py[line:144] - INFO: Finish testing feature AudioFeatures.MELSPECS_VAD, for fold 2/4, epoch 4, time cost 39.84659481048584s ,with acc 0.6602822580645161
2021-09-06 23:33:03,039 - train_specific.py[line:159] - INFO: Saving weight to weight\20210906_215527\MelSpectrogram_VAD\fold2_4-epoch4-loss0.11031022004823646-acc0.6602822580645161.pth
2021-09-06 23:34:36,063 - train_specific.py[line:92] - INFO: Finish training feature AudioFeatures.MELSPECS_VAD, for fold 2/4, epoch 5, time cost 93.02372121810913s ,with loss 0.0679275067826814
2021-09-06 23:35:15,266 - train_specific.py[line:144] - INFO: Finish testing feature AudioFeatures.MELSPECS_VAD, for fold 2/4, epoch 5, time cost 39.20226240158081s ,with acc 0.6673387096774194
2021-09-06 23:35:15,272 - train_specific.py[line:159] - INFO: Saving weight to weight\20210906_215527\MelSpectrogram_VAD\fold2_4-epoch5-loss0.0679275067826814-acc0.6673387096774194.pth
2021-09-06 23:36:43,026 - train_specific.py[line:92] - INFO: Finish training feature AudioFeatures.MELSPECS_VAD, for fold 2/4, epoch 6, time cost 87.75408387184143s ,with loss 0.0539169543974466
2021-09-06 23:37:20,319 - train_specific.py[line:144] - INFO: Finish testing feature AudioFeatures.MELSPECS_VAD, for fold 2/4, epoch 6, time cost 37.29289174079895s ,with acc 0.6118951612903226
2021-09-06 23:37:20,325 - train_specific.py[line:159] - INFO: Saving weight to weight\20210906_215527\MelSpectrogram_VAD\fold2_4-epoch6-loss0.0539169543974466-acc0.6118951612903226.pth
2021-09-06 23:38:47,861 - train_specific.py[line:92] - INFO: Finish training feature AudioFeatures.MELSPECS_VAD, for fold 2/4, epoch 7, time cost 87.53617715835571s ,with loss 0.037630827490078365
2021-09-06 23:39:25,300 - train_specific.py[line:144] - INFO: Finish testing feature AudioFeatures.MELSPECS_VAD, for fold 2/4, epoch 7, time cost 37.438538551330566s ,with acc 0.6592741935483871
2021-09-06 23:39:25,306 - train_specific.py[line:159] - INFO: Saving weight to weight\20210906_215527\MelSpectrogram_VAD\fold2_4-epoch7-loss0.037630827490078365-acc0.6592741935483871.pth
2021-09-06 23:40:53,083 - train_specific.py[line:92] - INFO: Finish training feature AudioFeatures.MELSPECS_VAD, for fold 2/4, epoch 8, time cost 87.77729296684265s ,with loss 0.020503444204856034
2021-09-06 23:41:30,592 - train_specific.py[line:144] - INFO: Finish testing feature AudioFeatures.MELSPECS_VAD, for fold 2/4, epoch 8, time cost 37.50875663757324s ,with acc 0.6461693548387096
2021-09-06 23:41:30,641 - train_specific.py[line:159] - INFO: Saving weight to weight\20210906_215527\MelSpectrogram_VAD\fold2_4-epoch8-loss0.020503444204856034-acc0.6461693548387096.pth
2021-09-06 23:42:58,400 - train_specific.py[line:92] - INFO: Finish training feature AudioFeatures.MELSPECS_VAD, for fold 2/4, epoch 9, time cost 87.75874614715576s ,with loss 0.028345898408113735
2021-09-06 23:43:35,744 - train_specific.py[line:144] - INFO: Finish testing feature AudioFeatures.MELSPECS_VAD, for fold 2/4, epoch 9, time cost 37.3435492515564s ,with acc 0.6582661290322581
2021-09-06 23:43:35,790 - train_specific.py[line:159] - INFO: Saving weight to weight\20210906_215527\MelSpectrogram_VAD\fold2_4-epoch9-loss0.028345898408113735-acc0.6582661290322581.pth
2021-09-06 23:45:03,744 - train_specific.py[line:92] - INFO: Finish training feature AudioFeatures.MELSPECS_VAD, for fold 2/4, epoch 10, time cost 87.95297813415527s ,with loss 0.021865016857982086
2021-09-06 23:45:41,272 - train_specific.py[line:144] - INFO: Finish testing feature AudioFeatures.MELSPECS_VAD, for fold 2/4, epoch 10, time cost 37.527796268463135s ,with acc 0.6683467741935484
2021-09-06 23:45:41,278 - train_specific.py[line:159] - INFO: Saving weight to weight\20210906_215527\MelSpectrogram_VAD\fold2_4-epoch10-loss0.021865016857982086-acc0.6683467741935484.pth
2021-09-06 23:47:09,347 - train_specific.py[line:92] - INFO: Finish training feature AudioFeatures.MELSPECS_VAD, for fold 2/4, epoch 11, time cost 88.06971764564514s ,with loss 0.01666923689133356
2021-09-06 23:47:47,030 - train_specific.py[line:144] - INFO: Finish testing feature AudioFeatures.MELSPECS_VAD, for fold 2/4, epoch 11, time cost 37.68208360671997s ,with acc 0.6622983870967742
2021-09-06 23:47:47,036 - train_specific.py[line:159] - INFO: Saving weight to weight\20210906_215527\MelSpectrogram_VAD\fold2_4-epoch11-loss0.01666923689133356-acc0.6622983870967742.pth
2021-09-06 23:49:15,297 - train_specific.py[line:92] - INFO: Finish training feature AudioFeatures.MELSPECS_VAD, for fold 2/4, epoch 12, time cost 88.26163816452026s ,with loss 0.011596159521697859
2021-09-06 23:49:53,082 - train_specific.py[line:144] - INFO: Finish testing feature AudioFeatures.MELSPECS_VAD, for fold 2/4, epoch 12, time cost 37.7848219871521s ,with acc 0.6592741935483871
2021-09-06 23:49:53,132 - train_specific.py[line:159] - INFO: Saving weight to weight\20210906_215527\MelSpectrogram_VAD\fold2_4-epoch12-loss0.011596159521697859-acc0.6592741935483871.pth
2021-09-06 23:51:21,517 - train_specific.py[line:92] - INFO: Finish training feature AudioFeatures.MELSPECS_VAD, for fold 2/4, epoch 13, time cost 88.38528227806091s ,with loss 0.010273642669784274
2021-09-06 23:51:59,135 - train_specific.py[line:144] - INFO: Finish testing feature AudioFeatures.MELSPECS_VAD, for fold 2/4, epoch 13, time cost 37.61764216423035s ,with acc 0.6733870967741935
2021-09-06 23:51:59,143 - train_specific.py[line:159] - INFO: Saving weight to weight\20210906_215527\MelSpectrogram_VAD\fold2_4-epoch13-loss0.010273642669784274-acc0.6733870967741935.pth
2021-09-06 23:53:27,349 - train_specific.py[line:92] - INFO: Finish training feature AudioFeatures.MELSPECS_VAD, for fold 2/4, epoch 14, time cost 88.20626068115234s ,with loss 0.011829450580673596
2021-09-06 23:54:04,949 - train_specific.py[line:144] - INFO: Finish testing feature AudioFeatures.MELSPECS_VAD, for fold 2/4, epoch 14, time cost 37.59991526603699s ,with acc 0.6693548387096774
2021-09-06 23:54:04,957 - train_specific.py[line:159] - INFO: Saving weight to weight\20210906_215527\MelSpectrogram_VAD\fold2_4-epoch14-loss0.011829450580673596-acc0.6693548387096774.pth
2021-09-06 23:55:33,376 - train_specific.py[line:92] - INFO: Finish training feature AudioFeatures.MELSPECS_VAD, for fold 2/4, epoch 15, time cost 88.41821146011353s ,with loss 0.009546019566978035
2021-09-06 23:56:11,481 - train_specific.py[line:144] - INFO: Finish testing feature AudioFeatures.MELSPECS_VAD, for fold 2/4, epoch 15, time cost 38.10537505149841s ,with acc 0.6723790322580645
2021-09-06 23:56:11,529 - train_specific.py[line:159] - INFO: Saving weight to weight\20210906_215527\MelSpectrogram_VAD\fold2_4-epoch15-loss0.009546019566978035-acc0.6723790322580645.pth
2021-09-06 23:57:40,142 - train_specific.py[line:92] - INFO: Finish training feature AudioFeatures.MELSPECS_VAD, for fold 2/4, epoch 16, time cost 88.61311960220337s ,with loss 0.0061987647585856785
2021-09-06 23:58:18,318 - train_specific.py[line:144] - INFO: Finish testing feature AudioFeatures.MELSPECS_VAD, for fold 2/4, epoch 16, time cost 38.17627000808716s ,with acc 0.6693548387096774
2021-09-06 23:58:18,366 - train_specific.py[line:159] - INFO: Saving weight to weight\20210906_215527\MelSpectrogram_VAD\fold2_4-epoch16-loss0.0061987647585856785-acc0.6693548387096774.pth
2021-09-06 23:59:48,541 - train_specific.py[line:92] - INFO: Finish training feature AudioFeatures.MELSPECS_VAD, for fold 2/4, epoch 17, time cost 90.17387795448303s ,with loss 0.016430959921189755
2021-09-07 00:00:27,232 - train_specific.py[line:144] - INFO: Finish testing feature AudioFeatures.MELSPECS_VAD, for fold 2/4, epoch 17, time cost 38.6441376209259s ,with acc 0.688508064516129
2021-09-07 00:00:27,280 - train_specific.py[line:159] - INFO: Saving weight to weight\20210906_215527\MelSpectrogram_VAD\fold2_4-epoch17-loss0.016430959921189755-acc0.688508064516129.pth
2021-09-07 00:01:56,979 - train_specific.py[line:92] - INFO: Finish training feature AudioFeatures.MELSPECS_VAD, for fold 2/4, epoch 18, time cost 89.69871592521667s ,with loss 0.006967785358542839
2021-09-07 00:02:35,451 - train_specific.py[line:144] - INFO: Finish testing feature AudioFeatures.MELSPECS_VAD, for fold 2/4, epoch 18, time cost 38.470648765563965s ,with acc 0.6824596774193549
2021-09-07 00:02:35,458 - train_specific.py[line:159] - INFO: Saving weight to weight\20210906_215527\MelSpectrogram_VAD\fold2_4-epoch18-loss0.006967785358542839-acc0.6824596774193549.pth
2021-09-07 00:04:05,316 - train_specific.py[line:92] - INFO: Finish training feature AudioFeatures.MELSPECS_VAD, for fold 2/4, epoch 19, time cost 89.85768294334412s ,with loss 0.00848329392149184
2021-09-07 00:04:43,872 - train_specific.py[line:144] - INFO: Finish testing feature AudioFeatures.MELSPECS_VAD, for fold 2/4, epoch 19, time cost 38.556562662124634s ,with acc 0.6512096774193549
2021-09-07 00:04:43,919 - train_specific.py[line:159] - INFO: Saving weight to weight\20210906_215527\MelSpectrogram_VAD\fold2_4-epoch19-loss0.00848329392149184-acc0.6512096774193549.pth
2021-09-07 00:06:13,731 - train_specific.py[line:92] - INFO: Finish training feature AudioFeatures.MELSPECS_VAD, for fold 2/4, epoch 20, time cost 89.81239342689514s ,with loss 0.006678543889669843
2021-09-07 00:06:52,331 - train_specific.py[line:144] - INFO: Finish testing feature AudioFeatures.MELSPECS_VAD, for fold 2/4, epoch 20, time cost 38.59872341156006s ,with acc 0.6774193548387096
2021-09-07 00:06:52,378 - train_specific.py[line:159] - INFO: Saving weight to weight\20210906_215527\MelSpectrogram_VAD\fold2_4-epoch20-loss0.006678543889669843-acc0.6774193548387096.pth
2021-09-07 00:08:34,640 - train_specific.py[line:92] - INFO: Finish training feature AudioFeatures.MELSPECS_VAD, for fold 3/4, epoch 1, time cost 102.25335001945496s ,with loss 0.8313466459512711
2021-09-07 00:09:00,780 - train_specific.py[line:144] - INFO: Finish testing feature AudioFeatures.MELSPECS_VAD, for fold 3/4, epoch 1, time cost 26.139171600341797s ,with acc 0.6510416666666666
2021-09-07 00:09:00,788 - train_specific.py[line:159] - INFO: Saving weight to weight\20210906_215527\MelSpectrogram_VAD\fold3_4-epoch1-loss0.8313466459512711-acc0.6510416666666666.pth
2021-09-07 00:10:42,886 - train_specific.py[line:92] - INFO: Finish training feature AudioFeatures.MELSPECS_VAD, for fold 3/4, epoch 2, time cost 102.097815990448s ,with loss 0.4408960509845006
2021-09-07 00:11:09,008 - train_specific.py[line:144] - INFO: Finish testing feature AudioFeatures.MELSPECS_VAD, for fold 3/4, epoch 2, time cost 26.12295150756836s ,with acc 0.640625
2021-09-07 00:11:09,016 - train_specific.py[line:159] - INFO: Saving weight to weight\20210906_215527\MelSpectrogram_VAD\fold3_4-epoch2-loss0.4408960509845006-acc0.640625.pth
2021-09-07 00:12:51,416 - train_specific.py[line:92] - INFO: Finish training feature AudioFeatures.MELSPECS_VAD, for fold 3/4, epoch 3, time cost 102.39931344985962s ,with loss 0.2720048464634406
2021-09-07 00:13:17,411 - train_specific.py[line:144] - INFO: Finish testing feature AudioFeatures.MELSPECS_VAD, for fold 3/4, epoch 3, time cost 25.995681762695312s ,with acc 0.6375
2021-09-07 00:13:17,419 - train_specific.py[line:159] - INFO: Saving weight to weight\20210906_215527\MelSpectrogram_VAD\fold3_4-epoch3-loss0.2720048464634406-acc0.6375.pth
2021-09-07 00:14:59,507 - train_specific.py[line:92] - INFO: Finish training feature AudioFeatures.MELSPECS_VAD, for fold 3/4, epoch 4, time cost 102.08715391159058s ,with loss 0.16373510149017137
2021-09-07 00:15:25,654 - train_specific.py[line:144] - INFO: Finish testing feature AudioFeatures.MELSPECS_VAD, for fold 3/4, epoch 4, time cost 26.146546363830566s ,with acc 0.696875
2021-09-07 00:15:25,702 - train_specific.py[line:159] - INFO: Saving weight to weight\20210906_215527\MelSpectrogram_VAD\fold3_4-epoch4-loss0.16373510149017137-acc0.696875.pth
2021-09-07 00:17:08,200 - train_specific.py[line:92] - INFO: Finish training feature AudioFeatures.MELSPECS_VAD, for fold 3/4, epoch 5, time cost 102.49603796005249s ,with loss 0.11040407510334126
2021-09-07 00:17:34,136 - train_specific.py[line:144] - INFO: Finish testing feature AudioFeatures.MELSPECS_VAD, for fold 3/4, epoch 5, time cost 25.93626046180725s ,with acc 0.6489583333333333
2021-09-07 00:17:34,143 - train_specific.py[line:159] - INFO: Saving weight to weight\20210906_215527\MelSpectrogram_VAD\fold3_4-epoch5-loss0.11040407510334126-acc0.6489583333333333.pth
2021-09-07 00:19:16,540 - train_specific.py[line:92] - INFO: Finish training feature AudioFeatures.MELSPECS_VAD, for fold 3/4, epoch 6, time cost 102.39709544181824s ,with loss 0.07412820018737787
2021-09-07 00:19:42,569 - train_specific.py[line:144] - INFO: Finish testing feature AudioFeatures.MELSPECS_VAD, for fold 3/4, epoch 6, time cost 26.028984546661377s ,with acc 0.71875
2021-09-07 00:19:42,576 - train_specific.py[line:159] - INFO: Saving weight to weight\20210906_215527\MelSpectrogram_VAD\fold3_4-epoch6-loss0.07412820018737787-acc0.71875.pth
2021-09-07 00:21:24,826 - train_specific.py[line:92] - INFO: Finish training feature AudioFeatures.MELSPECS_VAD, for fold 3/4, epoch 7, time cost 102.24970412254333s ,with loss 0.05606756381370047
2021-09-07 00:21:50,894 - train_specific.py[line:144] - INFO: Finish testing feature AudioFeatures.MELSPECS_VAD, for fold 3/4, epoch 7, time cost 26.06854748725891s ,with acc 0.646875
2021-09-07 00:21:50,902 - train_specific.py[line:159] - INFO: Saving weight to weight\20210906_215527\MelSpectrogram_VAD\fold3_4-epoch7-loss0.05606756381370047-acc0.646875.pth
2021-09-07 00:23:33,204 - train_specific.py[line:92] - INFO: Finish training feature AudioFeatures.MELSPECS_VAD, for fold 3/4, epoch 8, time cost 102.30146503448486s ,with loss 0.03613708873394556
2021-09-07 00:23:59,165 - train_specific.py[line:144] - INFO: Finish testing feature AudioFeatures.MELSPECS_VAD, for fold 3/4, epoch 8, time cost 25.960224390029907s ,with acc 0.69375
2021-09-07 00:23:59,212 - train_specific.py[line:159] - INFO: Saving weight to weight\20210906_215527\MelSpectrogram_VAD\fold3_4-epoch8-loss0.03613708873394556-acc0.69375.pth
2021-09-07 00:25:41,426 - train_specific.py[line:92] - INFO: Finish training feature AudioFeatures.MELSPECS_VAD, for fold 3/4, epoch 9, time cost 102.2136902809143s ,with loss 0.02427161010016652
2021-09-07 00:26:07,416 - train_specific.py[line:144] - INFO: Finish testing feature AudioFeatures.MELSPECS_VAD, for fold 3/4, epoch 9, time cost 25.99044179916382s ,with acc 0.6875
2021-09-07 00:26:07,423 - train_specific.py[line:159] - INFO: Saving weight to weight\20210906_215527\MelSpectrogram_VAD\fold3_4-epoch9-loss0.02427161010016652-acc0.6875.pth
2021-09-07 00:27:49,712 - train_specific.py[line:92] - INFO: Finish training feature AudioFeatures.MELSPECS_VAD, for fold 3/4, epoch 10, time cost 102.2882936000824s ,with loss 0.024976254378724593
2021-09-07 00:28:15,736 - train_specific.py[line:144] - INFO: Finish testing feature AudioFeatures.MELSPECS_VAD, for fold 3/4, epoch 10, time cost 26.02348566055298s ,with acc 0.6552083333333333
2021-09-07 00:28:15,783 - train_specific.py[line:159] - INFO: Saving weight to weight\20210906_215527\MelSpectrogram_VAD\fold3_4-epoch10-loss0.024976254378724593-acc0.6552083333333333.pth
2021-09-07 00:29:58,328 - train_specific.py[line:92] - INFO: Finish training feature AudioFeatures.MELSPECS_VAD, for fold 3/4, epoch 11, time cost 102.5450029373169s ,with loss 0.025731818609675692
2021-09-07 00:30:24,428 - train_specific.py[line:144] - INFO: Finish testing feature AudioFeatures.MELSPECS_VAD, for fold 3/4, epoch 11, time cost 26.099708795547485s ,with acc 0.7072916666666667
2021-09-07 00:30:24,436 - train_specific.py[line:159] - INFO: Saving weight to weight\20210906_215527\MelSpectrogram_VAD\fold3_4-epoch11-loss0.025731818609675692-acc0.7072916666666667.pth
2021-09-07 00:32:06,906 - train_specific.py[line:92] - INFO: Finish training feature AudioFeatures.MELSPECS_VAD, for fold 3/4, epoch 12, time cost 102.46963858604431s ,with loss 0.02116651269600987
2021-09-07 00:32:32,945 - train_specific.py[line:144] - INFO: Finish testing feature AudioFeatures.MELSPECS_VAD, for fold 3/4, epoch 12, time cost 26.03974151611328s ,with acc 0.690625
2021-09-07 00:32:32,991 - train_specific.py[line:159] - INFO: Saving weight to weight\20210906_215527\MelSpectrogram_VAD\fold3_4-epoch12-loss0.02116651269600987-acc0.690625.pth
2021-09-07 00:34:17,668 - train_specific.py[line:92] - INFO: Finish training feature AudioFeatures.MELSPECS_VAD, for fold 3/4, epoch 13, time cost 104.6751115322113s ,with loss 0.01276997024408086
2021-09-07 00:34:44,428 - train_specific.py[line:144] - INFO: Finish testing feature AudioFeatures.MELSPECS_VAD, for fold 3/4, epoch 13, time cost 26.758654832839966s ,with acc 0.6645833333333333
2021-09-07 00:34:44,434 - train_specific.py[line:159] - INFO: Saving weight to weight\20210906_215527\MelSpectrogram_VAD\fold3_4-epoch13-loss0.01276997024408086-acc0.6645833333333333.pth
2021-09-07 00:36:29,771 - train_specific.py[line:92] - INFO: Finish training feature AudioFeatures.MELSPECS_VAD, for fold 3/4, epoch 14, time cost 105.33697080612183s ,with loss 0.019991377413946312
2021-09-07 00:36:56,023 - train_specific.py[line:144] - INFO: Finish testing feature AudioFeatures.MELSPECS_VAD, for fold 3/4, epoch 14, time cost 26.251542806625366s ,with acc 0.6354166666666666
2021-09-07 00:36:56,032 - train_specific.py[line:159] - INFO: Saving weight to weight\20210906_215527\MelSpectrogram_VAD\fold3_4-epoch14-loss0.019991377413946312-acc0.6354166666666666.pth
2021-09-07 00:38:39,316 - train_specific.py[line:92] - INFO: Finish training feature AudioFeatures.MELSPECS_VAD, for fold 3/4, epoch 15, time cost 103.28465485572815s ,with loss 0.014644972349439437
2021-09-07 00:39:05,591 - train_specific.py[line:144] - INFO: Finish testing feature AudioFeatures.MELSPECS_VAD, for fold 3/4, epoch 15, time cost 26.273660898208618s ,with acc 0.6479166666666667
2021-09-07 00:39:05,599 - train_specific.py[line:159] - INFO: Saving weight to weight\20210906_215527\MelSpectrogram_VAD\fold3_4-epoch15-loss0.014644972349439437-acc0.6479166666666667.pth
2021-09-07 00:40:48,908 - train_specific.py[line:92] - INFO: Finish training feature AudioFeatures.MELSPECS_VAD, for fold 3/4, epoch 16, time cost 103.30909395217896s ,with loss 0.009818425068407388
2021-09-07 00:41:15,110 - train_specific.py[line:144] - INFO: Finish testing feature AudioFeatures.MELSPECS_VAD, for fold 3/4, epoch 16, time cost 26.201805114746094s ,with acc 0.7
2021-09-07 00:41:15,157 - train_specific.py[line:159] - INFO: Saving weight to weight\20210906_215527\MelSpectrogram_VAD\fold3_4-epoch16-loss0.009818425068407388-acc0.7.pth
2021-09-07 00:42:57,984 - train_specific.py[line:92] - INFO: Finish training feature AudioFeatures.MELSPECS_VAD, for fold 3/4, epoch 17, time cost 102.82596516609192s ,with loss 0.01690184008569509
2021-09-07 00:43:24,145 - train_specific.py[line:144] - INFO: Finish testing feature AudioFeatures.MELSPECS_VAD, for fold 3/4, epoch 17, time cost 26.161091089248657s ,with acc 0.6666666666666666
2021-09-07 00:43:24,152 - train_specific.py[line:159] - INFO: Saving weight to weight\20210906_215527\MelSpectrogram_VAD\fold3_4-epoch17-loss0.01690184008569509-acc0.6666666666666666.pth
2021-09-07 00:45:07,035 - train_specific.py[line:92] - INFO: Finish training feature AudioFeatures.MELSPECS_VAD, for fold 3/4, epoch 18, time cost 102.88369846343994s ,with loss 0.009413427104347295
2021-09-07 00:45:33,215 - train_specific.py[line:144] - INFO: Finish testing feature AudioFeatures.MELSPECS_VAD, for fold 3/4, epoch 18, time cost 26.179428577423096s ,with acc 0.6760416666666667
2021-09-07 00:45:33,222 - train_specific.py[line:159] - INFO: Saving weight to weight\20210906_215527\MelSpectrogram_VAD\fold3_4-epoch18-loss0.009413427104347295-acc0.6760416666666667.pth
2021-09-07 00:47:16,106 - train_specific.py[line:92] - INFO: Finish training feature AudioFeatures.MELSPECS_VAD, for fold 3/4, epoch 19, time cost 102.88412833213806s ,with loss 0.010805127325374508
2021-09-07 00:47:42,262 - train_specific.py[line:144] - INFO: Finish testing feature AudioFeatures.MELSPECS_VAD, for fold 3/4, epoch 19, time cost 26.15626573562622s ,with acc 0.6520833333333333
2021-09-07 00:47:42,269 - train_specific.py[line:159] - INFO: Saving weight to weight\20210906_215527\MelSpectrogram_VAD\fold3_4-epoch19-loss0.010805127325374508-acc0.6520833333333333.pth
2021-09-07 00:49:25,058 - train_specific.py[line:92] - INFO: Finish training feature AudioFeatures.MELSPECS_VAD, for fold 3/4, epoch 20, time cost 102.78886413574219s ,with loss 0.011851182989591497
2021-09-07 00:49:51,211 - train_specific.py[line:144] - INFO: Finish testing feature AudioFeatures.MELSPECS_VAD, for fold 3/4, epoch 20, time cost 26.153563261032104s ,with acc 0.73125
2021-09-07 00:49:51,258 - train_specific.py[line:159] - INFO: Saving weight to weight\20210906_215527\MelSpectrogram_VAD\fold3_4-epoch20-loss0.011851182989591497-acc0.73125.pth
