2021-09-05 15:10:07,401 - train_specific.py[line:174] - INFO: Training with model <class 'model.models.joint_training_model.SpecificTrainLongLSTMModel'>.
2021-09-05 15:12:34,257 - train_specific.py[line:92] - INFO: Finish training feature AudioFeatures.MELSPECS, for fold 0/4, epoch 1, time cost 145.03892135620117s ,with loss 1.068755321852539
2021-09-05 15:13:19,007 - train_specific.py[line:144] - INFO: Finish testing feature AudioFeatures.MELSPECS, for fold 0/4, epoch 1, time cost 44.749791622161865s ,with acc 0.41935483870967744
2021-09-05 15:13:19,043 - train_specific.py[line:159] - INFO: Saving weight to weight\20210905_151007\MelSpectrogram\fold0_4-epoch1-loss1.068755321852539-acc0.41935483870967744.pth
2021-09-05 15:15:44,053 - train_specific.py[line:92] - INFO: Finish training feature AudioFeatures.MELSPECS, for fold 0/4, epoch 2, time cost 145.0098798274994s ,with loss 1.0554712754876718
2021-09-05 15:16:29,000 - train_specific.py[line:144] - INFO: Finish testing feature AudioFeatures.MELSPECS, for fold 0/4, epoch 2, time cost 44.94689059257507s ,with acc 0.41935483870967744
2021-09-05 15:16:29,047 - train_specific.py[line:159] - INFO: Saving weight to weight\20210905_151007\MelSpectrogram\fold0_4-epoch2-loss1.0554712754876718-acc0.41935483870967744.pth
2021-09-05 15:18:55,254 - train_specific.py[line:92] - INFO: Finish training feature AudioFeatures.MELSPECS, for fold 0/4, epoch 3, time cost 146.2066035270691s ,with loss 1.0518691047378208
2021-09-05 15:19:39,586 - train_specific.py[line:144] - INFO: Finish testing feature AudioFeatures.MELSPECS, for fold 0/4, epoch 3, time cost 44.33196568489075s ,with acc 0.41935483870967744
2021-09-05 15:19:39,605 - train_specific.py[line:159] - INFO: Saving weight to weight\20210905_151007\MelSpectrogram\fold0_4-epoch3-loss1.0518691047378208-acc0.41935483870967744.pth
2021-09-05 15:22:03,382 - train_specific.py[line:92] - INFO: Finish training feature AudioFeatures.MELSPECS, for fold 0/4, epoch 4, time cost 143.7765793800354s ,with loss 1.0412729981800783
2021-09-05 15:22:47,711 - train_specific.py[line:144] - INFO: Finish testing feature AudioFeatures.MELSPECS, for fold 0/4, epoch 4, time cost 44.32871675491333s ,with acc 0.41935483870967744
2021-09-05 15:22:47,725 - train_specific.py[line:159] - INFO: Saving weight to weight\20210905_151007\MelSpectrogram\fold0_4-epoch4-loss1.0412729981800783-acc0.41935483870967744.pth
2021-09-05 15:25:08,577 - train_specific.py[line:92] - INFO: Finish training feature AudioFeatures.MELSPECS, for fold 0/4, epoch 5, time cost 140.85154151916504s ,with loss 1.0069816715043525
2021-09-05 15:25:52,572 - train_specific.py[line:144] - INFO: Finish testing feature AudioFeatures.MELSPECS, for fold 0/4, epoch 5, time cost 43.995368003845215s ,with acc 0.4627016129032258
2021-09-05 15:25:52,620 - train_specific.py[line:159] - INFO: Saving weight to weight\20210905_151007\MelSpectrogram\fold0_4-epoch5-loss1.0069816715043525-acc0.4627016129032258.pth
2021-09-05 15:28:13,529 - train_specific.py[line:92] - INFO: Finish training feature AudioFeatures.MELSPECS, for fold 0/4, epoch 6, time cost 140.9091601371765s ,with loss 0.924899567404519
2021-09-05 15:28:57,403 - train_specific.py[line:144] - INFO: Finish testing feature AudioFeatures.MELSPECS, for fold 0/4, epoch 6, time cost 43.87428331375122s ,with acc 0.6078629032258065
2021-09-05 15:28:57,410 - train_specific.py[line:159] - INFO: Saving weight to weight\20210905_151007\MelSpectrogram\fold0_4-epoch6-loss0.924899567404519-acc0.6078629032258065.pth
2021-09-05 15:31:19,144 - train_specific.py[line:92] - INFO: Finish training feature AudioFeatures.MELSPECS, for fold 0/4, epoch 7, time cost 141.73231434822083s ,with loss 0.8033917240150596
2021-09-05 15:32:03,325 - train_specific.py[line:144] - INFO: Finish testing feature AudioFeatures.MELSPECS, for fold 0/4, epoch 7, time cost 44.18074011802673s ,with acc 0.6139112903225806
2021-09-05 15:32:03,343 - train_specific.py[line:159] - INFO: Saving weight to weight\20210905_151007\MelSpectrogram\fold0_4-epoch7-loss0.8033917240150596-acc0.6139112903225806.pth
2021-09-05 15:34:25,296 - train_specific.py[line:92] - INFO: Finish training feature AudioFeatures.MELSPECS, for fold 0/4, epoch 8, time cost 141.95246601104736s ,with loss 0.6285628694231096
2021-09-05 15:35:09,630 - train_specific.py[line:144] - INFO: Finish testing feature AudioFeatures.MELSPECS, for fold 0/4, epoch 8, time cost 44.33406186103821s ,with acc 0.5887096774193549
2021-09-05 15:35:09,650 - train_specific.py[line:159] - INFO: Saving weight to weight\20210905_151007\MelSpectrogram\fold0_4-epoch8-loss0.6285628694231096-acc0.5887096774193549.pth
2021-09-05 15:37:32,216 - train_specific.py[line:92] - INFO: Finish training feature AudioFeatures.MELSPECS, for fold 0/4, epoch 9, time cost 142.56583046913147s ,with loss 0.4928269981528106
2021-09-05 15:38:16,470 - train_specific.py[line:144] - INFO: Finish testing feature AudioFeatures.MELSPECS, for fold 0/4, epoch 9, time cost 44.25410008430481s ,with acc 0.6602822580645161
2021-09-05 15:38:16,476 - train_specific.py[line:159] - INFO: Saving weight to weight\20210905_151007\MelSpectrogram\fold0_4-epoch9-loss0.4928269981528106-acc0.6602822580645161.pth
2021-09-05 15:40:40,504 - train_specific.py[line:92] - INFO: Finish training feature AudioFeatures.MELSPECS, for fold 0/4, epoch 10, time cost 144.02662301063538s ,with loss 0.3719958921327539
2021-09-05 15:41:24,836 - train_specific.py[line:144] - INFO: Finish testing feature AudioFeatures.MELSPECS, for fold 0/4, epoch 10, time cost 44.33226490020752s ,with acc 0.6088709677419355
2021-09-05 15:41:24,856 - train_specific.py[line:159] - INFO: Saving weight to weight\20210905_151007\MelSpectrogram\fold0_4-epoch10-loss0.3719958921327539-acc0.6088709677419355.pth
2021-09-05 15:43:46,965 - train_specific.py[line:92] - INFO: Finish training feature AudioFeatures.MELSPECS, for fold 0/4, epoch 11, time cost 142.10951614379883s ,with loss 0.26717480154627044
2021-09-05 15:44:31,184 - train_specific.py[line:144] - INFO: Finish testing feature AudioFeatures.MELSPECS, for fold 0/4, epoch 11, time cost 44.21848201751709s ,with acc 0.6935483870967742
2021-09-05 15:44:31,190 - train_specific.py[line:159] - INFO: Saving weight to weight\20210905_151007\MelSpectrogram\fold0_4-epoch11-loss0.26717480154627044-acc0.6935483870967742.pth
2021-09-05 15:46:53,343 - train_specific.py[line:92] - INFO: Finish training feature AudioFeatures.MELSPECS, for fold 0/4, epoch 12, time cost 142.15317511558533s ,with loss 0.19054955744144061
2021-09-05 15:47:37,814 - train_specific.py[line:144] - INFO: Finish testing feature AudioFeatures.MELSPECS, for fold 0/4, epoch 12, time cost 44.471208810806274s ,with acc 0.6330645161290323
2021-09-05 15:47:37,820 - train_specific.py[line:159] - INFO: Saving weight to weight\20210905_151007\MelSpectrogram\fold0_4-epoch12-loss0.19054955744144061-acc0.6330645161290323.pth
2021-09-05 15:50:00,535 - train_specific.py[line:92] - INFO: Finish training feature AudioFeatures.MELSPECS, for fold 0/4, epoch 13, time cost 142.71420097351074s ,with loss 0.13678117589417682
2021-09-05 15:50:45,090 - train_specific.py[line:144] - INFO: Finish testing feature AudioFeatures.MELSPECS, for fold 0/4, epoch 13, time cost 44.55490064620972s ,with acc 0.7016129032258065
2021-09-05 15:50:45,095 - train_specific.py[line:159] - INFO: Saving weight to weight\20210905_151007\MelSpectrogram\fold0_4-epoch13-loss0.13678117589417682-acc0.7016129032258065.pth
2021-09-05 15:53:07,698 - train_specific.py[line:92] - INFO: Finish training feature AudioFeatures.MELSPECS, for fold 0/4, epoch 14, time cost 142.60218358039856s ,with loss 0.11516540292043077
2021-09-05 15:53:52,092 - train_specific.py[line:144] - INFO: Finish testing feature AudioFeatures.MELSPECS, for fold 0/4, epoch 14, time cost 44.39380431175232s ,with acc 0.7348790322580645
2021-09-05 15:53:52,099 - train_specific.py[line:159] - INFO: Saving weight to weight\20210905_151007\MelSpectrogram\fold0_4-epoch14-loss0.11516540292043077-acc0.7348790322580645.pth
2021-09-05 15:56:15,745 - train_specific.py[line:92] - INFO: Finish training feature AudioFeatures.MELSPECS, for fold 0/4, epoch 15, time cost 143.64534759521484s ,with loss 0.1069395529490936
2021-09-05 15:57:00,021 - train_specific.py[line:144] - INFO: Finish testing feature AudioFeatures.MELSPECS, for fold 0/4, epoch 15, time cost 44.2766432762146s ,with acc 0.6844758064516129
2021-09-05 15:57:00,039 - train_specific.py[line:159] - INFO: Saving weight to weight\20210905_151007\MelSpectrogram\fold0_4-epoch15-loss0.1069395529490936-acc0.6844758064516129.pth
2021-09-05 15:59:22,247 - train_specific.py[line:92] - INFO: Finish training feature AudioFeatures.MELSPECS, for fold 0/4, epoch 16, time cost 142.20751523971558s ,with loss 0.08424782974939064
2021-09-05 16:00:06,792 - train_specific.py[line:144] - INFO: Finish testing feature AudioFeatures.MELSPECS, for fold 0/4, epoch 16, time cost 44.54498600959778s ,with acc 0.626008064516129
2021-09-05 16:00:06,798 - train_specific.py[line:159] - INFO: Saving weight to weight\20210905_151007\MelSpectrogram\fold0_4-epoch16-loss0.08424782974939064-acc0.626008064516129.pth
2021-09-05 16:02:29,215 - train_specific.py[line:92] - INFO: Finish training feature AudioFeatures.MELSPECS, for fold 0/4, epoch 17, time cost 142.4157247543335s ,with loss 0.0465406826216444
2021-09-05 16:03:13,465 - train_specific.py[line:144] - INFO: Finish testing feature AudioFeatures.MELSPECS, for fold 0/4, epoch 17, time cost 44.250776529312134s ,with acc 0.6370967741935484
2021-09-05 16:03:13,472 - train_specific.py[line:159] - INFO: Saving weight to weight\20210905_151007\MelSpectrogram\fold0_4-epoch17-loss0.0465406826216444-acc0.6370967741935484.pth
2021-09-05 16:05:35,800 - train_specific.py[line:92] - INFO: Finish training feature AudioFeatures.MELSPECS, for fold 0/4, epoch 18, time cost 142.32797646522522s ,with loss 0.05171838256343187
2021-09-05 16:06:20,199 - train_specific.py[line:144] - INFO: Finish testing feature AudioFeatures.MELSPECS, for fold 0/4, epoch 18, time cost 44.39832639694214s ,with acc 0.7147177419354839
2021-09-05 16:06:20,215 - train_specific.py[line:159] - INFO: Saving weight to weight\20210905_151007\MelSpectrogram\fold0_4-epoch18-loss0.05171838256343187-acc0.7147177419354839.pth
2021-09-05 16:08:42,617 - train_specific.py[line:92] - INFO: Finish training feature AudioFeatures.MELSPECS, for fold 0/4, epoch 19, time cost 142.40125799179077s ,with loss 0.038489102871212905
2021-09-05 16:09:27,100 - train_specific.py[line:144] - INFO: Finish testing feature AudioFeatures.MELSPECS, for fold 0/4, epoch 19, time cost 44.48236131668091s ,with acc 0.7268145161290323
2021-09-05 16:09:27,117 - train_specific.py[line:159] - INFO: Saving weight to weight\20210905_151007\MelSpectrogram\fold0_4-epoch19-loss0.038489102871212905-acc0.7268145161290323.pth
2021-09-05 16:11:49,771 - train_specific.py[line:92] - INFO: Finish training feature AudioFeatures.MELSPECS, for fold 0/4, epoch 20, time cost 142.65376162528992s ,with loss 0.03878752106380568
2021-09-05 16:12:34,016 - train_specific.py[line:144] - INFO: Finish testing feature AudioFeatures.MELSPECS, for fold 0/4, epoch 20, time cost 44.243815422058105s ,with acc 0.6854838709677419
2021-09-05 16:12:34,022 - train_specific.py[line:159] - INFO: Saving weight to weight\20210905_151007\MelSpectrogram\fold0_4-epoch20-loss0.03878752106380568-acc0.6854838709677419.pth
2021-09-05 16:14:56,910 - train_specific.py[line:92] - INFO: Finish training feature AudioFeatures.MELSPECS, for fold 1/4, epoch 1, time cost 142.86757636070251s ,with loss 1.0821194645503294
2021-09-05 16:15:41,307 - train_specific.py[line:144] - INFO: Finish testing feature AudioFeatures.MELSPECS, for fold 1/4, epoch 1, time cost 44.39748740196228s ,with acc 0.41935483870967744
2021-09-05 16:15:41,313 - train_specific.py[line:159] - INFO: Saving weight to weight\20210905_151007\MelSpectrogram\fold1_4-epoch1-loss1.0821194645503294-acc0.41935483870967744.pth
2021-09-05 16:18:04,222 - train_specific.py[line:92] - INFO: Finish training feature AudioFeatures.MELSPECS, for fold 1/4, epoch 2, time cost 142.90911293029785s ,with loss 1.0527135282754898
2021-09-05 16:18:47,979 - train_specific.py[line:144] - INFO: Finish testing feature AudioFeatures.MELSPECS, for fold 1/4, epoch 2, time cost 43.756882667541504s ,with acc 0.41935483870967744
2021-09-05 16:18:47,985 - train_specific.py[line:159] - INFO: Saving weight to weight\20210905_151007\MelSpectrogram\fold1_4-epoch2-loss1.0527135282754898-acc0.41935483870967744.pth
2021-09-05 16:21:11,375 - train_specific.py[line:92] - INFO: Finish training feature AudioFeatures.MELSPECS, for fold 1/4, epoch 3, time cost 143.3888394832611s ,with loss 1.0227591366223667
2021-09-05 16:21:55,275 - train_specific.py[line:144] - INFO: Finish testing feature AudioFeatures.MELSPECS, for fold 1/4, epoch 3, time cost 43.89968705177307s ,with acc 0.4838709677419355
2021-09-05 16:21:55,294 - train_specific.py[line:159] - INFO: Saving weight to weight\20210905_151007\MelSpectrogram\fold1_4-epoch3-loss1.0227591366223667-acc0.4838709677419355.pth
2021-09-05 16:24:18,301 - train_specific.py[line:92] - INFO: Finish training feature AudioFeatures.MELSPECS, for fold 1/4, epoch 4, time cost 143.0068655014038s ,with loss 0.9474374412194543
2021-09-05 16:25:01,975 - train_specific.py[line:144] - INFO: Finish testing feature AudioFeatures.MELSPECS, for fold 1/4, epoch 4, time cost 43.67321705818176s ,with acc 0.5211693548387096
2021-09-05 16:25:01,982 - train_specific.py[line:159] - INFO: Saving weight to weight\20210905_151007\MelSpectrogram\fold1_4-epoch4-loss0.9474374412194543-acc0.5211693548387096.pth
2021-09-05 16:27:24,659 - train_specific.py[line:92] - INFO: Finish training feature AudioFeatures.MELSPECS, for fold 1/4, epoch 5, time cost 142.67701268196106s ,with loss 0.8883023048224656
2021-09-05 16:28:08,407 - train_specific.py[line:144] - INFO: Finish testing feature AudioFeatures.MELSPECS, for fold 1/4, epoch 5, time cost 43.74786925315857s ,with acc 0.4889112903225806
2021-09-05 16:28:08,425 - train_specific.py[line:159] - INFO: Saving weight to weight\20210905_151007\MelSpectrogram\fold1_4-epoch5-loss0.8883023048224656-acc0.4889112903225806.pth
2021-09-05 16:30:30,864 - train_specific.py[line:92] - INFO: Finish training feature AudioFeatures.MELSPECS, for fold 1/4, epoch 6, time cost 142.43914985656738s ,with loss 0.8120340358303941
2021-09-05 16:31:14,456 - train_specific.py[line:144] - INFO: Finish testing feature AudioFeatures.MELSPECS, for fold 1/4, epoch 6, time cost 43.592278718948364s ,with acc 0.5534274193548387
2021-09-05 16:31:14,463 - train_specific.py[line:159] - INFO: Saving weight to weight\20210905_151007\MelSpectrogram\fold1_4-epoch6-loss0.8120340358303941-acc0.5534274193548387.pth
2021-09-05 16:33:37,321 - train_specific.py[line:92] - INFO: Finish training feature AudioFeatures.MELSPECS, for fold 1/4, epoch 7, time cost 142.85855650901794s ,with loss 0.6697742845053258
2021-09-05 16:34:20,996 - train_specific.py[line:144] - INFO: Finish testing feature AudioFeatures.MELSPECS, for fold 1/4, epoch 7, time cost 43.67456936836243s ,with acc 0.5433467741935484
2021-09-05 16:34:21,016 - train_specific.py[line:159] - INFO: Saving weight to weight\20210905_151007\MelSpectrogram\fold1_4-epoch7-loss0.6697742845053258-acc0.5433467741935484.pth
2021-09-05 16:36:43,930 - train_specific.py[line:92] - INFO: Finish training feature AudioFeatures.MELSPECS, for fold 1/4, epoch 8, time cost 142.91335034370422s ,with loss 0.5601888844824355
2021-09-05 16:37:27,813 - train_specific.py[line:144] - INFO: Finish testing feature AudioFeatures.MELSPECS, for fold 1/4, epoch 8, time cost 43.882867097854614s ,with acc 0.4344758064516129
2021-09-05 16:37:27,819 - train_specific.py[line:159] - INFO: Saving weight to weight\20210905_151007\MelSpectrogram\fold1_4-epoch8-loss0.5601888844824355-acc0.4344758064516129.pth
2021-09-05 16:39:50,896 - train_specific.py[line:92] - INFO: Finish training feature AudioFeatures.MELSPECS, for fold 1/4, epoch 9, time cost 143.076495885849s ,with loss 0.45563845417421794
2021-09-05 16:40:35,080 - train_specific.py[line:144] - INFO: Finish testing feature AudioFeatures.MELSPECS, for fold 1/4, epoch 9, time cost 44.18328785896301s ,with acc 0.5473790322580645
2021-09-05 16:40:35,086 - train_specific.py[line:159] - INFO: Saving weight to weight\20210905_151007\MelSpectrogram\fold1_4-epoch9-loss0.45563845417421794-acc0.5473790322580645.pth
2021-09-05 16:42:58,373 - train_specific.py[line:92] - INFO: Finish training feature AudioFeatures.MELSPECS, for fold 1/4, epoch 10, time cost 143.28659391403198s ,with loss 0.3555771729544453
2021-09-05 16:43:42,115 - train_specific.py[line:144] - INFO: Finish testing feature AudioFeatures.MELSPECS, for fold 1/4, epoch 10, time cost 43.741586208343506s ,with acc 0.6038306451612904
2021-09-05 16:43:42,121 - train_specific.py[line:159] - INFO: Saving weight to weight\20210905_151007\MelSpectrogram\fold1_4-epoch10-loss0.3555771729544453-acc0.6038306451612904.pth
2021-09-05 16:46:05,158 - train_specific.py[line:92] - INFO: Finish training feature AudioFeatures.MELSPECS, for fold 1/4, epoch 11, time cost 143.0370717048645s ,with loss 0.2968559519428274
2021-09-05 16:46:48,810 - train_specific.py[line:144] - INFO: Finish testing feature AudioFeatures.MELSPECS, for fold 1/4, epoch 11, time cost 43.65211343765259s ,with acc 0.6108870967741935
2021-09-05 16:46:48,827 - train_specific.py[line:159] - INFO: Saving weight to weight\20210905_151007\MelSpectrogram\fold1_4-epoch11-loss0.2968559519428274-acc0.6108870967741935.pth
2021-09-05 16:49:11,637 - train_specific.py[line:92] - INFO: Finish training feature AudioFeatures.MELSPECS, for fold 1/4, epoch 12, time cost 142.80890536308289s ,with loss 0.2148451901688848
2021-09-05 16:49:55,487 - train_specific.py[line:144] - INFO: Finish testing feature AudioFeatures.MELSPECS, for fold 1/4, epoch 12, time cost 43.850013256073s ,with acc 0.5473790322580645
2021-09-05 16:49:55,494 - train_specific.py[line:159] - INFO: Saving weight to weight\20210905_151007\MelSpectrogram\fold1_4-epoch12-loss0.2148451901688848-acc0.5473790322580645.pth
2021-09-05 16:52:18,096 - train_specific.py[line:92] - INFO: Finish training feature AudioFeatures.MELSPECS, for fold 1/4, epoch 13, time cost 142.60152578353882s ,with loss 0.20161644832494305
2021-09-05 16:53:01,842 - train_specific.py[line:144] - INFO: Finish testing feature AudioFeatures.MELSPECS, for fold 1/4, epoch 13, time cost 43.74598836898804s ,with acc 0.5756048387096774
2021-09-05 16:53:01,861 - train_specific.py[line:159] - INFO: Saving weight to weight\20210905_151007\MelSpectrogram\fold1_4-epoch13-loss0.20161644832494305-acc0.5756048387096774.pth
2021-09-05 16:55:25,029 - train_specific.py[line:92] - INFO: Finish training feature AudioFeatures.MELSPECS, for fold 1/4, epoch 14, time cost 143.1683201789856s ,with loss 0.13371691689826548
2021-09-05 16:56:08,785 - train_specific.py[line:144] - INFO: Finish testing feature AudioFeatures.MELSPECS, for fold 1/4, epoch 14, time cost 43.755799531936646s ,with acc 0.5191532258064516
2021-09-05 16:56:08,803 - train_specific.py[line:159] - INFO: Saving weight to weight\20210905_151007\MelSpectrogram\fold1_4-epoch14-loss0.13371691689826548-acc0.5191532258064516.pth
2021-09-05 16:58:31,554 - train_specific.py[line:92] - INFO: Finish training feature AudioFeatures.MELSPECS, for fold 1/4, epoch 15, time cost 142.75170397758484s ,with loss 0.1188699032139519
2021-09-05 16:59:15,496 - train_specific.py[line:144] - INFO: Finish testing feature AudioFeatures.MELSPECS, for fold 1/4, epoch 15, time cost 43.941877126693726s ,with acc 0.49798387096774194
2021-09-05 16:59:15,515 - train_specific.py[line:159] - INFO: Saving weight to weight\20210905_151007\MelSpectrogram\fold1_4-epoch15-loss0.1188699032139519-acc0.49798387096774194.pth
2021-09-05 17:01:38,740 - train_specific.py[line:92] - INFO: Finish training feature AudioFeatures.MELSPECS, for fold 1/4, epoch 16, time cost 143.22447514533997s ,with loss 0.06663502660787503
2021-09-05 17:02:22,456 - train_specific.py[line:144] - INFO: Finish testing feature AudioFeatures.MELSPECS, for fold 1/4, epoch 16, time cost 43.71556115150452s ,with acc 0.4717741935483871
2021-09-05 17:02:22,462 - train_specific.py[line:159] - INFO: Saving weight to weight\20210905_151007\MelSpectrogram\fold1_4-epoch16-loss0.06663502660787503-acc0.4717741935483871.pth
2021-09-05 17:04:45,009 - train_specific.py[line:92] - INFO: Finish training feature AudioFeatures.MELSPECS, for fold 1/4, epoch 17, time cost 142.54679155349731s ,with loss 0.07289287105010336
2021-09-05 17:05:28,757 - train_specific.py[line:144] - INFO: Finish testing feature AudioFeatures.MELSPECS, for fold 1/4, epoch 17, time cost 43.74764919281006s ,with acc 0.5574596774193549
2021-09-05 17:05:28,764 - train_specific.py[line:159] - INFO: Saving weight to weight\20210905_151007\MelSpectrogram\fold1_4-epoch17-loss0.07289287105010336-acc0.5574596774193549.pth
2021-09-05 17:07:51,406 - train_specific.py[line:92] - INFO: Finish training feature AudioFeatures.MELSPECS, for fold 1/4, epoch 18, time cost 142.64189076423645s ,with loss 0.061673372614440385
2021-09-05 17:08:35,018 - train_specific.py[line:144] - INFO: Finish testing feature AudioFeatures.MELSPECS, for fold 1/4, epoch 18, time cost 43.61231803894043s ,with acc 0.4112903225806452
2021-09-05 17:08:35,024 - train_specific.py[line:159] - INFO: Saving weight to weight\20210905_151007\MelSpectrogram\fold1_4-epoch18-loss0.061673372614440385-acc0.4112903225806452.pth
2021-09-05 17:10:57,903 - train_specific.py[line:92] - INFO: Finish training feature AudioFeatures.MELSPECS, for fold 1/4, epoch 19, time cost 142.87897038459778s ,with loss 0.06433264090952909
2021-09-05 17:11:41,666 - train_specific.py[line:144] - INFO: Finish testing feature AudioFeatures.MELSPECS, for fold 1/4, epoch 19, time cost 43.763246297836304s ,with acc 0.5090725806451613
2021-09-05 17:11:41,684 - train_specific.py[line:159] - INFO: Saving weight to weight\20210905_151007\MelSpectrogram\fold1_4-epoch19-loss0.06433264090952909-acc0.5090725806451613.pth
2021-09-05 17:14:04,595 - train_specific.py[line:92] - INFO: Finish training feature AudioFeatures.MELSPECS, for fold 1/4, epoch 20, time cost 142.9113414287567s ,with loss 0.03188274822035885
2021-09-05 17:14:48,269 - train_specific.py[line:144] - INFO: Finish testing feature AudioFeatures.MELSPECS, for fold 1/4, epoch 20, time cost 43.67418456077576s ,with acc 0.5766129032258065
2021-09-05 17:14:48,275 - train_specific.py[line:159] - INFO: Saving weight to weight\20210905_151007\MelSpectrogram\fold1_4-epoch20-loss0.03188274822035885-acc0.5766129032258065.pth
2021-09-05 17:17:01,607 - train_specific.py[line:92] - INFO: Finish training feature AudioFeatures.MELSPECS, for fold 2/4, epoch 1, time cost 133.3216474056244s ,with loss 1.0808240551015604
2021-09-05 17:17:54,760 - train_specific.py[line:144] - INFO: Finish testing feature AudioFeatures.MELSPECS, for fold 2/4, epoch 1, time cost 53.15301775932312s ,with acc 0.45161290322580644
2021-09-05 17:17:54,779 - train_specific.py[line:159] - INFO: Saving weight to weight\20210905_151007\MelSpectrogram\fold2_4-epoch1-loss1.0808240551015604-acc0.45161290322580644.pth
2021-09-05 17:20:08,099 - train_specific.py[line:92] - INFO: Finish training feature AudioFeatures.MELSPECS, for fold 2/4, epoch 2, time cost 133.31992888450623s ,with loss 1.064570586318555
2021-09-05 17:21:01,377 - train_specific.py[line:144] - INFO: Finish testing feature AudioFeatures.MELSPECS, for fold 2/4, epoch 2, time cost 53.27764010429382s ,with acc 0.45161290322580644
2021-09-05 17:21:01,383 - train_specific.py[line:159] - INFO: Saving weight to weight\20210905_151007\MelSpectrogram\fold2_4-epoch2-loss1.064570586318555-acc0.45161290322580644.pth
2021-09-05 17:23:14,817 - train_specific.py[line:92] - INFO: Finish training feature AudioFeatures.MELSPECS, for fold 2/4, epoch 3, time cost 133.43309998512268s ,with loss 1.0569560822585355
2021-09-05 17:24:07,973 - train_specific.py[line:144] - INFO: Finish testing feature AudioFeatures.MELSPECS, for fold 2/4, epoch 3, time cost 53.15599751472473s ,with acc 0.45161290322580644
2021-09-05 17:24:07,996 - train_specific.py[line:159] - INFO: Saving weight to weight\20210905_151007\MelSpectrogram\fold2_4-epoch3-loss1.0569560822585355-acc0.45161290322580644.pth
2021-09-05 17:26:21,447 - train_specific.py[line:92] - INFO: Finish training feature AudioFeatures.MELSPECS, for fold 2/4, epoch 4, time cost 133.45050144195557s ,with loss 1.02688950235429
2021-09-05 17:27:14,608 - train_specific.py[line:144] - INFO: Finish testing feature AudioFeatures.MELSPECS, for fold 2/4, epoch 4, time cost 53.160492181777954s ,with acc 0.5594758064516129
2021-09-05 17:27:14,613 - train_specific.py[line:159] - INFO: Saving weight to weight\20210905_151007\MelSpectrogram\fold2_4-epoch4-loss1.02688950235429-acc0.5594758064516129.pth
2021-09-05 17:29:27,714 - train_specific.py[line:92] - INFO: Finish training feature AudioFeatures.MELSPECS, for fold 2/4, epoch 5, time cost 133.10011386871338s ,with loss 0.9676681170644967
2021-09-05 17:30:21,247 - train_specific.py[line:144] - INFO: Finish testing feature AudioFeatures.MELSPECS, for fold 2/4, epoch 5, time cost 53.533318519592285s ,with acc 0.6088709677419355
2021-09-05 17:30:21,253 - train_specific.py[line:159] - INFO: Saving weight to weight\20210905_151007\MelSpectrogram\fold2_4-epoch5-loss0.9676681170644967-acc0.6088709677419355.pth
2021-09-05 17:32:34,660 - train_specific.py[line:92] - INFO: Finish training feature AudioFeatures.MELSPECS, for fold 2/4, epoch 6, time cost 133.40704560279846s ,with loss 0.9042908669165943
2021-09-05 17:33:27,818 - train_specific.py[line:144] - INFO: Finish testing feature AudioFeatures.MELSPECS, for fold 2/4, epoch 6, time cost 53.15668439865112s ,with acc 0.7026209677419355
2021-09-05 17:33:27,824 - train_specific.py[line:159] - INFO: Saving weight to weight\20210905_151007\MelSpectrogram\fold2_4-epoch6-loss0.9042908669165943-acc0.7026209677419355.pth
2021-09-05 17:35:40,862 - train_specific.py[line:92] - INFO: Finish training feature AudioFeatures.MELSPECS, for fold 2/4, epoch 7, time cost 133.03843641281128s ,with loss 0.7801771892801576
2021-09-05 17:36:34,150 - train_specific.py[line:144] - INFO: Finish testing feature AudioFeatures.MELSPECS, for fold 2/4, epoch 7, time cost 53.28775978088379s ,with acc 0.6844758064516129
2021-09-05 17:36:34,171 - train_specific.py[line:159] - INFO: Saving weight to weight\20210905_151007\MelSpectrogram\fold2_4-epoch7-loss0.7801771892801576-acc0.6844758064516129.pth
2021-09-05 17:38:47,566 - train_specific.py[line:92] - INFO: Finish training feature AudioFeatures.MELSPECS, for fold 2/4, epoch 8, time cost 133.39442992210388s ,with loss 0.6742034053996854
2021-09-05 17:39:41,060 - train_specific.py[line:144] - INFO: Finish testing feature AudioFeatures.MELSPECS, for fold 2/4, epoch 8, time cost 53.494211196899414s ,with acc 0.7479838709677419
2021-09-05 17:39:41,066 - train_specific.py[line:159] - INFO: Saving weight to weight\20210905_151007\MelSpectrogram\fold2_4-epoch8-loss0.6742034053996854-acc0.7479838709677419.pth
2021-09-05 17:41:55,112 - train_specific.py[line:92] - INFO: Finish training feature AudioFeatures.MELSPECS, for fold 2/4, epoch 9, time cost 134.0461175441742s ,with loss 0.5226845304765131
2021-09-05 17:42:48,398 - train_specific.py[line:144] - INFO: Finish testing feature AudioFeatures.MELSPECS, for fold 2/4, epoch 9, time cost 53.28488898277283s ,with acc 0.6945564516129032
2021-09-05 17:42:48,446 - train_specific.py[line:159] - INFO: Saving weight to weight\20210905_151007\MelSpectrogram\fold2_4-epoch9-loss0.5226845304765131-acc0.6945564516129032.pth
2021-09-05 17:45:01,302 - train_specific.py[line:92] - INFO: Finish training feature AudioFeatures.MELSPECS, for fold 2/4, epoch 10, time cost 132.85478138923645s ,with loss 0.387160730264757
2021-09-05 17:45:54,203 - train_specific.py[line:144] - INFO: Finish testing feature AudioFeatures.MELSPECS, for fold 2/4, epoch 10, time cost 52.90110516548157s ,with acc 0.6814516129032258
2021-09-05 17:45:54,251 - train_specific.py[line:159] - INFO: Saving weight to weight\20210905_151007\MelSpectrogram\fold2_4-epoch10-loss0.387160730264757-acc0.6814516129032258.pth
2021-09-05 17:48:06,903 - train_specific.py[line:92] - INFO: Finish training feature AudioFeatures.MELSPECS, for fold 2/4, epoch 11, time cost 132.65130472183228s ,with loss 0.3001960595745755
2021-09-05 17:48:59,787 - train_specific.py[line:144] - INFO: Finish testing feature AudioFeatures.MELSPECS, for fold 2/4, epoch 11, time cost 52.8825626373291s ,with acc 0.7046370967741935
2021-09-05 17:48:59,846 - train_specific.py[line:159] - INFO: Saving weight to weight\20210905_151007\MelSpectrogram\fold2_4-epoch11-loss0.3001960595745755-acc0.7046370967741935.pth
2021-09-05 17:51:12,517 - train_specific.py[line:92] - INFO: Finish training feature AudioFeatures.MELSPECS, for fold 2/4, epoch 12, time cost 132.6693775653839s ,with loss 0.23578134150770697
2021-09-05 17:52:05,657 - train_specific.py[line:144] - INFO: Finish testing feature AudioFeatures.MELSPECS, for fold 2/4, epoch 12, time cost 53.13992881774902s ,with acc 0.6844758064516129
2021-09-05 17:52:05,663 - train_specific.py[line:159] - INFO: Saving weight to weight\20210905_151007\MelSpectrogram\fold2_4-epoch12-loss0.23578134150770697-acc0.6844758064516129.pth
2021-09-05 17:54:18,557 - train_specific.py[line:92] - INFO: Finish training feature AudioFeatures.MELSPECS, for fold 2/4, epoch 13, time cost 132.8945336341858s ,with loss 0.14352692384272814
2021-09-05 17:55:11,715 - train_specific.py[line:144] - INFO: Finish testing feature AudioFeatures.MELSPECS, for fold 2/4, epoch 13, time cost 53.157739877700806s ,with acc 0.7540322580645161
2021-09-05 17:55:11,723 - train_specific.py[line:159] - INFO: Saving weight to weight\20210905_151007\MelSpectrogram\fold2_4-epoch13-loss0.14352692384272814-acc0.7540322580645161.pth
2021-09-05 17:57:24,582 - train_specific.py[line:92] - INFO: Finish training feature AudioFeatures.MELSPECS, for fold 2/4, epoch 14, time cost 132.85860538482666s ,with loss 0.0840195546701105
2021-09-05 17:58:17,605 - train_specific.py[line:144] - INFO: Finish testing feature AudioFeatures.MELSPECS, for fold 2/4, epoch 14, time cost 53.02323865890503s ,with acc 0.6975806451612904
2021-09-05 17:58:17,611 - train_specific.py[line:159] - INFO: Saving weight to weight\20210905_151007\MelSpectrogram\fold2_4-epoch14-loss0.0840195546701105-acc0.6975806451612904.pth
2021-09-05 18:00:32,100 - train_specific.py[line:92] - INFO: Finish training feature AudioFeatures.MELSPECS, for fold 2/4, epoch 15, time cost 134.48917698860168s ,with loss 0.09452823680602825
2021-09-05 18:01:25,622 - train_specific.py[line:144] - INFO: Finish testing feature AudioFeatures.MELSPECS, for fold 2/4, epoch 15, time cost 53.521648645401s ,with acc 0.6129032258064516
2021-09-05 18:01:25,668 - train_specific.py[line:159] - INFO: Saving weight to weight\20210905_151007\MelSpectrogram\fold2_4-epoch15-loss0.09452823680602825-acc0.6129032258064516.pth
2021-09-05 18:03:38,503 - train_specific.py[line:92] - INFO: Finish training feature AudioFeatures.MELSPECS, for fold 2/4, epoch 16, time cost 132.83484530448914s ,with loss 0.07775559293425074
2021-09-05 18:04:31,529 - train_specific.py[line:144] - INFO: Finish testing feature AudioFeatures.MELSPECS, for fold 2/4, epoch 16, time cost 53.02650475502014s ,with acc 0.6965725806451613
2021-09-05 18:04:31,535 - train_specific.py[line:159] - INFO: Saving weight to weight\20210905_151007\MelSpectrogram\fold2_4-epoch16-loss0.07775559293425074-acc0.6965725806451613.pth
2021-09-05 18:06:44,533 - train_specific.py[line:92] - INFO: Finish training feature AudioFeatures.MELSPECS, for fold 2/4, epoch 17, time cost 132.99770212173462s ,with loss 0.056481445546049384
2021-09-05 18:07:48,444 - train_specific.py[line:144] - INFO: Finish testing feature AudioFeatures.MELSPECS, for fold 2/4, epoch 17, time cost 63.91048002243042s ,with acc 0.6995967741935484
2021-09-05 18:07:48,456 - train_specific.py[line:159] - INFO: Saving weight to weight\20210905_151007\MelSpectrogram\fold2_4-epoch17-loss0.056481445546049384-acc0.6995967741935484.pth
2021-09-05 18:10:10,592 - train_specific.py[line:92] - INFO: Finish training feature AudioFeatures.MELSPECS, for fold 2/4, epoch 18, time cost 142.1361792087555s ,with loss 0.02076245390281142
2021-09-05 18:11:03,565 - train_specific.py[line:144] - INFO: Finish testing feature AudioFeatures.MELSPECS, for fold 2/4, epoch 18, time cost 52.97310829162598s ,with acc 0.7328629032258065
2021-09-05 18:11:03,613 - train_specific.py[line:159] - INFO: Saving weight to weight\20210905_151007\MelSpectrogram\fold2_4-epoch18-loss0.02076245390281142-acc0.7328629032258065.pth
2021-09-05 18:13:16,342 - train_specific.py[line:92] - INFO: Finish training feature AudioFeatures.MELSPECS, for fold 2/4, epoch 19, time cost 132.72744393348694s ,with loss 0.05336064577315246
2021-09-05 18:14:09,098 - train_specific.py[line:144] - INFO: Finish testing feature AudioFeatures.MELSPECS, for fold 2/4, epoch 19, time cost 52.75603747367859s ,with acc 0.7227822580645161
2021-09-05 18:14:09,146 - train_specific.py[line:159] - INFO: Saving weight to weight\20210905_151007\MelSpectrogram\fold2_4-epoch19-loss0.05336064577315246-acc0.7227822580645161.pth
2021-09-05 18:16:21,864 - train_specific.py[line:92] - INFO: Finish training feature AudioFeatures.MELSPECS, for fold 2/4, epoch 20, time cost 132.7189016342163s ,with loss 0.04444751891107602
2021-09-05 18:17:14,837 - train_specific.py[line:144] - INFO: Finish testing feature AudioFeatures.MELSPECS, for fold 2/4, epoch 20, time cost 52.972615003585815s ,with acc 0.7409274193548387
2021-09-05 18:17:14,884 - train_specific.py[line:159] - INFO: Saving weight to weight\20210905_151007\MelSpectrogram\fold2_4-epoch20-loss0.04444751891107602-acc0.7409274193548387.pth
2021-09-05 18:19:40,698 - train_specific.py[line:92] - INFO: Finish training feature AudioFeatures.MELSPECS, for fold 3/4, epoch 1, time cost 145.80364394187927s ,with loss 1.075521638636948
2021-09-05 18:20:20,443 - train_specific.py[line:144] - INFO: Finish testing feature AudioFeatures.MELSPECS, for fold 3/4, epoch 1, time cost 39.745522022247314s ,with acc 0.43333333333333335
2021-09-05 18:20:20,491 - train_specific.py[line:159] - INFO: Saving weight to weight\20210905_151007\MelSpectrogram\fold3_4-epoch1-loss1.075521638636948-acc0.43333333333333335.pth
2021-09-05 18:22:46,820 - train_specific.py[line:92] - INFO: Finish training feature AudioFeatures.MELSPECS, for fold 3/4, epoch 2, time cost 146.32920622825623s ,with loss 1.0615843739560855
2021-09-05 18:23:26,368 - train_specific.py[line:144] - INFO: Finish testing feature AudioFeatures.MELSPECS, for fold 3/4, epoch 2, time cost 39.54753661155701s ,with acc 0.43333333333333335
2021-09-05 18:23:26,375 - train_specific.py[line:159] - INFO: Saving weight to weight\20210905_151007\MelSpectrogram\fold3_4-epoch2-loss1.0615843739560855-acc0.43333333333333335.pth
2021-09-05 18:25:52,550 - train_specific.py[line:92] - INFO: Finish training feature AudioFeatures.MELSPECS, for fold 3/4, epoch 3, time cost 146.1752483844757s ,with loss 1.056668972456327
2021-09-05 18:26:32,319 - train_specific.py[line:144] - INFO: Finish testing feature AudioFeatures.MELSPECS, for fold 3/4, epoch 3, time cost 39.768834352493286s ,with acc 0.43333333333333335
2021-09-05 18:26:32,367 - train_specific.py[line:159] - INFO: Saving weight to weight\20210905_151007\MelSpectrogram\fold3_4-epoch3-loss1.056668972456327-acc0.43333333333333335.pth
2021-09-05 18:28:58,684 - train_specific.py[line:92] - INFO: Finish training feature AudioFeatures.MELSPECS, for fold 3/4, epoch 4, time cost 146.31769680976868s ,with loss 1.0429787475575683
2021-09-05 18:29:38,386 - train_specific.py[line:144] - INFO: Finish testing feature AudioFeatures.MELSPECS, for fold 3/4, epoch 4, time cost 39.701743364334106s ,with acc 0.43333333333333335
2021-09-05 18:29:38,393 - train_specific.py[line:159] - INFO: Saving weight to weight\20210905_151007\MelSpectrogram\fold3_4-epoch4-loss1.0429787475575683-acc0.43333333333333335.pth
2021-09-05 18:32:04,926 - train_specific.py[line:92] - INFO: Finish training feature AudioFeatures.MELSPECS, for fold 3/4, epoch 5, time cost 146.53321981430054s ,with loss 0.9934965910450104
2021-09-05 18:32:44,847 - train_specific.py[line:144] - INFO: Finish testing feature AudioFeatures.MELSPECS, for fold 3/4, epoch 5, time cost 39.92053985595703s ,with acc 0.534375
2021-09-05 18:32:44,853 - train_specific.py[line:159] - INFO: Saving weight to weight\20210905_151007\MelSpectrogram\fold3_4-epoch5-loss0.9934965910450104-acc0.534375.pth
2021-09-05 18:35:11,142 - train_specific.py[line:92] - INFO: Finish training feature AudioFeatures.MELSPECS, for fold 3/4, epoch 6, time cost 146.2877812385559s ,with loss 0.915432414380453
2021-09-05 18:35:50,868 - train_specific.py[line:144] - INFO: Finish testing feature AudioFeatures.MELSPECS, for fold 3/4, epoch 6, time cost 39.7259635925293s ,with acc 0.5479166666666667
2021-09-05 18:35:50,874 - train_specific.py[line:159] - INFO: Saving weight to weight\20210905_151007\MelSpectrogram\fold3_4-epoch6-loss0.915432414380453-acc0.5479166666666667.pth
2021-09-05 18:38:17,443 - train_specific.py[line:92] - INFO: Finish training feature AudioFeatures.MELSPECS, for fold 3/4, epoch 7, time cost 146.56905508041382s ,with loss 0.7484154045902273
2021-09-05 18:38:57,187 - train_specific.py[line:144] - INFO: Finish testing feature AudioFeatures.MELSPECS, for fold 3/4, epoch 7, time cost 39.74462938308716s ,with acc 0.5125
2021-09-05 18:38:57,235 - train_specific.py[line:159] - INFO: Saving weight to weight\20210905_151007\MelSpectrogram\fold3_4-epoch7-loss0.7484154045902273-acc0.5125.pth
2021-09-05 18:41:24,207 - train_specific.py[line:92] - INFO: Finish training feature AudioFeatures.MELSPECS, for fold 3/4, epoch 8, time cost 146.97241806983948s ,with loss 0.6157008632216402
2021-09-05 18:42:03,924 - train_specific.py[line:144] - INFO: Finish testing feature AudioFeatures.MELSPECS, for fold 3/4, epoch 8, time cost 39.71606945991516s ,with acc 0.55625
2021-09-05 18:42:03,930 - train_specific.py[line:159] - INFO: Saving weight to weight\20210905_151007\MelSpectrogram\fold3_4-epoch8-loss0.6157008632216402-acc0.55625.pth
2021-09-05 18:44:30,445 - train_specific.py[line:92] - INFO: Finish training feature AudioFeatures.MELSPECS, for fold 3/4, epoch 9, time cost 146.51321387290955s ,with loss 0.470714149936553
2021-09-05 18:45:10,028 - train_specific.py[line:144] - INFO: Finish testing feature AudioFeatures.MELSPECS, for fold 3/4, epoch 9, time cost 39.58370614051819s ,with acc 0.5385416666666667
2021-09-05 18:45:10,075 - train_specific.py[line:159] - INFO: Saving weight to weight\20210905_151007\MelSpectrogram\fold3_4-epoch9-loss0.470714149936553-acc0.5385416666666667.pth
2021-09-05 18:47:36,641 - train_specific.py[line:92] - INFO: Finish training feature AudioFeatures.MELSPECS, for fold 3/4, epoch 10, time cost 146.56668066978455s ,with loss 0.36491594303359265
2021-09-05 18:48:16,364 - train_specific.py[line:144] - INFO: Finish testing feature AudioFeatures.MELSPECS, for fold 3/4, epoch 10, time cost 39.72268795967102s ,with acc 0.5583333333333333
2021-09-05 18:48:16,415 - train_specific.py[line:159] - INFO: Saving weight to weight\20210905_151007\MelSpectrogram\fold3_4-epoch10-loss0.36491594303359265-acc0.5583333333333333.pth
2021-09-05 18:50:42,443 - train_specific.py[line:92] - INFO: Finish training feature AudioFeatures.MELSPECS, for fold 3/4, epoch 11, time cost 146.0266993045807s ,with loss 0.26018846357461584
2021-09-05 18:51:22,099 - train_specific.py[line:144] - INFO: Finish testing feature AudioFeatures.MELSPECS, for fold 3/4, epoch 11, time cost 39.65558099746704s ,with acc 0.6145833333333334
2021-09-05 18:51:22,145 - train_specific.py[line:159] - INFO: Saving weight to weight\20210905_151007\MelSpectrogram\fold3_4-epoch11-loss0.26018846357461584-acc0.6145833333333334.pth
2021-09-05 18:53:48,170 - train_specific.py[line:92] - INFO: Finish training feature AudioFeatures.MELSPECS, for fold 3/4, epoch 12, time cost 146.0252923965454s ,with loss 0.22584596831071121
2021-09-05 18:54:27,625 - train_specific.py[line:144] - INFO: Finish testing feature AudioFeatures.MELSPECS, for fold 3/4, epoch 12, time cost 39.453240633010864s ,with acc 0.584375
2021-09-05 18:54:27,631 - train_specific.py[line:159] - INFO: Saving weight to weight\20210905_151007\MelSpectrogram\fold3_4-epoch12-loss0.22584596831071121-acc0.584375.pth
2021-09-05 18:56:54,324 - train_specific.py[line:92] - INFO: Finish training feature AudioFeatures.MELSPECS, for fold 3/4, epoch 13, time cost 146.6935167312622s ,with loss 0.19081749549756447
2021-09-05 18:57:33,909 - train_specific.py[line:144] - INFO: Finish testing feature AudioFeatures.MELSPECS, for fold 3/4, epoch 13, time cost 39.58350658416748s ,with acc 0.6510416666666666
2021-09-05 18:57:33,914 - train_specific.py[line:159] - INFO: Saving weight to weight\20210905_151007\MelSpectrogram\fold3_4-epoch13-loss0.19081749549756447-acc0.6510416666666666.pth
2021-09-05 19:00:00,078 - train_specific.py[line:92] - INFO: Finish training feature AudioFeatures.MELSPECS, for fold 3/4, epoch 14, time cost 146.16387224197388s ,with loss 0.11253633144842361
2021-09-05 19:00:39,777 - train_specific.py[line:144] - INFO: Finish testing feature AudioFeatures.MELSPECS, for fold 3/4, epoch 14, time cost 39.6995747089386s ,with acc 0.6166666666666667
2021-09-05 19:00:39,784 - train_specific.py[line:159] - INFO: Saving weight to weight\20210905_151007\MelSpectrogram\fold3_4-epoch14-loss0.11253633144842361-acc0.6166666666666667.pth
2021-09-05 19:03:06,186 - train_specific.py[line:92] - INFO: Finish training feature AudioFeatures.MELSPECS, for fold 3/4, epoch 15, time cost 146.4020140171051s ,with loss 0.13695486912363639
2021-09-05 19:03:45,820 - train_specific.py[line:144] - INFO: Finish testing feature AudioFeatures.MELSPECS, for fold 3/4, epoch 15, time cost 39.634241342544556s ,with acc 0.61875
2021-09-05 19:03:45,867 - train_specific.py[line:159] - INFO: Saving weight to weight\20210905_151007\MelSpectrogram\fold3_4-epoch15-loss0.13695486912363639-acc0.61875.pth
2021-09-05 19:06:11,863 - train_specific.py[line:92] - INFO: Finish training feature AudioFeatures.MELSPECS, for fold 3/4, epoch 16, time cost 145.99618220329285s ,with loss 0.06815227992101623
2021-09-05 19:06:51,450 - train_specific.py[line:144] - INFO: Finish testing feature AudioFeatures.MELSPECS, for fold 3/4, epoch 16, time cost 39.586249113082886s ,with acc 0.6072916666666667
2021-09-05 19:06:51,456 - train_specific.py[line:159] - INFO: Saving weight to weight\20210905_151007\MelSpectrogram\fold3_4-epoch16-loss0.06815227992101623-acc0.6072916666666667.pth
2021-09-05 19:09:17,379 - train_specific.py[line:92] - INFO: Finish training feature AudioFeatures.MELSPECS, for fold 3/4, epoch 17, time cost 145.92287635803223s ,with loss 0.0733974532634821
2021-09-05 19:09:56,876 - train_specific.py[line:144] - INFO: Finish testing feature AudioFeatures.MELSPECS, for fold 3/4, epoch 17, time cost 39.49653887748718s ,with acc 0.575
2021-09-05 19:09:56,881 - train_specific.py[line:159] - INFO: Saving weight to weight\20210905_151007\MelSpectrogram\fold3_4-epoch17-loss0.0733974532634821-acc0.575.pth
2021-09-05 19:12:22,803 - train_specific.py[line:92] - INFO: Finish training feature AudioFeatures.MELSPECS, for fold 3/4, epoch 18, time cost 145.92100071907043s ,with loss 0.07340047002259281
2021-09-05 19:13:02,519 - train_specific.py[line:144] - INFO: Finish testing feature AudioFeatures.MELSPECS, for fold 3/4, epoch 18, time cost 39.716532707214355s ,with acc 0.5635416666666667
2021-09-05 19:13:02,525 - train_specific.py[line:159] - INFO: Saving weight to weight\20210905_151007\MelSpectrogram\fold3_4-epoch18-loss0.07340047002259281-acc0.5635416666666667.pth
2021-09-05 19:15:28,439 - train_specific.py[line:92] - INFO: Finish training feature AudioFeatures.MELSPECS, for fold 3/4, epoch 19, time cost 145.9139473438263s ,with loss 0.01531927551641079
2021-09-05 19:16:08,474 - train_specific.py[line:144] - INFO: Finish testing feature AudioFeatures.MELSPECS, for fold 3/4, epoch 19, time cost 40.03514552116394s ,with acc 0.5916666666666667
2021-09-05 19:16:08,521 - train_specific.py[line:159] - INFO: Saving weight to weight\20210905_151007\MelSpectrogram\fold3_4-epoch19-loss0.01531927551641079-acc0.5916666666666667.pth
2021-09-05 19:18:34,497 - train_specific.py[line:92] - INFO: Finish training feature AudioFeatures.MELSPECS, for fold 3/4, epoch 20, time cost 145.9763240814209s ,with loss 0.0316285957233049
2021-09-05 19:19:13,934 - train_specific.py[line:144] - INFO: Finish testing feature AudioFeatures.MELSPECS, for fold 3/4, epoch 20, time cost 39.43534231185913s ,with acc 0.6041666666666666
2021-09-05 19:19:13,985 - train_specific.py[line:159] - INFO: Saving weight to weight\20210905_151007\MelSpectrogram\fold3_4-epoch20-loss0.0316285957233049-acc0.6041666666666666.pth
