2021-09-07 23:06:40,411 - train_MSM_joint_model.py[line:549] - INFO: Training with model MSMJointConcatFineTuneLongModel.
2021-09-07 23:06:40,411 - train_MSM_joint_model.py[line:37] - INFO: Training the general model.
2021-09-07 23:06:40,411 - train_MSM_joint_model.py[line:185] - INFO: Skip training the specific features.
2021-09-07 23:06:40,411 - train_MSM_joint_model.py[line:191] - INFO: Training general models.
2021-09-07 23:06:42,630 - train_MSM_joint_model.py[line:240] - INFO: Load weight weight\20210905_133648\MFCC\fold0_4-epoch1-loss0.6708392670944981-acc0.7318548387096774.pth for MFCC.
2021-09-07 23:06:42,680 - train_MSM_joint_model.py[line:240] - INFO: Load weight weight\20210905_133648\Spectrogram\fold0_4-epoch17-loss0.005109133508401852-acc0.7096774193548387.pth for Spectrogram.
2021-09-07 23:06:42,721 - train_MSM_joint_model.py[line:240] - INFO: Load weight weight\20210905_133648\MelSpectrogram\fold0_4-epoch1-loss0.5207754814916331-acc0.782258064516129.pth for MelSpectrogram.
2021-09-07 23:06:42,722 - train_MSM_joint_model.py[line:248] - INFO: In mode training, freeze the extractor layers.
2021-09-07 23:13:42,257 - train_MSM_joint_model.py[line:298] - INFO: Finish training general model, for fold 0/4, epoch 1, time cost 419.5345332622528s ,with loss 0.9537104724541955
2021-09-07 23:16:07,816 - train_MSM_joint_model.py[line:352] - INFO: Finish testing general model, for fold 0/4, epoch 1, time cost 145.5588037967682s ,with acc 0.5625
2021-09-07 23:16:07,918 - train_MSM_joint_model.py[line:366] - INFO: Saving weight to weight\20210907_230640\General\fold0_4-epoch1-loss0.9537104724541955-acc0.5625.pth
2021-09-07 23:23:44,428 - train_MSM_joint_model.py[line:298] - INFO: Finish training general model, for fold 0/4, epoch 2, time cost 456.5088140964508s ,with loss 0.6868742177991763
2021-09-07 23:26:01,528 - train_MSM_joint_model.py[line:352] - INFO: Finish testing general model, for fold 0/4, epoch 2, time cost 137.0996389389038s ,with acc 0.6048387096774194
2021-09-07 23:26:01,588 - train_MSM_joint_model.py[line:366] - INFO: Saving weight to weight\20210907_230640\General\fold0_4-epoch2-loss0.6868742177991763-acc0.6048387096774194.pth
2021-09-07 23:32:57,317 - train_MSM_joint_model.py[line:298] - INFO: Finish training general model, for fold 0/4, epoch 3, time cost 415.7293608188629s ,with loss 0.39464176600070106
2021-09-07 23:35:14,543 - train_MSM_joint_model.py[line:352] - INFO: Finish testing general model, for fold 0/4, epoch 3, time cost 137.22545528411865s ,with acc 0.6532258064516129
2021-09-07 23:35:14,667 - train_MSM_joint_model.py[line:366] - INFO: Saving weight to weight\20210907_230640\General\fold0_4-epoch3-loss0.39464176600070106-acc0.6532258064516129.pth
2021-09-07 23:42:11,464 - train_MSM_joint_model.py[line:298] - INFO: Finish training general model, for fold 0/4, epoch 4, time cost 416.79563212394714s ,with loss 0.16435709075354363
2021-09-07 23:44:28,248 - train_MSM_joint_model.py[line:352] - INFO: Finish testing general model, for fold 0/4, epoch 4, time cost 136.78435587882996s ,with acc 0.717741935483871
2021-09-07 23:44:28,550 - train_MSM_joint_model.py[line:366] - INFO: Saving weight to weight\20210907_230640\General\fold0_4-epoch4-loss0.16435709075354363-acc0.717741935483871.pth
2021-09-07 23:51:20,578 - train_MSM_joint_model.py[line:298] - INFO: Finish training general model, for fold 0/4, epoch 5, time cost 412.0279128551483s ,with loss 0.0992718439513777
2021-09-07 23:53:36,695 - train_MSM_joint_model.py[line:352] - INFO: Finish testing general model, for fold 0/4, epoch 5, time cost 136.11655950546265s ,with acc 0.7590725806451613
2021-09-07 23:53:36,772 - train_MSM_joint_model.py[line:366] - INFO: Saving weight to weight\20210907_230640\General\fold0_4-epoch5-loss0.0992718439513777-acc0.7590725806451613.pth
2021-09-08 00:00:29,090 - train_MSM_joint_model.py[line:298] - INFO: Finish training general model, for fold 0/4, epoch 6, time cost 412.3174057006836s ,with loss 0.06418365208462448
2021-09-08 00:02:45,080 - train_MSM_joint_model.py[line:352] - INFO: Finish testing general model, for fold 0/4, epoch 6, time cost 135.9905605316162s ,with acc 0.7469758064516129
2021-09-08 00:02:45,434 - train_MSM_joint_model.py[line:366] - INFO: Saving weight to weight\20210907_230640\General\fold0_4-epoch6-loss0.06418365208462448-acc0.7469758064516129.pth
2021-09-08 00:09:37,461 - train_MSM_joint_model.py[line:298] - INFO: Finish training general model, for fold 0/4, epoch 7, time cost 412.0273175239563s ,with loss 0.037896724395661455
2021-09-08 00:11:53,546 - train_MSM_joint_model.py[line:352] - INFO: Finish testing general model, for fold 0/4, epoch 7, time cost 136.08490085601807s ,with acc 0.7560483870967742
2021-09-08 00:11:53,685 - train_MSM_joint_model.py[line:366] - INFO: Saving weight to weight\20210907_230640\General\fold0_4-epoch7-loss0.037896724395661455-acc0.7560483870967742.pth
2021-09-08 00:18:45,875 - train_MSM_joint_model.py[line:298] - INFO: Finish training general model, for fold 0/4, epoch 8, time cost 412.18996930122375s ,with loss 0.026643126811984035
2021-09-08 00:21:01,820 - train_MSM_joint_model.py[line:352] - INFO: Finish testing general model, for fold 0/4, epoch 8, time cost 135.94538354873657s ,with acc 0.7842741935483871
2021-09-08 00:21:02,219 - train_MSM_joint_model.py[line:366] - INFO: Saving weight to weight\20210907_230640\General\fold0_4-epoch8-loss0.026643126811984035-acc0.7842741935483871.pth
2021-09-08 00:27:53,826 - train_MSM_joint_model.py[line:298] - INFO: Finish training general model, for fold 0/4, epoch 9, time cost 411.60687375068665s ,with loss 0.02254973704396474
2021-09-08 00:30:09,588 - train_MSM_joint_model.py[line:352] - INFO: Finish testing general model, for fold 0/4, epoch 9, time cost 135.76192593574524s ,with acc 0.7792338709677419
2021-09-08 00:30:09,668 - train_MSM_joint_model.py[line:366] - INFO: Saving weight to weight\20210907_230640\General\fold0_4-epoch9-loss0.02254973704396474-acc0.7792338709677419.pth
2021-09-08 00:37:01,169 - train_MSM_joint_model.py[line:298] - INFO: Finish training general model, for fold 0/4, epoch 10, time cost 411.5012843608856s ,with loss 0.01837342482062725
2021-09-08 00:39:16,914 - train_MSM_joint_model.py[line:352] - INFO: Finish testing general model, for fold 0/4, epoch 10, time cost 135.7446985244751s ,with acc 0.7792338709677419
2021-09-08 00:39:16,972 - train_MSM_joint_model.py[line:366] - INFO: Saving weight to weight\20210907_230640\General\fold0_4-epoch10-loss0.01837342482062725-acc0.7792338709677419.pth
2021-09-08 00:46:08,290 - train_MSM_joint_model.py[line:298] - INFO: Finish training general model, for fold 0/4, epoch 11, time cost 411.31691122055054s ,with loss 0.017816158354949235
2021-09-08 00:48:24,157 - train_MSM_joint_model.py[line:352] - INFO: Finish testing general model, for fold 0/4, epoch 11, time cost 135.86650037765503s ,with acc 0.7923387096774194
2021-09-08 00:48:24,215 - train_MSM_joint_model.py[line:366] - INFO: Saving weight to weight\20210907_230640\General\fold0_4-epoch11-loss0.017816158354949235-acc0.7923387096774194.pth
2021-09-08 00:55:15,593 - train_MSM_joint_model.py[line:298] - INFO: Finish training general model, for fold 0/4, epoch 12, time cost 411.3772473335266s ,with loss 0.011281299931357828
2021-09-08 00:57:31,607 - train_MSM_joint_model.py[line:352] - INFO: Finish testing general model, for fold 0/4, epoch 12, time cost 136.01451992988586s ,with acc 0.7600806451612904
2021-09-08 00:57:31,718 - train_MSM_joint_model.py[line:366] - INFO: Saving weight to weight\20210907_230640\General\fold0_4-epoch12-loss0.011281299931357828-acc0.7600806451612904.pth
2021-09-08 01:04:23,764 - train_MSM_joint_model.py[line:298] - INFO: Finish training general model, for fold 0/4, epoch 13, time cost 412.0449719429016s ,with loss 0.010461038658673793
2021-09-08 01:06:39,886 - train_MSM_joint_model.py[line:352] - INFO: Finish testing general model, for fold 0/4, epoch 13, time cost 136.1220211982727s ,with acc 0.78125
2021-09-08 01:06:39,967 - train_MSM_joint_model.py[line:366] - INFO: Saving weight to weight\20210907_230640\General\fold0_4-epoch13-loss0.010461038658673793-acc0.78125.pth
2021-09-08 01:13:32,076 - train_MSM_joint_model.py[line:298] - INFO: Finish training general model, for fold 0/4, epoch 14, time cost 412.1085751056671s ,with loss 0.006992561768603754
2021-09-08 01:15:48,145 - train_MSM_joint_model.py[line:352] - INFO: Finish testing general model, for fold 0/4, epoch 14, time cost 136.06898188591003s ,with acc 0.7731854838709677
2021-09-08 01:15:48,256 - train_MSM_joint_model.py[line:366] - INFO: Saving weight to weight\20210907_230640\General\fold0_4-epoch14-loss0.006992561768603754-acc0.7731854838709677.pth
2021-09-08 01:22:41,116 - train_MSM_joint_model.py[line:298] - INFO: Finish training general model, for fold 0/4, epoch 15, time cost 412.86021852493286s ,with loss 0.003837661602870946
2021-09-08 01:24:57,246 - train_MSM_joint_model.py[line:352] - INFO: Finish testing general model, for fold 0/4, epoch 15, time cost 136.1291468143463s ,with acc 0.7903225806451613
2021-09-08 01:24:57,304 - train_MSM_joint_model.py[line:366] - INFO: Saving weight to weight\20210907_230640\General\fold0_4-epoch15-loss0.003837661602870946-acc0.7903225806451613.pth
2021-09-08 01:31:49,945 - train_MSM_joint_model.py[line:298] - INFO: Finish training general model, for fold 0/4, epoch 16, time cost 412.64079689979553s ,with loss 0.004437383259241672
2021-09-08 01:34:06,228 - train_MSM_joint_model.py[line:352] - INFO: Finish testing general model, for fold 0/4, epoch 16, time cost 136.2837061882019s ,with acc 0.7862903225806451
2021-09-08 01:34:06,359 - train_MSM_joint_model.py[line:366] - INFO: Saving weight to weight\20210907_230640\General\fold0_4-epoch16-loss0.004437383259241672-acc0.7862903225806451.pth
2021-09-08 01:40:59,059 - train_MSM_joint_model.py[line:298] - INFO: Finish training general model, for fold 0/4, epoch 17, time cost 412.6997010707855s ,with loss 0.004639386917282853
2021-09-08 01:43:15,107 - train_MSM_joint_model.py[line:352] - INFO: Finish testing general model, for fold 0/4, epoch 17, time cost 136.04773879051208s ,with acc 0.8004032258064516
2021-09-08 01:43:15,187 - train_MSM_joint_model.py[line:366] - INFO: Saving weight to weight\20210907_230640\General\fold0_4-epoch17-loss0.004639386917282853-acc0.8004032258064516.pth
2021-09-08 01:50:07,347 - train_MSM_joint_model.py[line:298] - INFO: Finish training general model, for fold 0/4, epoch 18, time cost 412.15975046157837s ,with loss 0.005555517185217943
2021-09-08 01:52:23,593 - train_MSM_joint_model.py[line:352] - INFO: Finish testing general model, for fold 0/4, epoch 18, time cost 136.2453248500824s ,with acc 0.7893145161290323
2021-09-08 01:52:23,842 - train_MSM_joint_model.py[line:366] - INFO: Saving weight to weight\20210907_230640\General\fold0_4-epoch18-loss0.005555517185217943-acc0.7893145161290323.pth
2021-09-08 01:59:16,219 - train_MSM_joint_model.py[line:298] - INFO: Finish training general model, for fold 0/4, epoch 19, time cost 412.3760941028595s ,with loss 0.00315629082757843
2021-09-08 02:01:32,211 - train_MSM_joint_model.py[line:352] - INFO: Finish testing general model, for fold 0/4, epoch 19, time cost 135.9921154975891s ,with acc 0.7792338709677419
2021-09-08 02:01:32,298 - train_MSM_joint_model.py[line:366] - INFO: Saving weight to weight\20210907_230640\General\fold0_4-epoch19-loss0.00315629082757843-acc0.7792338709677419.pth
2021-09-08 02:08:24,532 - train_MSM_joint_model.py[line:298] - INFO: Finish training general model, for fold 0/4, epoch 20, time cost 412.2347204685211s ,with loss 0.06829800397083644
2021-09-08 02:10:40,633 - train_MSM_joint_model.py[line:352] - INFO: Finish testing general model, for fold 0/4, epoch 20, time cost 136.1001980304718s ,with acc 0.6784274193548387
2021-09-08 02:10:40,889 - train_MSM_joint_model.py[line:366] - INFO: Saving weight to weight\20210907_230640\General\fold0_4-epoch20-loss0.06829800397083644-acc0.6784274193548387.pth
2021-09-08 02:10:40,889 - train_MSM_joint_model.py[line:367] - INFO: Finish training the general model for fold 0.
2021-09-08 02:10:40,999 - train_MSM_joint_model.py[line:240] - INFO: Load weight weight\20210905_133648\MFCC\fold1_4-epoch18-loss0.011163503149399057-acc0.6693548387096774.pth for MFCC.
2021-09-08 02:10:41,032 - train_MSM_joint_model.py[line:240] - INFO: Load weight weight\20210905_133648\Spectrogram\fold1_4-epoch7-loss0.009974943350560194-acc0.5816532258064516.pth for Spectrogram.
2021-09-08 02:10:41,078 - train_MSM_joint_model.py[line:240] - INFO: Load weight weight\20210905_133648\MelSpectrogram\fold1_4-epoch11-loss0.003643666341304197-acc0.5917338709677419.pth for MelSpectrogram.
2021-09-08 02:10:41,078 - train_MSM_joint_model.py[line:248] - INFO: In mode training, freeze the extractor layers.
2021-09-08 02:17:34,277 - train_MSM_joint_model.py[line:298] - INFO: Finish training general model, for fold 1/4, epoch 1, time cost 413.1984248161316s ,with loss 0.9227862124857695
2021-09-08 02:19:49,927 - train_MSM_joint_model.py[line:352] - INFO: Finish testing general model, for fold 1/4, epoch 1, time cost 135.64906406402588s ,with acc 0.5342741935483871
2021-09-08 02:19:50,031 - train_MSM_joint_model.py[line:366] - INFO: Saving weight to weight\20210907_230640\General\fold1_4-epoch1-loss0.9227862124857695-acc0.5342741935483871.pth
2021-09-08 02:26:43,453 - train_MSM_joint_model.py[line:298] - INFO: Finish training general model, for fold 1/4, epoch 2, time cost 413.4209134578705s ,with loss 0.6268249641618003
2021-09-08 02:28:58,744 - train_MSM_joint_model.py[line:352] - INFO: Finish testing general model, for fold 1/4, epoch 2, time cost 135.29020953178406s ,with acc 0.5554435483870968
2021-09-08 02:28:59,132 - train_MSM_joint_model.py[line:366] - INFO: Saving weight to weight\20210907_230640\General\fold1_4-epoch2-loss0.6268249641618003-acc0.5554435483870968.pth
2021-09-08 02:35:52,006 - train_MSM_joint_model.py[line:298] - INFO: Finish training general model, for fold 1/4, epoch 3, time cost 412.8739421367645s ,with loss 0.3556475170442592
2021-09-08 02:38:07,489 - train_MSM_joint_model.py[line:352] - INFO: Finish testing general model, for fold 1/4, epoch 3, time cost 135.48274755477905s ,with acc 0.5977822580645161
2021-09-08 02:38:07,738 - train_MSM_joint_model.py[line:366] - INFO: Saving weight to weight\20210907_230640\General\fold1_4-epoch3-loss0.3556475170442592-acc0.5977822580645161.pth
2021-09-08 02:45:01,204 - train_MSM_joint_model.py[line:298] - INFO: Finish training general model, for fold 1/4, epoch 4, time cost 413.4647386074066s ,with loss 0.15776006799474682
2021-09-08 02:47:16,724 - train_MSM_joint_model.py[line:352] - INFO: Finish testing general model, for fold 1/4, epoch 4, time cost 135.52047300338745s ,with acc 0.6008064516129032
2021-09-08 02:47:16,840 - train_MSM_joint_model.py[line:366] - INFO: Saving weight to weight\20210907_230640\General\fold1_4-epoch4-loss0.15776006799474682-acc0.6008064516129032.pth
2021-09-08 02:54:09,890 - train_MSM_joint_model.py[line:298] - INFO: Finish training general model, for fold 1/4, epoch 5, time cost 413.0495753288269s ,with loss 0.07702123259356164
2021-09-08 02:56:25,417 - train_MSM_joint_model.py[line:352] - INFO: Finish testing general model, for fold 1/4, epoch 5, time cost 135.52702260017395s ,with acc 0.6058467741935484
2021-09-08 02:56:25,714 - train_MSM_joint_model.py[line:366] - INFO: Saving weight to weight\20210907_230640\General\fold1_4-epoch5-loss0.07702123259356164-acc0.6058467741935484.pth
2021-09-08 03:03:18,640 - train_MSM_joint_model.py[line:298] - INFO: Finish training general model, for fold 1/4, epoch 6, time cost 412.92651534080505s ,with loss 0.05025758121527084
2021-09-08 03:05:34,093 - train_MSM_joint_model.py[line:352] - INFO: Finish testing general model, for fold 1/4, epoch 6, time cost 135.4522693157196s ,with acc 0.6360887096774194
2021-09-08 03:05:34,474 - train_MSM_joint_model.py[line:366] - INFO: Saving weight to weight\20210907_230640\General\fold1_4-epoch6-loss0.05025758121527084-acc0.6360887096774194.pth
2021-09-08 03:12:27,607 - train_MSM_joint_model.py[line:298] - INFO: Finish training general model, for fold 1/4, epoch 7, time cost 413.1328237056732s ,with loss 0.01917263697174823
2021-09-08 03:14:43,048 - train_MSM_joint_model.py[line:352] - INFO: Finish testing general model, for fold 1/4, epoch 7, time cost 135.4396321773529s ,with acc 0.5534274193548387
2021-09-08 03:14:43,380 - train_MSM_joint_model.py[line:366] - INFO: Saving weight to weight\20210907_230640\General\fold1_4-epoch7-loss0.01917263697174823-acc0.5534274193548387.pth
2021-09-08 03:21:36,570 - train_MSM_joint_model.py[line:298] - INFO: Finish training general model, for fold 1/4, epoch 8, time cost 413.190212726593s ,with loss 0.014914671480136863
2021-09-08 03:23:52,051 - train_MSM_joint_model.py[line:352] - INFO: Finish testing general model, for fold 1/4, epoch 8, time cost 135.48107028007507s ,with acc 0.6078629032258065
2021-09-08 03:23:52,389 - train_MSM_joint_model.py[line:366] - INFO: Saving weight to weight\20210907_230640\General\fold1_4-epoch8-loss0.014914671480136863-acc0.6078629032258065.pth
2021-09-08 03:30:47,058 - train_MSM_joint_model.py[line:298] - INFO: Finish training general model, for fold 1/4, epoch 9, time cost 414.6682336330414s ,with loss 0.008966382054495625
2021-09-08 03:33:02,641 - train_MSM_joint_model.py[line:352] - INFO: Finish testing general model, for fold 1/4, epoch 9, time cost 135.58363842964172s ,with acc 0.5846774193548387
2021-09-08 03:33:02,747 - train_MSM_joint_model.py[line:366] - INFO: Saving weight to weight\20210907_230640\General\fold1_4-epoch9-loss0.008966382054495625-acc0.5846774193548387.pth
2021-09-08 03:39:56,649 - train_MSM_joint_model.py[line:298] - INFO: Finish training general model, for fold 1/4, epoch 10, time cost 413.90160512924194s ,with loss 0.010453454155851985
2021-09-08 03:42:12,295 - train_MSM_joint_model.py[line:352] - INFO: Finish testing general model, for fold 1/4, epoch 10, time cost 135.64607071876526s ,with acc 0.6159274193548387
2021-09-08 03:42:12,376 - train_MSM_joint_model.py[line:366] - INFO: Saving weight to weight\20210907_230640\General\fold1_4-epoch10-loss0.010453454155851985-acc0.6159274193548387.pth
2021-09-08 03:49:07,386 - train_MSM_joint_model.py[line:298] - INFO: Finish training general model, for fold 1/4, epoch 11, time cost 415.0099720954895s ,with loss 0.004460474657642645
2021-09-08 03:51:23,012 - train_MSM_joint_model.py[line:352] - INFO: Finish testing general model, for fold 1/4, epoch 11, time cost 135.62577033042908s ,with acc 0.5877016129032258
2021-09-08 03:51:23,167 - train_MSM_joint_model.py[line:366] - INFO: Saving weight to weight\20210907_230640\General\fold1_4-epoch11-loss0.004460474657642645-acc0.5877016129032258.pth
2021-09-08 03:58:16,928 - train_MSM_joint_model.py[line:298] - INFO: Finish training general model, for fold 1/4, epoch 12, time cost 413.76096200942993s ,with loss 0.004033743073744952
2021-09-08 04:00:32,727 - train_MSM_joint_model.py[line:352] - INFO: Finish testing general model, for fold 1/4, epoch 12, time cost 135.79953718185425s ,with acc 0.592741935483871
2021-09-08 04:00:32,787 - train_MSM_joint_model.py[line:366] - INFO: Saving weight to weight\20210907_230640\General\fold1_4-epoch12-loss0.004033743073744952-acc0.592741935483871.pth
2021-09-08 04:07:26,500 - train_MSM_joint_model.py[line:298] - INFO: Finish training general model, for fold 1/4, epoch 13, time cost 413.7126832008362s ,with loss 0.003288091419325729
2021-09-08 04:09:42,141 - train_MSM_joint_model.py[line:352] - INFO: Finish testing general model, for fold 1/4, epoch 13, time cost 135.6416940689087s ,with acc 0.5877016129032258
2021-09-08 04:09:42,202 - train_MSM_joint_model.py[line:366] - INFO: Saving weight to weight\20210907_230640\General\fold1_4-epoch13-loss0.003288091419325729-acc0.5877016129032258.pth
2021-09-08 04:16:35,415 - train_MSM_joint_model.py[line:298] - INFO: Finish training general model, for fold 1/4, epoch 14, time cost 413.2127265930176s ,with loss 0.0036392914181582773
2021-09-08 04:18:50,975 - train_MSM_joint_model.py[line:352] - INFO: Finish testing general model, for fold 1/4, epoch 14, time cost 135.56032705307007s ,with acc 0.5594758064516129
2021-09-08 04:18:51,227 - train_MSM_joint_model.py[line:366] - INFO: Saving weight to weight\20210907_230640\General\fold1_4-epoch14-loss0.0036392914181582773-acc0.5594758064516129.pth
2021-09-08 04:25:44,149 - train_MSM_joint_model.py[line:298] - INFO: Finish training general model, for fold 1/4, epoch 15, time cost 412.92239212989807s ,with loss 0.00319590554167719
2021-09-08 04:27:59,849 - train_MSM_joint_model.py[line:352] - INFO: Finish testing general model, for fold 1/4, epoch 15, time cost 135.70020079612732s ,with acc 0.5715725806451613
2021-09-08 04:28:00,104 - train_MSM_joint_model.py[line:366] - INFO: Saving weight to weight\20210907_230640\General\fold1_4-epoch15-loss0.00319590554167719-acc0.5715725806451613.pth
2021-09-08 04:34:53,413 - train_MSM_joint_model.py[line:298] - INFO: Finish training general model, for fold 1/4, epoch 16, time cost 413.30785393714905s ,with loss 0.0029681485937781754
2021-09-08 04:37:09,285 - train_MSM_joint_model.py[line:352] - INFO: Finish testing general model, for fold 1/4, epoch 16, time cost 135.87157034873962s ,with acc 0.5735887096774194
2021-09-08 04:37:09,365 - train_MSM_joint_model.py[line:366] - INFO: Saving weight to weight\20210907_230640\General\fold1_4-epoch16-loss0.0029681485937781754-acc0.5735887096774194.pth
2021-09-08 04:44:03,104 - train_MSM_joint_model.py[line:298] - INFO: Finish training general model, for fold 1/4, epoch 17, time cost 413.73874974250793s ,with loss 0.0014849329090793617
2021-09-08 04:46:18,651 - train_MSM_joint_model.py[line:352] - INFO: Finish testing general model, for fold 1/4, epoch 17, time cost 135.54724788665771s ,with acc 0.5887096774193549
2021-09-08 04:46:18,709 - train_MSM_joint_model.py[line:366] - INFO: Saving weight to weight\20210907_230640\General\fold1_4-epoch17-loss0.0014849329090793617-acc0.5887096774193549.pth
2021-09-08 04:53:12,441 - train_MSM_joint_model.py[line:298] - INFO: Finish training general model, for fold 1/4, epoch 18, time cost 413.7320442199707s ,with loss 0.001509376514070976
2021-09-08 04:55:28,031 - train_MSM_joint_model.py[line:352] - INFO: Finish testing general model, for fold 1/4, epoch 18, time cost 135.589369058609s ,with acc 0.5907258064516129
2021-09-08 04:55:28,105 - train_MSM_joint_model.py[line:366] - INFO: Saving weight to weight\20210907_230640\General\fold1_4-epoch18-loss0.001509376514070976-acc0.5907258064516129.pth
2021-09-08 05:02:21,678 - train_MSM_joint_model.py[line:298] - INFO: Finish training general model, for fold 1/4, epoch 19, time cost 413.5722219944s ,with loss 0.012155161958814817
2021-09-08 05:04:37,372 - train_MSM_joint_model.py[line:352] - INFO: Finish testing general model, for fold 1/4, epoch 19, time cost 135.69466876983643s ,with acc 0.5725806451612904
2021-09-08 05:04:37,516 - train_MSM_joint_model.py[line:366] - INFO: Saving weight to weight\20210907_230640\General\fold1_4-epoch19-loss0.012155161958814817-acc0.5725806451612904.pth
2021-09-08 05:11:30,696 - train_MSM_joint_model.py[line:298] - INFO: Finish training general model, for fold 1/4, epoch 20, time cost 413.1801538467407s ,with loss 0.017342286336987974
2021-09-08 05:13:46,332 - train_MSM_joint_model.py[line:352] - INFO: Finish testing general model, for fold 1/4, epoch 20, time cost 135.6365933418274s ,with acc 0.5766129032258065
2021-09-08 05:13:46,394 - train_MSM_joint_model.py[line:366] - INFO: Saving weight to weight\20210907_230640\General\fold1_4-epoch20-loss0.017342286336987974-acc0.5766129032258065.pth
2021-09-08 05:13:46,394 - train_MSM_joint_model.py[line:367] - INFO: Finish training the general model for fold 1.
2021-09-08 05:13:46,513 - train_MSM_joint_model.py[line:240] - INFO: Load weight weight\20210905_133648\MFCC\fold2_4-epoch17-loss0.0059203855958596405-acc0.7641129032258065.pth for MFCC.
2021-09-08 05:13:46,551 - train_MSM_joint_model.py[line:240] - INFO: Load weight weight\20210905_133648\Spectrogram\fold2_4-epoch2-loss0.14389855253672146-acc0.7641129032258065.pth for Spectrogram.
2021-09-08 05:13:46,602 - train_MSM_joint_model.py[line:240] - INFO: Load weight weight\20210905_133648\MelSpectrogram\fold2_4-epoch10-loss0.007353401618393432-acc0.7560483870967742.pth for MelSpectrogram.
2021-09-08 05:13:46,602 - train_MSM_joint_model.py[line:248] - INFO: In mode training, freeze the extractor layers.
2021-09-08 05:20:28,411 - train_MSM_joint_model.py[line:298] - INFO: Finish training general model, for fold 2/4, epoch 1, time cost 401.80809235572815s ,with loss 0.9361888178340767
2021-09-08 05:22:56,090 - train_MSM_joint_model.py[line:352] - INFO: Finish testing general model, for fold 2/4, epoch 1, time cost 147.6783311367035s ,with acc 0.6320564516129032
2021-09-08 05:22:56,385 - train_MSM_joint_model.py[line:366] - INFO: Saving weight to weight\20210907_230640\General\fold2_4-epoch1-loss0.9361888178340767-acc0.6320564516129032.pth
2021-09-08 05:29:37,942 - train_MSM_joint_model.py[line:298] - INFO: Finish training general model, for fold 2/4, epoch 2, time cost 401.55679082870483s ,with loss 0.6395041301198627
2021-09-08 05:32:05,471 - train_MSM_joint_model.py[line:352] - INFO: Finish testing general model, for fold 2/4, epoch 2, time cost 147.5295581817627s ,with acc 0.7137096774193549
2021-09-08 05:32:05,730 - train_MSM_joint_model.py[line:366] - INFO: Saving weight to weight\20210907_230640\General\fold2_4-epoch2-loss0.6395041301198627-acc0.7137096774193549.pth
2021-09-08 05:38:47,327 - train_MSM_joint_model.py[line:298] - INFO: Finish training general model, for fold 2/4, epoch 3, time cost 401.5974872112274s ,with loss 0.34070710797348747
2021-09-08 05:41:14,978 - train_MSM_joint_model.py[line:352] - INFO: Finish testing general model, for fold 2/4, epoch 3, time cost 147.65130376815796s ,with acc 0.7137096774193549
2021-09-08 05:41:15,242 - train_MSM_joint_model.py[line:366] - INFO: Saving weight to weight\20210907_230640\General\fold2_4-epoch3-loss0.34070710797348747-acc0.7137096774193549.pth
2021-09-08 05:47:56,489 - train_MSM_joint_model.py[line:298] - INFO: Finish training general model, for fold 2/4, epoch 4, time cost 401.2477080821991s ,with loss 0.15456849544653264
2021-09-08 05:50:24,077 - train_MSM_joint_model.py[line:352] - INFO: Finish testing general model, for fold 2/4, epoch 4, time cost 147.58793926239014s ,with acc 0.7600806451612904
2021-09-08 05:50:24,214 - train_MSM_joint_model.py[line:366] - INFO: Saving weight to weight\20210907_230640\General\fold2_4-epoch4-loss0.15456849544653264-acc0.7600806451612904.pth
2021-09-08 05:57:05,420 - train_MSM_joint_model.py[line:298] - INFO: Finish training general model, for fold 2/4, epoch 5, time cost 401.2056863307953s ,with loss 0.07342697270644788
2021-09-08 05:59:33,102 - train_MSM_joint_model.py[line:352] - INFO: Finish testing general model, for fold 2/4, epoch 5, time cost 147.6818082332611s ,with acc 0.7459677419354839
2021-09-08 05:59:33,161 - train_MSM_joint_model.py[line:366] - INFO: Saving weight to weight\20210907_230640\General\fold2_4-epoch5-loss0.07342697270644788-acc0.7459677419354839.pth
2021-09-08 06:06:14,342 - train_MSM_joint_model.py[line:298] - INFO: Finish training general model, for fold 2/4, epoch 6, time cost 401.1790306568146s ,with loss 0.049160274955363056
2021-09-08 06:08:41,845 - train_MSM_joint_model.py[line:352] - INFO: Finish testing general model, for fold 2/4, epoch 6, time cost 147.5028748512268s ,with acc 0.7358870967741935
2021-09-08 06:08:41,995 - train_MSM_joint_model.py[line:366] - INFO: Saving weight to weight\20210907_230640\General\fold2_4-epoch6-loss0.049160274955363056-acc0.7358870967741935.pth
2021-09-08 06:15:23,201 - train_MSM_joint_model.py[line:298] - INFO: Finish training general model, for fold 2/4, epoch 7, time cost 401.2064208984375s ,with loss 0.0342996543521345
2021-09-08 06:17:50,695 - train_MSM_joint_model.py[line:352] - INFO: Finish testing general model, for fold 2/4, epoch 7, time cost 147.4938781261444s ,with acc 0.719758064516129
2021-09-08 06:17:50,769 - train_MSM_joint_model.py[line:366] - INFO: Saving weight to weight\20210907_230640\General\fold2_4-epoch7-loss0.0342996543521345-acc0.719758064516129.pth
2021-09-08 06:24:31,774 - train_MSM_joint_model.py[line:298] - INFO: Finish training general model, for fold 2/4, epoch 8, time cost 401.0046212673187s ,with loss 0.020449309752186073
2021-09-08 06:26:59,306 - train_MSM_joint_model.py[line:352] - INFO: Finish testing general model, for fold 2/4, epoch 8, time cost 147.53029918670654s ,with acc 0.7651209677419355
2021-09-08 06:26:59,570 - train_MSM_joint_model.py[line:366] - INFO: Saving weight to weight\20210907_230640\General\fold2_4-epoch8-loss0.020449309752186073-acc0.7651209677419355.pth
2021-09-08 06:33:40,807 - train_MSM_joint_model.py[line:298] - INFO: Finish training general model, for fold 2/4, epoch 9, time cost 401.23736548423767s ,with loss 0.016328612174497128
2021-09-08 06:36:08,579 - train_MSM_joint_model.py[line:352] - INFO: Finish testing general model, for fold 2/4, epoch 9, time cost 147.77194499969482s ,with acc 0.6915322580645161
2021-09-08 06:36:08,824 - train_MSM_joint_model.py[line:366] - INFO: Saving weight to weight\20210907_230640\General\fold2_4-epoch9-loss0.016328612174497128-acc0.6915322580645161.pth
2021-09-08 06:42:50,242 - train_MSM_joint_model.py[line:298] - INFO: Finish training general model, for fold 2/4, epoch 10, time cost 401.41632056236267s ,with loss 0.010383467671129873
2021-09-08 06:45:17,709 - train_MSM_joint_model.py[line:352] - INFO: Finish testing general model, for fold 2/4, epoch 10, time cost 147.46761083602905s ,with acc 0.7368951612903226
2021-09-08 06:45:17,959 - train_MSM_joint_model.py[line:366] - INFO: Saving weight to weight\20210907_230640\General\fold2_4-epoch10-loss0.010383467671129873-acc0.7368951612903226.pth
2021-09-08 06:51:59,147 - train_MSM_joint_model.py[line:298] - INFO: Finish training general model, for fold 2/4, epoch 11, time cost 401.1869921684265s ,with loss 0.006166337615349735
2021-09-08 06:54:26,849 - train_MSM_joint_model.py[line:352] - INFO: Finish testing general model, for fold 2/4, epoch 11, time cost 147.7020890712738s ,with acc 0.7288306451612904
2021-09-08 06:54:27,106 - train_MSM_joint_model.py[line:366] - INFO: Saving weight to weight\20210907_230640\General\fold2_4-epoch11-loss0.006166337615349735-acc0.7288306451612904.pth
2021-09-08 07:01:08,257 - train_MSM_joint_model.py[line:298] - INFO: Finish training general model, for fold 2/4, epoch 12, time cost 401.1504235267639s ,with loss 0.007273337570713129
2021-09-08 07:03:35,840 - train_MSM_joint_model.py[line:352] - INFO: Finish testing general model, for fold 2/4, epoch 12, time cost 147.58353781700134s ,with acc 0.7167338709677419
2021-09-08 07:03:35,916 - train_MSM_joint_model.py[line:366] - INFO: Saving weight to weight\20210907_230640\General\fold2_4-epoch12-loss0.007273337570713129-acc0.7167338709677419.pth
2021-09-08 07:10:16,707 - train_MSM_joint_model.py[line:298] - INFO: Finish training general model, for fold 2/4, epoch 13, time cost 400.7895858287811s ,with loss 0.004930568801643423
2021-09-08 07:12:44,303 - train_MSM_joint_model.py[line:352] - INFO: Finish testing general model, for fold 2/4, epoch 13, time cost 147.59589958190918s ,with acc 0.7610887096774194
2021-09-08 07:12:44,563 - train_MSM_joint_model.py[line:366] - INFO: Saving weight to weight\20210907_230640\General\fold2_4-epoch13-loss0.004930568801643423-acc0.7610887096774194.pth
2021-09-08 07:19:25,592 - train_MSM_joint_model.py[line:298] - INFO: Finish training general model, for fold 2/4, epoch 14, time cost 401.02831411361694s ,with loss 0.0030176527993519458
2021-09-08 07:21:53,194 - train_MSM_joint_model.py[line:352] - INFO: Finish testing general model, for fold 2/4, epoch 14, time cost 147.60241174697876s ,with acc 0.7227822580645161
2021-09-08 07:21:53,281 - train_MSM_joint_model.py[line:366] - INFO: Saving weight to weight\20210907_230640\General\fold2_4-epoch14-loss0.0030176527993519458-acc0.7227822580645161.pth
2021-09-08 07:28:34,408 - train_MSM_joint_model.py[line:298] - INFO: Finish training general model, for fold 2/4, epoch 15, time cost 401.12662649154663s ,with loss 0.0037695216875837777
2021-09-08 07:31:02,182 - train_MSM_joint_model.py[line:352] - INFO: Finish testing general model, for fold 2/4, epoch 15, time cost 147.77438473701477s ,with acc 0.7298387096774194
2021-09-08 07:31:02,262 - train_MSM_joint_model.py[line:366] - INFO: Saving weight to weight\20210907_230640\General\fold2_4-epoch15-loss0.0037695216875837777-acc0.7298387096774194.pth
2021-09-08 07:37:43,563 - train_MSM_joint_model.py[line:298] - INFO: Finish training general model, for fold 2/4, epoch 16, time cost 401.3009457588196s ,with loss 0.00182342944647288
2021-09-08 07:40:11,416 - train_MSM_joint_model.py[line:352] - INFO: Finish testing general model, for fold 2/4, epoch 16, time cost 147.85245823860168s ,with acc 0.7368951612903226
2021-09-08 07:40:11,796 - train_MSM_joint_model.py[line:366] - INFO: Saving weight to weight\20210907_230640\General\fold2_4-epoch16-loss0.00182342944647288-acc0.7368951612903226.pth
2021-09-08 07:46:53,076 - train_MSM_joint_model.py[line:298] - INFO: Finish training general model, for fold 2/4, epoch 17, time cost 401.27935791015625s ,with loss 0.0019500118899526094
2021-09-08 07:49:20,711 - train_MSM_joint_model.py[line:352] - INFO: Finish testing general model, for fold 2/4, epoch 17, time cost 147.63547611236572s ,with acc 0.7268145161290323
2021-09-08 07:49:20,824 - train_MSM_joint_model.py[line:366] - INFO: Saving weight to weight\20210907_230640\General\fold2_4-epoch17-loss0.0019500118899526094-acc0.7268145161290323.pth
2021-09-08 07:56:01,865 - train_MSM_joint_model.py[line:298] - INFO: Finish training general model, for fold 2/4, epoch 18, time cost 401.0405504703522s ,with loss 0.0015005921622026146
2021-09-08 07:58:29,611 - train_MSM_joint_model.py[line:352] - INFO: Finish testing general model, for fold 2/4, epoch 18, time cost 147.745667219162s ,with acc 0.7399193548387096
2021-09-08 07:58:29,936 - train_MSM_joint_model.py[line:366] - INFO: Saving weight to weight\20210907_230640\General\fold2_4-epoch18-loss0.0015005921622026146-acc0.7399193548387096.pth
2021-09-08 08:05:10,982 - train_MSM_joint_model.py[line:298] - INFO: Finish training general model, for fold 2/4, epoch 19, time cost 401.04528164863586s ,with loss 0.0011852918039790973
2021-09-08 08:07:38,703 - train_MSM_joint_model.py[line:352] - INFO: Finish testing general model, for fold 2/4, epoch 19, time cost 147.72036623954773s ,with acc 0.7237903225806451
2021-09-08 08:07:38,761 - train_MSM_joint_model.py[line:366] - INFO: Saving weight to weight\20210907_230640\General\fold2_4-epoch19-loss0.0011852918039790973-acc0.7237903225806451.pth
2021-09-08 08:14:19,795 - train_MSM_joint_model.py[line:298] - INFO: Finish training general model, for fold 2/4, epoch 20, time cost 401.0337586402893s ,with loss 0.0021734833734547506
2021-09-08 08:16:47,633 - train_MSM_joint_model.py[line:352] - INFO: Finish testing general model, for fold 2/4, epoch 20, time cost 147.83734345436096s ,with acc 0.7288306451612904
2021-09-08 08:16:47,692 - train_MSM_joint_model.py[line:366] - INFO: Saving weight to weight\20210907_230640\General\fold2_4-epoch20-loss0.0021734833734547506-acc0.7288306451612904.pth
2021-09-08 08:16:47,692 - train_MSM_joint_model.py[line:367] - INFO: Finish training the general model for fold 2.
2021-09-08 08:16:47,823 - train_MSM_joint_model.py[line:240] - INFO: Load weight weight\20210905_133648\MFCC\fold3_4-epoch13-loss0.006423260154288953-acc0.7020833333333333.pth for MFCC.
2021-09-08 08:16:47,864 - train_MSM_joint_model.py[line:240] - INFO: Load weight weight\20210905_133648\Spectrogram\fold3_4-epoch5-loss0.0316563960589138-acc0.66875.pth for Spectrogram.
2021-09-08 08:16:47,909 - train_MSM_joint_model.py[line:240] - INFO: Load weight weight\20210905_133648\MelSpectrogram\fold3_4-epoch1-loss0.45186451201637584-acc0.6375.pth for MelSpectrogram.
2021-09-08 08:16:47,910 - train_MSM_joint_model.py[line:248] - INFO: In mode training, freeze the extractor layers.
2021-09-08 08:23:48,761 - train_MSM_joint_model.py[line:298] - INFO: Finish training general model, for fold 3/4, epoch 1, time cost 420.850777387619s ,with loss 0.919856995344162
2021-09-08 08:25:56,503 - train_MSM_joint_model.py[line:352] - INFO: Finish testing general model, for fold 3/4, epoch 1, time cost 127.74234414100647s ,with acc 0.565625
2021-09-08 08:25:56,778 - train_MSM_joint_model.py[line:366] - INFO: Saving weight to weight\20210907_230640\General\fold3_4-epoch1-loss0.919856995344162-acc0.565625.pth
2021-09-08 08:32:57,636 - train_MSM_joint_model.py[line:298] - INFO: Finish training general model, for fold 3/4, epoch 2, time cost 420.8575270175934s ,with loss 0.6257589121339142
2021-09-08 08:35:05,509 - train_MSM_joint_model.py[line:352] - INFO: Finish testing general model, for fold 3/4, epoch 2, time cost 127.87347865104675s ,with acc 0.6177083333333333
2021-09-08 08:35:05,586 - train_MSM_joint_model.py[line:366] - INFO: Saving weight to weight\20210907_230640\General\fold3_4-epoch2-loss0.6257589121339142-acc0.6177083333333333.pth
2021-09-08 08:42:07,009 - train_MSM_joint_model.py[line:298] - INFO: Finish training general model, for fold 3/4, epoch 3, time cost 421.42262268066406s ,with loss 0.3470047091043765
2021-09-08 08:44:15,068 - train_MSM_joint_model.py[line:352] - INFO: Finish testing general model, for fold 3/4, epoch 3, time cost 128.05962467193604s ,with acc 0.7239583333333334
2021-09-08 08:44:15,129 - train_MSM_joint_model.py[line:366] - INFO: Saving weight to weight\20210907_230640\General\fold3_4-epoch3-loss0.3470047091043765-acc0.7239583333333334.pth
2021-09-08 08:51:15,789 - train_MSM_joint_model.py[line:298] - INFO: Finish training general model, for fold 3/4, epoch 4, time cost 420.65890645980835s ,with loss 0.15874120979619924
2021-09-08 08:53:23,616 - train_MSM_joint_model.py[line:352] - INFO: Finish testing general model, for fold 3/4, epoch 4, time cost 127.8268723487854s ,with acc 0.7229166666666667
2021-09-08 08:53:23,676 - train_MSM_joint_model.py[line:366] - INFO: Saving weight to weight\20210907_230640\General\fold3_4-epoch4-loss0.15874120979619924-acc0.7229166666666667.pth
2021-09-08 09:00:24,365 - train_MSM_joint_model.py[line:298] - INFO: Finish training general model, for fold 3/4, epoch 5, time cost 420.68821263313293s ,with loss 0.10975683429929357
2021-09-08 09:02:32,278 - train_MSM_joint_model.py[line:352] - INFO: Finish testing general model, for fold 3/4, epoch 5, time cost 127.91284084320068s ,with acc 0.7489583333333333
2021-09-08 09:02:32,337 - train_MSM_joint_model.py[line:366] - INFO: Saving weight to weight\20210907_230640\General\fold3_4-epoch5-loss0.10975683429929357-acc0.7489583333333333.pth
2021-09-08 09:09:32,802 - train_MSM_joint_model.py[line:298] - INFO: Finish training general model, for fold 3/4, epoch 6, time cost 420.4651801586151s ,with loss 0.06959742100118228
2021-09-08 09:11:40,554 - train_MSM_joint_model.py[line:352] - INFO: Finish testing general model, for fold 3/4, epoch 6, time cost 127.75216436386108s ,with acc 0.73125
2021-09-08 09:11:40,613 - train_MSM_joint_model.py[line:366] - INFO: Saving weight to weight\20210907_230640\General\fold3_4-epoch6-loss0.06959742100118228-acc0.73125.pth
2021-09-08 09:18:41,296 - train_MSM_joint_model.py[line:298] - INFO: Finish training general model, for fold 3/4, epoch 7, time cost 420.6829164028168s ,with loss 0.03689793241523226
2021-09-08 09:20:49,266 - train_MSM_joint_model.py[line:352] - INFO: Finish testing general model, for fold 3/4, epoch 7, time cost 127.96944069862366s ,with acc 0.740625
2021-09-08 09:20:49,595 - train_MSM_joint_model.py[line:366] - INFO: Saving weight to weight\20210907_230640\General\fold3_4-epoch7-loss0.03689793241523226-acc0.740625.pth
2021-09-08 09:27:50,698 - train_MSM_joint_model.py[line:298] - INFO: Finish training general model, for fold 3/4, epoch 8, time cost 421.10280871391296s ,with loss 0.02320955570609439
2021-09-08 09:29:58,668 - train_MSM_joint_model.py[line:352] - INFO: Finish testing general model, for fold 3/4, epoch 8, time cost 127.97071719169617s ,with acc 0.725
2021-09-08 09:29:59,016 - train_MSM_joint_model.py[line:366] - INFO: Saving weight to weight\20210907_230640\General\fold3_4-epoch8-loss0.02320955570609439-acc0.725.pth
2021-09-08 09:37:00,201 - train_MSM_joint_model.py[line:298] - INFO: Finish training general model, for fold 3/4, epoch 9, time cost 421.183634519577s ,with loss 0.03147604959073066
2021-09-08 09:39:08,369 - train_MSM_joint_model.py[line:352] - INFO: Finish testing general model, for fold 3/4, epoch 9, time cost 128.16741967201233s ,with acc 0.7239583333333334
2021-09-08 09:39:08,431 - train_MSM_joint_model.py[line:366] - INFO: Saving weight to weight\20210907_230640\General\fold3_4-epoch9-loss0.03147604959073066-acc0.7239583333333334.pth
2021-09-08 09:46:11,214 - train_MSM_joint_model.py[line:298] - INFO: Finish training general model, for fold 3/4, epoch 10, time cost 422.78263807296753s ,with loss 0.02826484682423974
2021-09-08 09:48:24,577 - train_MSM_joint_model.py[line:352] - INFO: Finish testing general model, for fold 3/4, epoch 10, time cost 133.3626515865326s ,with acc 0.7489583333333333
2021-09-08 09:48:24,635 - train_MSM_joint_model.py[line:366] - INFO: Saving weight to weight\20210907_230640\General\fold3_4-epoch10-loss0.02826484682423974-acc0.7489583333333333.pth
2021-09-08 09:55:29,085 - train_MSM_joint_model.py[line:298] - INFO: Finish training general model, for fold 3/4, epoch 11, time cost 424.4491431713104s ,with loss 0.022892860913841975
2021-09-08 09:57:38,306 - train_MSM_joint_model.py[line:352] - INFO: Finish testing general model, for fold 3/4, epoch 11, time cost 129.2204451560974s ,with acc 0.7083333333333334
2021-09-08 09:57:38,552 - train_MSM_joint_model.py[line:366] - INFO: Saving weight to weight\20210907_230640\General\fold3_4-epoch11-loss0.022892860913841975-acc0.7083333333333334.pth
2021-09-08 10:04:42,796 - train_MSM_joint_model.py[line:298] - INFO: Finish training general model, for fold 3/4, epoch 12, time cost 424.24395203590393s ,with loss 0.011228379016424159
2021-09-08 10:06:51,793 - train_MSM_joint_model.py[line:352] - INFO: Finish testing general model, for fold 3/4, epoch 12, time cost 128.99661707878113s ,with acc 0.7270833333333333
2021-09-08 10:06:51,852 - train_MSM_joint_model.py[line:366] - INFO: Saving weight to weight\20210907_230640\General\fold3_4-epoch12-loss0.011228379016424159-acc0.7270833333333333.pth
2021-09-08 10:13:55,288 - train_MSM_joint_model.py[line:298] - INFO: Finish training general model, for fold 3/4, epoch 13, time cost 423.4364631175995s ,with loss 0.012676465643791391
2021-09-08 10:16:02,931 - train_MSM_joint_model.py[line:352] - INFO: Finish testing general model, for fold 3/4, epoch 13, time cost 127.64223575592041s ,with acc 0.7270833333333333
2021-09-08 10:16:03,183 - train_MSM_joint_model.py[line:366] - INFO: Saving weight to weight\20210907_230640\General\fold3_4-epoch13-loss0.012676465643791391-acc0.7270833333333333.pth
2021-09-08 10:23:04,281 - train_MSM_joint_model.py[line:298] - INFO: Finish training general model, for fold 3/4, epoch 14, time cost 421.0977289676666s ,with loss 0.0056764318401047766
2021-09-08 10:25:12,760 - train_MSM_joint_model.py[line:352] - INFO: Finish testing general model, for fold 3/4, epoch 14, time cost 128.47938632965088s ,with acc 0.7427083333333333
2021-09-08 10:25:13,124 - train_MSM_joint_model.py[line:366] - INFO: Saving weight to weight\20210907_230640\General\fold3_4-epoch14-loss0.0056764318401047766-acc0.7427083333333333.pth
2021-09-08 10:32:15,863 - train_MSM_joint_model.py[line:298] - INFO: Finish training general model, for fold 3/4, epoch 15, time cost 422.73957657814026s ,with loss 0.004900326801968428
2021-09-08 10:34:24,248 - train_MSM_joint_model.py[line:352] - INFO: Finish testing general model, for fold 3/4, epoch 15, time cost 128.38505268096924s ,with acc 0.74375
2021-09-08 10:34:24,315 - train_MSM_joint_model.py[line:366] - INFO: Saving weight to weight\20210907_230640\General\fold3_4-epoch15-loss0.004900326801968428-acc0.74375.pth
2021-09-08 10:41:27,514 - train_MSM_joint_model.py[line:298] - INFO: Finish training general model, for fold 3/4, epoch 16, time cost 423.1980404853821s ,with loss 0.012620876702356091
2021-09-08 10:43:34,908 - train_MSM_joint_model.py[line:352] - INFO: Finish testing general model, for fold 3/4, epoch 16, time cost 127.39345455169678s ,with acc 0.7364583333333333
2021-09-08 10:43:34,996 - train_MSM_joint_model.py[line:366] - INFO: Saving weight to weight\20210907_230640\General\fold3_4-epoch16-loss0.012620876702356091-acc0.7364583333333333.pth
2021-09-08 10:50:32,826 - train_MSM_joint_model.py[line:298] - INFO: Finish training general model, for fold 3/4, epoch 17, time cost 417.82935857772827s ,with loss 0.006391468491088862
2021-09-08 10:52:39,794 - train_MSM_joint_model.py[line:352] - INFO: Finish testing general model, for fold 3/4, epoch 17, time cost 126.9686496257782s ,with acc 0.709375
2021-09-08 10:52:40,045 - train_MSM_joint_model.py[line:366] - INFO: Saving weight to weight\20210907_230640\General\fold3_4-epoch17-loss0.006391468491088862-acc0.709375.pth
2021-09-08 10:59:38,190 - train_MSM_joint_model.py[line:298] - INFO: Finish training general model, for fold 3/4, epoch 18, time cost 418.1445949077606s ,with loss 0.0034346542414950623
2021-09-08 11:01:45,270 - train_MSM_joint_model.py[line:352] - INFO: Finish testing general model, for fold 3/4, epoch 18, time cost 127.07963132858276s ,with acc 0.7354166666666667
2021-09-08 11:01:45,647 - train_MSM_joint_model.py[line:366] - INFO: Saving weight to weight\20210907_230640\General\fold3_4-epoch18-loss0.0034346542414950623-acc0.7354166666666667.pth
2021-09-08 11:08:43,981 - train_MSM_joint_model.py[line:298] - INFO: Finish training general model, for fold 3/4, epoch 19, time cost 418.33304047584534s ,with loss 0.0020008610246746213
2021-09-08 11:10:51,097 - train_MSM_joint_model.py[line:352] - INFO: Finish testing general model, for fold 3/4, epoch 19, time cost 127.11564946174622s ,with acc 0.7479166666666667
2021-09-08 11:10:51,158 - train_MSM_joint_model.py[line:366] - INFO: Saving weight to weight\20210907_230640\General\fold3_4-epoch19-loss0.0020008610246746213-acc0.7479166666666667.pth
2021-09-08 11:17:51,586 - train_MSM_joint_model.py[line:298] - INFO: Finish training general model, for fold 3/4, epoch 20, time cost 420.42779183387756s ,with loss 0.0017647636611194861
2021-09-08 11:19:59,901 - train_MSM_joint_model.py[line:352] - INFO: Finish testing general model, for fold 3/4, epoch 20, time cost 128.3148500919342s ,with acc 0.7322916666666667
2021-09-08 11:19:59,960 - train_MSM_joint_model.py[line:366] - INFO: Saving weight to weight\20210907_230640\General\fold3_4-epoch20-loss0.0017647636611194861-acc0.7322916666666667.pth
2021-09-08 11:19:59,960 - train_MSM_joint_model.py[line:367] - INFO: Finish training the general model for fold 3.
2021-09-08 11:19:59,974 - train_MSM_joint_model.py[line:374] - INFO: Fine-tune general models.
2021-09-08 11:20:00,149 - train_MSM_joint_model.py[line:397] - INFO: Load weight weight\20210907_230640\General\fold0_4-epoch17-loss0.004639386917282853-acc0.8004032258064516.pth for fine-tuning.
2021-09-08 11:20:00,150 - train_MSM_joint_model.py[line:416] - INFO: In mode fine-tune, unfreeze the extractor layers.
2021-09-08 11:27:03,513 - train_MSM_joint_model.py[line:464] - INFO: Finish fine-tune general model, for fold 0/4, epoch 1, time cost 423.3629288673401s ,with loss 0.1397525595525424
2021-09-08 11:29:19,286 - train_MSM_joint_model.py[line:518] - INFO: Finish testing general model, for fold 0/4, epoch 1, time cost 135.77283334732056s ,with acc 0.7237903225806451
2021-09-08 11:29:19,544 - train_MSM_joint_model.py[line:532] - INFO: Saving weight to weight\20210907_230640\Fine_tune\fold0_4-epoch1-loss0.1397525595525424-acc0.7237903225806451.pth
2021-09-08 11:36:21,845 - train_MSM_joint_model.py[line:464] - INFO: Finish fine-tune general model, for fold 0/4, epoch 2, time cost 422.300897359848s ,with loss 0.012619552199517468
2021-09-08 11:38:37,151 - train_MSM_joint_model.py[line:518] - INFO: Finish testing general model, for fold 0/4, epoch 2, time cost 135.30612778663635s ,with acc 0.7328629032258065
2021-09-08 11:38:37,405 - train_MSM_joint_model.py[line:532] - INFO: Saving weight to weight\20210907_230640\Fine_tune\fold0_4-epoch2-loss0.012619552199517468-acc0.7328629032258065.pth
2021-09-08 11:45:39,664 - train_MSM_joint_model.py[line:464] - INFO: Finish fine-tune general model, for fold 0/4, epoch 3, time cost 422.25752091407776s ,with loss 0.007727090466173452
2021-09-08 11:47:55,193 - train_MSM_joint_model.py[line:518] - INFO: Finish testing general model, for fold 0/4, epoch 3, time cost 135.52928686141968s ,with acc 0.7580645161290323
2021-09-08 11:47:55,263 - train_MSM_joint_model.py[line:532] - INFO: Saving weight to weight\20210907_230640\Fine_tune\fold0_4-epoch3-loss0.007727090466173452-acc0.7580645161290323.pth
2021-09-08 11:54:57,832 - train_MSM_joint_model.py[line:464] - INFO: Finish fine-tune general model, for fold 0/4, epoch 4, time cost 422.56916213035583s ,with loss 0.004608207889206191
2021-09-08 11:57:13,068 - train_MSM_joint_model.py[line:518] - INFO: Finish testing general model, for fold 0/4, epoch 4, time cost 135.23458123207092s ,with acc 0.7540322580645161
2021-09-08 11:57:13,157 - train_MSM_joint_model.py[line:532] - INFO: Saving weight to weight\20210907_230640\Fine_tune\fold0_4-epoch4-loss0.004608207889206191-acc0.7540322580645161.pth
2021-09-08 12:04:15,148 - train_MSM_joint_model.py[line:464] - INFO: Finish fine-tune general model, for fold 0/4, epoch 5, time cost 421.9899146556854s ,with loss 0.0034749744402728065
2021-09-08 12:06:30,567 - train_MSM_joint_model.py[line:518] - INFO: Finish testing general model, for fold 0/4, epoch 5, time cost 135.41882872581482s ,with acc 0.7520161290322581
2021-09-08 12:06:30,629 - train_MSM_joint_model.py[line:532] - INFO: Saving weight to weight\20210907_230640\Fine_tune\fold0_4-epoch5-loss0.0034749744402728065-acc0.7520161290322581.pth
2021-09-08 12:13:32,470 - train_MSM_joint_model.py[line:464] - INFO: Finish fine-tune general model, for fold 0/4, epoch 6, time cost 421.8409128189087s ,with loss 0.0013246575719439652
2021-09-08 12:15:47,690 - train_MSM_joint_model.py[line:518] - INFO: Finish testing general model, for fold 0/4, epoch 6, time cost 135.22051882743835s ,with acc 0.7641129032258065
2021-09-08 12:15:47,943 - train_MSM_joint_model.py[line:532] - INFO: Saving weight to weight\20210907_230640\Fine_tune\fold0_4-epoch6-loss0.0013246575719439652-acc0.7641129032258065.pth
2021-09-08 12:22:57,287 - train_MSM_joint_model.py[line:464] - INFO: Finish fine-tune general model, for fold 0/4, epoch 7, time cost 429.3436276912689s ,with loss 0.0006296481573293062
2021-09-08 12:25:14,372 - train_MSM_joint_model.py[line:518] - INFO: Finish testing general model, for fold 0/4, epoch 7, time cost 137.0840561389923s ,with acc 0.75
2021-09-08 12:25:14,667 - train_MSM_joint_model.py[line:532] - INFO: Saving weight to weight\20210907_230640\Fine_tune\fold0_4-epoch7-loss0.0006296481573293062-acc0.75.pth
2021-09-08 12:32:21,435 - train_MSM_joint_model.py[line:464] - INFO: Finish fine-tune general model, for fold 0/4, epoch 8, time cost 426.76841020584106s ,with loss 0.0005568524804462156
2021-09-08 12:34:38,245 - train_MSM_joint_model.py[line:518] - INFO: Finish testing general model, for fold 0/4, epoch 8, time cost 136.8095624446869s ,with acc 0.7580645161290323
2021-09-08 12:34:38,303 - train_MSM_joint_model.py[line:532] - INFO: Saving weight to weight\20210907_230640\Fine_tune\fold0_4-epoch8-loss0.0005568524804462156-acc0.7580645161290323.pth
2021-09-08 12:41:45,295 - train_MSM_joint_model.py[line:464] - INFO: Finish fine-tune general model, for fold 0/4, epoch 9, time cost 426.9917984008789s ,with loss 0.002175947270228315
2021-09-08 12:44:01,560 - train_MSM_joint_model.py[line:518] - INFO: Finish testing general model, for fold 0/4, epoch 9, time cost 136.2641246318817s ,with acc 0.7056451612903226
2021-09-08 12:44:01,762 - train_MSM_joint_model.py[line:532] - INFO: Saving weight to weight\20210907_230640\Fine_tune\fold0_4-epoch9-loss0.002175947270228315-acc0.7056451612903226.pth
2021-09-08 12:51:07,950 - train_MSM_joint_model.py[line:464] - INFO: Finish fine-tune general model, for fold 0/4, epoch 10, time cost 426.1870160102844s ,with loss 0.0015395075416692002
2021-09-08 12:53:25,093 - train_MSM_joint_model.py[line:518] - INFO: Finish testing general model, for fold 0/4, epoch 10, time cost 137.14226150512695s ,with acc 0.7540322580645161
2021-09-08 12:53:25,493 - train_MSM_joint_model.py[line:532] - INFO: Saving weight to weight\20210907_230640\Fine_tune\fold0_4-epoch10-loss0.0015395075416692002-acc0.7540322580645161.pth
2021-09-08 13:00:32,735 - train_MSM_joint_model.py[line:464] - INFO: Finish fine-tune general model, for fold 0/4, epoch 11, time cost 427.241583108902s ,with loss 0.0005861112265689451
2021-09-08 13:02:49,749 - train_MSM_joint_model.py[line:518] - INFO: Finish testing general model, for fold 0/4, epoch 11, time cost 137.01284861564636s ,with acc 0.7620967741935484
2021-09-08 13:02:50,002 - train_MSM_joint_model.py[line:532] - INFO: Saving weight to weight\20210907_230640\Fine_tune\fold0_4-epoch11-loss0.0005861112265689451-acc0.7620967741935484.pth
2021-09-08 13:09:56,474 - train_MSM_joint_model.py[line:464] - INFO: Finish fine-tune general model, for fold 0/4, epoch 12, time cost 426.47216510772705s ,with loss 0.0005284180411051594
2021-09-08 13:12:12,017 - train_MSM_joint_model.py[line:518] - INFO: Finish testing general model, for fold 0/4, epoch 12, time cost 135.5432162284851s ,with acc 0.7691532258064516
2021-09-08 13:12:12,268 - train_MSM_joint_model.py[line:532] - INFO: Saving weight to weight\20210907_230640\Fine_tune\fold0_4-epoch12-loss0.0005284180411051594-acc0.7691532258064516.pth
2021-09-08 13:19:18,512 - train_MSM_joint_model.py[line:464] - INFO: Finish fine-tune general model, for fold 0/4, epoch 13, time cost 426.2444610595703s ,with loss 0.00043300863318484556
2021-09-08 13:21:35,527 - train_MSM_joint_model.py[line:518] - INFO: Finish testing general model, for fold 0/4, epoch 13, time cost 137.0144076347351s ,with acc 0.7641129032258065
2021-09-08 13:21:35,615 - train_MSM_joint_model.py[line:532] - INFO: Saving weight to weight\20210907_230640\Fine_tune\fold0_4-epoch13-loss0.00043300863318484556-acc0.7641129032258065.pth
2021-09-08 13:28:43,725 - train_MSM_joint_model.py[line:464] - INFO: Finish fine-tune general model, for fold 0/4, epoch 14, time cost 428.1095519065857s ,with loss 0.00036245875758536187
2021-09-08 13:31:00,594 - train_MSM_joint_model.py[line:518] - INFO: Finish testing general model, for fold 0/4, epoch 14, time cost 136.8695158958435s ,with acc 0.7550403225806451
2021-09-08 13:31:00,655 - train_MSM_joint_model.py[line:532] - INFO: Saving weight to weight\20210907_230640\Fine_tune\fold0_4-epoch14-loss0.00036245875758536187-acc0.7550403225806451.pth
2021-09-08 13:38:08,744 - train_MSM_joint_model.py[line:464] - INFO: Finish fine-tune general model, for fold 0/4, epoch 15, time cost 428.0889353752136s ,with loss 0.0005244832663285468
2021-09-08 13:40:24,611 - train_MSM_joint_model.py[line:518] - INFO: Finish testing general model, for fold 0/4, epoch 15, time cost 135.86637783050537s ,with acc 0.7600806451612904
2021-09-08 13:40:24,865 - train_MSM_joint_model.py[line:532] - INFO: Saving weight to weight\20210907_230640\Fine_tune\fold0_4-epoch15-loss0.0005244832663285468-acc0.7600806451612904.pth
2021-09-08 13:47:27,934 - train_MSM_joint_model.py[line:464] - INFO: Finish fine-tune general model, for fold 0/4, epoch 16, time cost 423.06842041015625s ,with loss 0.00031449106786171995
2021-09-08 13:49:43,602 - train_MSM_joint_model.py[line:518] - INFO: Finish testing general model, for fold 0/4, epoch 16, time cost 135.66778016090393s ,with acc 0.7741935483870968
2021-09-08 13:49:43,662 - train_MSM_joint_model.py[line:532] - INFO: Saving weight to weight\20210907_230640\Fine_tune\fold0_4-epoch16-loss0.00031449106786171995-acc0.7741935483870968.pth
2021-09-08 13:56:46,674 - train_MSM_joint_model.py[line:464] - INFO: Finish fine-tune general model, for fold 0/4, epoch 17, time cost 423.01223969459534s ,with loss 0.0002736061700211987
2021-09-08 13:59:02,441 - train_MSM_joint_model.py[line:518] - INFO: Finish testing general model, for fold 0/4, epoch 17, time cost 135.7669107913971s ,with acc 0.7691532258064516
2021-09-08 13:59:02,705 - train_MSM_joint_model.py[line:532] - INFO: Saving weight to weight\20210907_230640\Fine_tune\fold0_4-epoch17-loss0.0002736061700211987-acc0.7691532258064516.pth
2021-09-08 14:06:05,142 - train_MSM_joint_model.py[line:464] - INFO: Finish fine-tune general model, for fold 0/4, epoch 18, time cost 422.43643283843994s ,with loss 0.00021534858375043373
2021-09-08 14:08:21,031 - train_MSM_joint_model.py[line:518] - INFO: Finish testing general model, for fold 0/4, epoch 18, time cost 135.88956308364868s ,with acc 0.7681451612903226
2021-09-08 14:08:21,168 - train_MSM_joint_model.py[line:532] - INFO: Saving weight to weight\20210907_230640\Fine_tune\fold0_4-epoch18-loss0.00021534858375043373-acc0.7681451612903226.pth
2021-09-08 14:15:24,033 - train_MSM_joint_model.py[line:464] - INFO: Finish fine-tune general model, for fold 0/4, epoch 19, time cost 422.8653221130371s ,with loss 0.0002310414682280838
2021-09-08 14:17:39,500 - train_MSM_joint_model.py[line:518] - INFO: Finish testing general model, for fold 0/4, epoch 19, time cost 135.46643447875977s ,with acc 0.7651209677419355
2021-09-08 14:17:39,559 - train_MSM_joint_model.py[line:532] - INFO: Saving weight to weight\20210907_230640\Fine_tune\fold0_4-epoch19-loss0.0002310414682280838-acc0.7651209677419355.pth
2021-09-08 14:24:42,137 - train_MSM_joint_model.py[line:464] - INFO: Finish fine-tune general model, for fold 0/4, epoch 20, time cost 422.5773985385895s ,with loss 0.0003289984176420979
2021-09-08 14:26:57,577 - train_MSM_joint_model.py[line:518] - INFO: Finish testing general model, for fold 0/4, epoch 20, time cost 135.43981504440308s ,with acc 0.7419354838709677
2021-09-08 14:26:57,932 - train_MSM_joint_model.py[line:532] - INFO: Saving weight to weight\20210907_230640\Fine_tune\fold0_4-epoch20-loss0.0003289984176420979-acc0.7419354838709677.pth
2021-09-08 14:26:57,932 - train_MSM_joint_model.py[line:533] - INFO: Finish fine-tuning fold 0.
2021-09-08 14:26:58,260 - train_MSM_joint_model.py[line:397] - INFO: Load weight weight\20210907_230640\General\fold1_4-epoch6-loss0.05025758121527084-acc0.6360887096774194.pth for fine-tuning.
2021-09-08 14:26:58,260 - train_MSM_joint_model.py[line:416] - INFO: In mode fine-tune, unfreeze the extractor layers.
2021-09-08 14:34:01,685 - train_MSM_joint_model.py[line:464] - INFO: Finish fine-tune general model, for fold 1/4, epoch 1, time cost 423.42505049705505s ,with loss 0.05491494944663313
2021-09-08 14:36:16,689 - train_MSM_joint_model.py[line:518] - INFO: Finish testing general model, for fold 1/4, epoch 1, time cost 135.00454664230347s ,with acc 0.5957661290322581
2021-09-08 14:36:16,751 - train_MSM_joint_model.py[line:532] - INFO: Saving weight to weight\20210907_230640\Fine_tune\fold1_4-epoch1-loss0.05491494944663313-acc0.5957661290322581.pth
2021-09-08 14:43:20,148 - train_MSM_joint_model.py[line:464] - INFO: Finish fine-tune general model, for fold 1/4, epoch 2, time cost 423.39680075645447s ,with loss 0.010462146540268568
2021-09-08 14:45:37,727 - train_MSM_joint_model.py[line:518] - INFO: Finish testing general model, for fold 1/4, epoch 2, time cost 137.57901287078857s ,with acc 0.6502016129032258
2021-09-08 14:45:37,789 - train_MSM_joint_model.py[line:532] - INFO: Saving weight to weight\20210907_230640\Fine_tune\fold1_4-epoch2-loss0.010462146540268568-acc0.6502016129032258.pth
2021-09-08 14:52:46,007 - train_MSM_joint_model.py[line:464] - INFO: Finish fine-tune general model, for fold 1/4, epoch 3, time cost 428.21827483177185s ,with loss 0.004263190579639859
2021-09-08 14:55:02,334 - train_MSM_joint_model.py[line:518] - INFO: Finish testing general model, for fold 1/4, epoch 3, time cost 136.3261547088623s ,with acc 0.6491935483870968
2021-09-08 14:55:02,621 - train_MSM_joint_model.py[line:532] - INFO: Saving weight to weight\20210907_230640\Fine_tune\fold1_4-epoch3-loss0.004263190579639859-acc0.6491935483870968.pth
2021-09-08 15:02:10,110 - train_MSM_joint_model.py[line:464] - INFO: Finish fine-tune general model, for fold 1/4, epoch 4, time cost 427.4879505634308s ,with loss 0.0026067103515189324
2021-09-08 15:04:26,218 - train_MSM_joint_model.py[line:518] - INFO: Finish testing general model, for fold 1/4, epoch 4, time cost 136.10780787467957s ,with acc 0.6199596774193549
2021-09-08 15:04:26,587 - train_MSM_joint_model.py[line:532] - INFO: Saving weight to weight\20210907_230640\Fine_tune\fold1_4-epoch4-loss0.0026067103515189324-acc0.6199596774193549.pth
2021-09-08 15:11:34,247 - train_MSM_joint_model.py[line:464] - INFO: Finish fine-tune general model, for fold 1/4, epoch 5, time cost 427.660276889801s ,with loss 0.0026477884619690367
2021-09-08 15:13:53,134 - train_MSM_joint_model.py[line:518] - INFO: Finish testing general model, for fold 1/4, epoch 5, time cost 138.88692474365234s ,with acc 0.6512096774193549
2021-09-08 15:13:53,300 - train_MSM_joint_model.py[line:532] - INFO: Saving weight to weight\20210907_230640\Fine_tune\fold1_4-epoch5-loss0.0026477884619690367-acc0.6512096774193549.pth
2021-09-08 15:21:11,178 - train_MSM_joint_model.py[line:464] - INFO: Finish fine-tune general model, for fold 1/4, epoch 6, time cost 437.8774230480194s ,with loss 0.0015265227956779595
2021-09-08 15:23:28,513 - train_MSM_joint_model.py[line:518] - INFO: Finish testing general model, for fold 1/4, epoch 6, time cost 137.3353214263916s ,with acc 0.6290322580645161
2021-09-08 15:23:28,679 - train_MSM_joint_model.py[line:532] - INFO: Saving weight to weight\20210907_230640\Fine_tune\fold1_4-epoch6-loss0.0015265227956779595-acc0.6290322580645161.pth
2021-09-08 15:30:34,962 - train_MSM_joint_model.py[line:464] - INFO: Finish fine-tune general model, for fold 1/4, epoch 7, time cost 426.2835280895233s ,with loss 0.0013627255284123037
2021-09-08 15:32:50,549 - train_MSM_joint_model.py[line:518] - INFO: Finish testing general model, for fold 1/4, epoch 7, time cost 135.5869495868683s ,with acc 0.6088709677419355
2021-09-08 15:32:50,655 - train_MSM_joint_model.py[line:532] - INFO: Saving weight to weight\20210907_230640\Fine_tune\fold1_4-epoch7-loss0.0013627255284123037-acc0.6088709677419355.pth
2021-09-08 15:39:57,044 - train_MSM_joint_model.py[line:464] - INFO: Finish fine-tune general model, for fold 1/4, epoch 8, time cost 426.38931345939636s ,with loss 0.0009010924259200692
2021-09-08 15:42:13,240 - train_MSM_joint_model.py[line:518] - INFO: Finish testing general model, for fold 1/4, epoch 8, time cost 136.1957712173462s ,with acc 0.6270161290322581
2021-09-08 15:42:13,492 - train_MSM_joint_model.py[line:532] - INFO: Saving weight to weight\20210907_230640\Fine_tune\fold1_4-epoch8-loss0.0009010924259200692-acc0.6270161290322581.pth
2021-09-08 15:49:15,404 - train_MSM_joint_model.py[line:464] - INFO: Finish fine-tune general model, for fold 1/4, epoch 9, time cost 421.9116835594177s ,with loss 0.000989073657562941
2021-09-08 15:51:29,859 - train_MSM_joint_model.py[line:518] - INFO: Finish testing general model, for fold 1/4, epoch 9, time cost 134.45517444610596s ,with acc 0.6159274193548387
2021-09-08 15:51:30,107 - train_MSM_joint_model.py[line:532] - INFO: Saving weight to weight\20210907_230640\Fine_tune\fold1_4-epoch9-loss0.000989073657562941-acc0.6159274193548387.pth
2021-09-08 15:58:32,475 - train_MSM_joint_model.py[line:464] - INFO: Finish fine-tune general model, for fold 1/4, epoch 10, time cost 422.36676716804504s ,with loss 0.0006561750717438648
2021-09-08 16:00:46,989 - train_MSM_joint_model.py[line:518] - INFO: Finish testing general model, for fold 1/4, epoch 10, time cost 134.51395535469055s ,with acc 0.6118951612903226
2021-09-08 16:00:47,130 - train_MSM_joint_model.py[line:532] - INFO: Saving weight to weight\20210907_230640\Fine_tune\fold1_4-epoch10-loss0.0006561750717438648-acc0.6118951612903226.pth
2021-09-08 16:07:49,023 - train_MSM_joint_model.py[line:464] - INFO: Finish fine-tune general model, for fold 1/4, epoch 11, time cost 421.89297914505005s ,with loss 0.0020575239734329366
2021-09-08 16:10:03,522 - train_MSM_joint_model.py[line:518] - INFO: Finish testing general model, for fold 1/4, epoch 11, time cost 134.49804520606995s ,with acc 0.6370967741935484
2021-09-08 16:10:03,582 - train_MSM_joint_model.py[line:532] - INFO: Saving weight to weight\20210907_230640\Fine_tune\fold1_4-epoch11-loss0.0020575239734329366-acc0.6370967741935484.pth
2021-09-08 16:17:09,906 - train_MSM_joint_model.py[line:464] - INFO: Finish fine-tune general model, for fold 1/4, epoch 12, time cost 426.3230481147766s ,with loss 0.0007023642883327936
2021-09-08 16:19:26,265 - train_MSM_joint_model.py[line:518] - INFO: Finish testing general model, for fold 1/4, epoch 12, time cost 136.35903596878052s ,with acc 0.6139112903225806
2021-09-08 16:19:26,520 - train_MSM_joint_model.py[line:532] - INFO: Saving weight to weight\20210907_230640\Fine_tune\fold1_4-epoch12-loss0.0007023642883327936-acc0.6139112903225806.pth
2021-09-08 16:26:32,539 - train_MSM_joint_model.py[line:464] - INFO: Finish fine-tune general model, for fold 1/4, epoch 13, time cost 426.0178680419922s ,with loss 0.0008832099615574407
2021-09-08 16:28:48,298 - train_MSM_joint_model.py[line:518] - INFO: Finish testing general model, for fold 1/4, epoch 13, time cost 135.75853443145752s ,with acc 0.6451612903225806
2021-09-08 16:28:48,683 - train_MSM_joint_model.py[line:532] - INFO: Saving weight to weight\20210907_230640\Fine_tune\fold1_4-epoch13-loss0.0008832099615574407-acc0.6451612903225806.pth
2021-09-08 16:35:54,384 - train_MSM_joint_model.py[line:464] - INFO: Finish fine-tune general model, for fold 1/4, epoch 14, time cost 425.7004487514496s ,with loss 0.0004240550528582231
2021-09-08 16:38:10,171 - train_MSM_joint_model.py[line:518] - INFO: Finish testing general model, for fold 1/4, epoch 14, time cost 135.78665804862976s ,with acc 0.6401209677419355
2021-09-08 16:38:10,423 - train_MSM_joint_model.py[line:532] - INFO: Saving weight to weight\20210907_230640\Fine_tune\fold1_4-epoch14-loss0.0004240550528582231-acc0.6401209677419355.pth
2021-09-08 16:45:13,610 - train_MSM_joint_model.py[line:464] - INFO: Finish fine-tune general model, for fold 1/4, epoch 15, time cost 423.1869406700134s ,with loss 0.00039123980982565075
2021-09-08 16:47:28,166 - train_MSM_joint_model.py[line:518] - INFO: Finish testing general model, for fold 1/4, epoch 15, time cost 134.5557677745819s ,with acc 0.6078629032258065
2021-09-08 16:47:28,225 - train_MSM_joint_model.py[line:532] - INFO: Saving weight to weight\20210907_230640\Fine_tune\fold1_4-epoch15-loss0.00039123980982565075-acc0.6078629032258065.pth
2021-09-08 16:54:30,194 - train_MSM_joint_model.py[line:464] - INFO: Finish fine-tune general model, for fold 1/4, epoch 16, time cost 421.9697337150574s ,with loss 0.0004230465128587283
2021-09-08 16:56:44,313 - train_MSM_joint_model.py[line:518] - INFO: Finish testing general model, for fold 1/4, epoch 16, time cost 134.11843585968018s ,with acc 0.626008064516129
2021-09-08 16:56:44,383 - train_MSM_joint_model.py[line:532] - INFO: Saving weight to weight\20210907_230640\Fine_tune\fold1_4-epoch16-loss0.0004230465128587283-acc0.626008064516129.pth
2021-09-08 17:03:46,346 - train_MSM_joint_model.py[line:464] - INFO: Finish fine-tune general model, for fold 1/4, epoch 17, time cost 421.96259665489197s ,with loss 0.0005189036550014546
2021-09-08 17:06:00,533 - train_MSM_joint_model.py[line:518] - INFO: Finish testing general model, for fold 1/4, epoch 17, time cost 134.18718671798706s ,with acc 0.6300403225806451
2021-09-08 17:06:00,783 - train_MSM_joint_model.py[line:532] - INFO: Saving weight to weight\20210907_230640\Fine_tune\fold1_4-epoch17-loss0.0005189036550014546-acc0.6300403225806451.pth
2021-09-08 17:13:02,235 - train_MSM_joint_model.py[line:464] - INFO: Finish fine-tune general model, for fold 1/4, epoch 18, time cost 421.45093417167664s ,with loss 0.00042382444019534415
2021-09-08 17:15:16,432 - train_MSM_joint_model.py[line:518] - INFO: Finish testing general model, for fold 1/4, epoch 18, time cost 134.1967258453369s ,with acc 0.6159274193548387
2021-09-08 17:15:16,693 - train_MSM_joint_model.py[line:532] - INFO: Saving weight to weight\20210907_230640\Fine_tune\fold1_4-epoch18-loss0.00042382444019534415-acc0.6159274193548387.pth
2021-09-08 17:22:18,669 - train_MSM_joint_model.py[line:464] - INFO: Finish fine-tune general model, for fold 1/4, epoch 19, time cost 421.9764621257782s ,with loss 0.0003047790279177444
2021-09-08 17:24:33,085 - train_MSM_joint_model.py[line:518] - INFO: Finish testing general model, for fold 1/4, epoch 19, time cost 134.41496872901917s ,with acc 0.6078629032258065
2021-09-08 17:24:33,338 - train_MSM_joint_model.py[line:532] - INFO: Saving weight to weight\20210907_230640\Fine_tune\fold1_4-epoch19-loss0.0003047790279177444-acc0.6078629032258065.pth
2021-09-08 17:31:34,968 - train_MSM_joint_model.py[line:464] - INFO: Finish fine-tune general model, for fold 1/4, epoch 20, time cost 421.6298785209656s ,with loss 0.00023299924830256634
2021-09-08 17:33:49,142 - train_MSM_joint_model.py[line:518] - INFO: Finish testing general model, for fold 1/4, epoch 20, time cost 134.1730194091797s ,with acc 0.5987903225806451
2021-09-08 17:33:49,200 - train_MSM_joint_model.py[line:532] - INFO: Saving weight to weight\20210907_230640\Fine_tune\fold1_4-epoch20-loss0.00023299924830256634-acc0.5987903225806451.pth
2021-09-08 17:33:49,200 - train_MSM_joint_model.py[line:533] - INFO: Finish fine-tuning fold 1.
2021-09-08 17:33:49,494 - train_MSM_joint_model.py[line:397] - INFO: Load weight weight\20210907_230640\General\fold2_4-epoch8-loss0.020449309752186073-acc0.7651209677419355.pth for fine-tuning.
2021-09-08 17:33:49,494 - train_MSM_joint_model.py[line:416] - INFO: In mode fine-tune, unfreeze the extractor layers.
2021-09-08 17:40:39,447 - train_MSM_joint_model.py[line:464] - INFO: Finish fine-tune general model, for fold 2/4, epoch 1, time cost 409.95277166366577s ,with loss 0.21933800319422278
2021-09-08 17:43:05,743 - train_MSM_joint_model.py[line:518] - INFO: Finish testing general model, for fold 2/4, epoch 1, time cost 146.29569149017334s ,with acc 0.7449596774193549
2021-09-08 17:43:05,801 - train_MSM_joint_model.py[line:532] - INFO: Saving weight to weight\20210907_230640\Fine_tune\fold2_4-epoch1-loss0.21933800319422278-acc0.7449596774193549.pth
2021-09-08 17:49:54,876 - train_MSM_joint_model.py[line:464] - INFO: Finish fine-tune general model, for fold 2/4, epoch 2, time cost 409.07432293891907s ,with loss 0.020835313591701182
2021-09-08 17:52:21,721 - train_MSM_joint_model.py[line:518] - INFO: Finish testing general model, for fold 2/4, epoch 2, time cost 146.84502625465393s ,with acc 0.7167338709677419
2021-09-08 17:52:21,976 - train_MSM_joint_model.py[line:532] - INFO: Saving weight to weight\20210907_230640\Fine_tune\fold2_4-epoch2-loss0.020835313591701182-acc0.7167338709677419.pth
2021-09-08 17:59:13,821 - train_MSM_joint_model.py[line:464] - INFO: Finish fine-tune general model, for fold 2/4, epoch 3, time cost 411.84503531455994s ,with loss 0.014231183205518628
2021-09-08 18:01:40,186 - train_MSM_joint_model.py[line:518] - INFO: Finish testing general model, for fold 2/4, epoch 3, time cost 146.3653223514557s ,with acc 0.7167338709677419
2021-09-08 18:01:40,447 - train_MSM_joint_model.py[line:532] - INFO: Saving weight to weight\20210907_230640\Fine_tune\fold2_4-epoch3-loss0.014231183205518628-acc0.7167338709677419.pth
2021-09-08 18:08:33,777 - train_MSM_joint_model.py[line:464] - INFO: Finish fine-tune general model, for fold 2/4, epoch 4, time cost 413.3299198150635s ,with loss 0.005061035314334415
2021-09-08 18:11:02,016 - train_MSM_joint_model.py[line:518] - INFO: Finish testing general model, for fold 2/4, epoch 4, time cost 148.2392008304596s ,with acc 0.7056451612903226
2021-09-08 18:11:02,078 - train_MSM_joint_model.py[line:532] - INFO: Saving weight to weight\20210907_230640\Fine_tune\fold2_4-epoch4-loss0.005061035314334415-acc0.7056451612903226.pth
2021-09-08 18:17:56,002 - train_MSM_joint_model.py[line:464] - INFO: Finish fine-tune general model, for fold 2/4, epoch 5, time cost 413.92373871803284s ,with loss 0.003667721562954324
2021-09-08 18:20:23,909 - train_MSM_joint_model.py[line:518] - INFO: Finish testing general model, for fold 2/4, epoch 5, time cost 147.90772533416748s ,with acc 0.7409274193548387
2021-09-08 18:20:23,968 - train_MSM_joint_model.py[line:532] - INFO: Saving weight to weight\20210907_230640\Fine_tune\fold2_4-epoch5-loss0.003667721562954324-acc0.7409274193548387.pth
2021-09-08 18:27:17,432 - train_MSM_joint_model.py[line:464] - INFO: Finish fine-tune general model, for fold 2/4, epoch 6, time cost 413.46345806121826s ,with loss 0.0028409608448387385
2021-09-08 18:29:45,314 - train_MSM_joint_model.py[line:518] - INFO: Finish testing general model, for fold 2/4, epoch 6, time cost 147.88198471069336s ,with acc 0.7318548387096774
2021-09-08 18:29:45,566 - train_MSM_joint_model.py[line:532] - INFO: Saving weight to weight\20210907_230640\Fine_tune\fold2_4-epoch6-loss0.0028409608448387385-acc0.7318548387096774.pth
2021-09-08 18:36:35,591 - train_MSM_joint_model.py[line:464] - INFO: Finish fine-tune general model, for fold 2/4, epoch 7, time cost 410.02484035491943s ,with loss 0.0021915007243439068
2021-09-08 18:39:02,498 - train_MSM_joint_model.py[line:518] - INFO: Finish testing general model, for fold 2/4, epoch 7, time cost 146.90644717216492s ,with acc 0.7147177419354839
2021-09-08 18:39:02,576 - train_MSM_joint_model.py[line:532] - INFO: Saving weight to weight\20210907_230640\Fine_tune\fold2_4-epoch7-loss0.0021915007243439068-acc0.7147177419354839.pth
2021-09-08 18:45:52,491 - train_MSM_joint_model.py[line:464] - INFO: Finish fine-tune general model, for fold 2/4, epoch 8, time cost 409.9137234687805s ,with loss 0.0014263791889512188
2021-09-08 18:48:18,946 - train_MSM_joint_model.py[line:518] - INFO: Finish testing general model, for fold 2/4, epoch 8, time cost 146.45530366897583s ,with acc 0.7268145161290323
2021-09-08 18:48:19,004 - train_MSM_joint_model.py[line:532] - INFO: Saving weight to weight\20210907_230640\Fine_tune\fold2_4-epoch8-loss0.0014263791889512188-acc0.7268145161290323.pth
2021-09-08 18:55:08,991 - train_MSM_joint_model.py[line:464] - INFO: Finish fine-tune general model, for fold 2/4, epoch 9, time cost 409.98662209510803s ,with loss 0.0011788247059919977
2021-09-08 18:57:35,479 - train_MSM_joint_model.py[line:518] - INFO: Finish testing general model, for fold 2/4, epoch 9, time cost 146.48828554153442s ,with acc 0.7106854838709677
2021-09-08 18:57:35,730 - train_MSM_joint_model.py[line:532] - INFO: Saving weight to weight\20210907_230640\Fine_tune\fold2_4-epoch9-loss0.0011788247059919977-acc0.7106854838709677.pth
2021-09-08 19:04:25,900 - train_MSM_joint_model.py[line:464] - INFO: Finish fine-tune general model, for fold 2/4, epoch 10, time cost 410.16888093948364s ,with loss 0.0009475137681163134
2021-09-08 19:06:52,624 - train_MSM_joint_model.py[line:518] - INFO: Finish testing general model, for fold 2/4, epoch 10, time cost 146.7243230342865s ,with acc 0.7298387096774194
2021-09-08 19:06:52,920 - train_MSM_joint_model.py[line:532] - INFO: Saving weight to weight\20210907_230640\Fine_tune\fold2_4-epoch10-loss0.0009475137681163134-acc0.7298387096774194.pth
2021-09-08 19:13:42,840 - train_MSM_joint_model.py[line:464] - INFO: Finish fine-tune general model, for fold 2/4, epoch 11, time cost 409.9188678264618s ,with loss 0.0014061802269917162
2021-09-08 19:16:09,242 - train_MSM_joint_model.py[line:518] - INFO: Finish testing general model, for fold 2/4, epoch 11, time cost 146.4017014503479s ,with acc 0.7137096774193549
2021-09-08 19:16:09,498 - train_MSM_joint_model.py[line:532] - INFO: Saving weight to weight\20210907_230640\Fine_tune\fold2_4-epoch11-loss0.0014061802269917162-acc0.7137096774193549.pth
2021-09-08 19:22:59,279 - train_MSM_joint_model.py[line:464] - INFO: Finish fine-tune general model, for fold 2/4, epoch 12, time cost 409.78168416023254s ,with loss 0.016232407085740502
2021-09-08 19:25:25,751 - train_MSM_joint_model.py[line:518] - INFO: Finish testing general model, for fold 2/4, epoch 12, time cost 146.47178077697754s ,with acc 0.719758064516129
2021-09-08 19:25:25,809 - train_MSM_joint_model.py[line:532] - INFO: Saving weight to weight\20210907_230640\Fine_tune\fold2_4-epoch12-loss0.016232407085740502-acc0.719758064516129.pth
2021-09-08 19:32:15,676 - train_MSM_joint_model.py[line:464] - INFO: Finish fine-tune general model, for fold 2/4, epoch 13, time cost 409.86551213264465s ,with loss 0.006622916170390849
2021-09-08 19:34:42,334 - train_MSM_joint_model.py[line:518] - INFO: Finish testing general model, for fold 2/4, epoch 13, time cost 146.658864736557s ,with acc 0.7600806451612904
2021-09-08 19:34:42,635 - train_MSM_joint_model.py[line:532] - INFO: Saving weight to weight\20210907_230640\Fine_tune\fold2_4-epoch13-loss0.006622916170390849-acc0.7600806451612904.pth
2021-09-08 19:41:32,866 - train_MSM_joint_model.py[line:464] - INFO: Finish fine-tune general model, for fold 2/4, epoch 14, time cost 410.2295558452606s ,with loss 0.0035135104489318505
2021-09-08 19:43:59,523 - train_MSM_joint_model.py[line:518] - INFO: Finish testing general model, for fold 2/4, epoch 14, time cost 146.65743255615234s ,with acc 0.7610887096774194
2021-09-08 19:43:59,772 - train_MSM_joint_model.py[line:532] - INFO: Saving weight to weight\20210907_230640\Fine_tune\fold2_4-epoch14-loss0.0035135104489318505-acc0.7610887096774194.pth
2021-09-08 19:50:49,808 - train_MSM_joint_model.py[line:464] - INFO: Finish fine-tune general model, for fold 2/4, epoch 15, time cost 410.0356795787811s ,with loss 0.0009376139089157653
2021-09-08 19:53:16,458 - train_MSM_joint_model.py[line:518] - INFO: Finish testing general model, for fold 2/4, epoch 15, time cost 146.64936423301697s ,with acc 0.7520161290322581
2021-09-08 19:53:16,753 - train_MSM_joint_model.py[line:532] - INFO: Saving weight to weight\20210907_230640\Fine_tune\fold2_4-epoch15-loss0.0009376139089157653-acc0.7520161290322581.pth
2021-09-08 20:00:07,085 - train_MSM_joint_model.py[line:464] - INFO: Finish fine-tune general model, for fold 2/4, epoch 16, time cost 410.3323829174042s ,with loss 0.0006541939962675235
2021-09-08 20:02:33,542 - train_MSM_joint_model.py[line:518] - INFO: Finish testing general model, for fold 2/4, epoch 16, time cost 146.45691347122192s ,with acc 0.7449596774193549
2021-09-08 20:02:33,599 - train_MSM_joint_model.py[line:532] - INFO: Saving weight to weight\20210907_230640\Fine_tune\fold2_4-epoch16-loss0.0006541939962675235-acc0.7449596774193549.pth
2021-09-08 20:09:23,195 - train_MSM_joint_model.py[line:464] - INFO: Finish fine-tune general model, for fold 2/4, epoch 17, time cost 409.5959074497223s ,with loss 0.0005959165280273737
2021-09-08 20:11:49,492 - train_MSM_joint_model.py[line:518] - INFO: Finish testing general model, for fold 2/4, epoch 17, time cost 146.2970654964447s ,with acc 0.7419354838709677
2021-09-08 20:11:49,745 - train_MSM_joint_model.py[line:532] - INFO: Saving weight to weight\20210907_230640\Fine_tune\fold2_4-epoch17-loss0.0005959165280273737-acc0.7419354838709677.pth
2021-09-08 20:18:39,052 - train_MSM_joint_model.py[line:464] - INFO: Finish fine-tune general model, for fold 2/4, epoch 18, time cost 409.3065745830536s ,with loss 0.0006826817951486705
2021-09-08 20:21:05,354 - train_MSM_joint_model.py[line:518] - INFO: Finish testing general model, for fold 2/4, epoch 18, time cost 146.30127811431885s ,with acc 0.7520161290322581
2021-09-08 20:21:05,599 - train_MSM_joint_model.py[line:532] - INFO: Saving weight to weight\20210907_230640\Fine_tune\fold2_4-epoch18-loss0.0006826817951486705-acc0.7520161290322581.pth
2021-09-08 20:28:00,312 - train_MSM_joint_model.py[line:464] - INFO: Finish fine-tune general model, for fold 2/4, epoch 19, time cost 414.71253657341003s ,with loss 0.0005673585081872855
2021-09-08 20:30:28,631 - train_MSM_joint_model.py[line:518] - INFO: Finish testing general model, for fold 2/4, epoch 19, time cost 148.31911897659302s ,with acc 0.7479838709677419
2021-09-08 20:30:28,690 - train_MSM_joint_model.py[line:532] - INFO: Saving weight to weight\20210907_230640\Fine_tune\fold2_4-epoch19-loss0.0005673585081872855-acc0.7479838709677419.pth
2021-09-08 20:37:22,969 - train_MSM_joint_model.py[line:464] - INFO: Finish fine-tune general model, for fold 2/4, epoch 20, time cost 414.2792134284973s ,with loss 0.0003811316309625197
2021-09-08 20:39:51,262 - train_MSM_joint_model.py[line:518] - INFO: Finish testing general model, for fold 2/4, epoch 20, time cost 148.29263615608215s ,with acc 0.7530241935483871
2021-09-08 20:39:51,380 - train_MSM_joint_model.py[line:532] - INFO: Saving weight to weight\20210907_230640\Fine_tune\fold2_4-epoch20-loss0.0003811316309625197-acc0.7530241935483871.pth
2021-09-08 20:39:51,380 - train_MSM_joint_model.py[line:533] - INFO: Finish fine-tuning fold 2.
2021-09-08 20:39:51,655 - train_MSM_joint_model.py[line:397] - INFO: Load weight weight\20210907_230640\General\fold3_4-epoch5-loss0.10975683429929357-acc0.7489583333333333.pth for fine-tuning.
2021-09-08 20:39:51,656 - train_MSM_joint_model.py[line:416] - INFO: In mode fine-tune, unfreeze the extractor layers.
2021-09-08 20:47:05,122 - train_MSM_joint_model.py[line:464] - INFO: Finish fine-tune general model, for fold 3/4, epoch 1, time cost 433.4654288291931s ,with loss 0.14949426189145093
2021-09-08 20:49:12,101 - train_MSM_joint_model.py[line:518] - INFO: Finish testing general model, for fold 3/4, epoch 1, time cost 126.97911429405212s ,with acc 0.7114583333333333
2021-09-08 20:49:12,438 - train_MSM_joint_model.py[line:532] - INFO: Saving weight to weight\20210907_230640\Fine_tune\fold3_4-epoch1-loss0.14949426189145093-acc0.7114583333333333.pth
2021-09-08 20:56:22,256 - train_MSM_joint_model.py[line:464] - INFO: Finish fine-tune general model, for fold 3/4, epoch 2, time cost 429.81805086135864s ,with loss 0.0397676557167283
2021-09-08 20:58:28,928 - train_MSM_joint_model.py[line:518] - INFO: Finish testing general model, for fold 3/4, epoch 2, time cost 126.6722981929779s ,with acc 0.6677083333333333
2021-09-08 20:58:29,258 - train_MSM_joint_model.py[line:532] - INFO: Saving weight to weight\20210907_230640\Fine_tune\fold3_4-epoch2-loss0.0397676557167283-acc0.6677083333333333.pth
2021-09-08 21:05:39,163 - train_MSM_joint_model.py[line:464] - INFO: Finish fine-tune general model, for fold 3/4, epoch 3, time cost 429.9034571647644s ,with loss 0.02391399575837998
2021-09-08 21:07:45,998 - train_MSM_joint_model.py[line:518] - INFO: Finish testing general model, for fold 3/4, epoch 3, time cost 126.83498120307922s ,with acc 0.7375
2021-09-08 21:07:46,073 - train_MSM_joint_model.py[line:532] - INFO: Saving weight to weight\20210907_230640\Fine_tune\fold3_4-epoch3-loss0.02391399575837998-acc0.7375.pth
2021-09-08 21:14:55,868 - train_MSM_joint_model.py[line:464] - INFO: Finish fine-tune general model, for fold 3/4, epoch 4, time cost 429.7948350906372s ,with loss 0.007959074192112111
2021-09-08 21:17:02,864 - train_MSM_joint_model.py[line:518] - INFO: Finish testing general model, for fold 3/4, epoch 4, time cost 126.99570226669312s ,with acc 0.7479166666666667
2021-09-08 21:17:03,003 - train_MSM_joint_model.py[line:532] - INFO: Saving weight to weight\20210907_230640\Fine_tune\fold3_4-epoch4-loss0.007959074192112111-acc0.7479166666666667.pth
2021-09-08 21:24:12,868 - train_MSM_joint_model.py[line:464] - INFO: Finish fine-tune general model, for fold 3/4, epoch 5, time cost 429.8642544746399s ,with loss 0.007706926943438869
2021-09-08 21:26:19,817 - train_MSM_joint_model.py[line:518] - INFO: Finish testing general model, for fold 3/4, epoch 5, time cost 126.9488582611084s ,with acc 0.7427083333333333
2021-09-08 21:26:20,070 - train_MSM_joint_model.py[line:532] - INFO: Saving weight to weight\20210907_230640\Fine_tune\fold3_4-epoch5-loss0.007706926943438869-acc0.7427083333333333.pth
2021-09-08 21:33:29,691 - train_MSM_joint_model.py[line:464] - INFO: Finish fine-tune general model, for fold 3/4, epoch 6, time cost 429.6210024356842s ,with loss 0.0027659510459309014
2021-09-08 21:35:38,567 - train_MSM_joint_model.py[line:518] - INFO: Finish testing general model, for fold 3/4, epoch 6, time cost 128.87551736831665s ,with acc 0.7302083333333333
2021-09-08 21:35:38,875 - train_MSM_joint_model.py[line:532] - INFO: Saving weight to weight\20210907_230640\Fine_tune\fold3_4-epoch6-loss0.0027659510459309014-acc0.7302083333333333.pth
2021-09-08 21:42:54,217 - train_MSM_joint_model.py[line:464] - INFO: Finish fine-tune general model, for fold 3/4, epoch 7, time cost 435.3408396244049s ,with loss 0.0034835134785915272
2021-09-08 21:45:02,473 - train_MSM_joint_model.py[line:518] - INFO: Finish testing general model, for fold 3/4, epoch 7, time cost 128.25581216812134s ,with acc 0.6864583333333333
2021-09-08 21:45:02,555 - train_MSM_joint_model.py[line:532] - INFO: Saving weight to weight\20210907_230640\Fine_tune\fold3_4-epoch7-loss0.0034835134785915272-acc0.6864583333333333.pth
2021-09-08 21:52:16,603 - train_MSM_joint_model.py[line:464] - INFO: Finish fine-tune general model, for fold 3/4, epoch 8, time cost 434.04770040512085s ,with loss 0.017525949990060755
2021-09-08 21:54:24,919 - train_MSM_joint_model.py[line:518] - INFO: Finish testing general model, for fold 3/4, epoch 8, time cost 128.31597900390625s ,with acc 0.6739583333333333
2021-09-08 21:54:25,061 - train_MSM_joint_model.py[line:532] - INFO: Saving weight to weight\20210907_230640\Fine_tune\fold3_4-epoch8-loss0.017525949990060755-acc0.6739583333333333.pth
2021-09-08 22:01:36,586 - train_MSM_joint_model.py[line:464] - INFO: Finish fine-tune general model, for fold 3/4, epoch 9, time cost 431.52538442611694s ,with loss 0.013111207093286168
2021-09-08 22:03:44,010 - train_MSM_joint_model.py[line:518] - INFO: Finish testing general model, for fold 3/4, epoch 9, time cost 127.42376232147217s ,with acc 0.6520833333333333
2021-09-08 22:03:44,325 - train_MSM_joint_model.py[line:532] - INFO: Saving weight to weight\20210907_230640\Fine_tune\fold3_4-epoch9-loss0.013111207093286168-acc0.6520833333333333.pth
2021-09-08 22:10:53,949 - train_MSM_joint_model.py[line:464] - INFO: Finish fine-tune general model, for fold 3/4, epoch 10, time cost 429.6230556964874s ,with loss 0.029201229455441447
2021-09-08 22:13:00,812 - train_MSM_joint_model.py[line:518] - INFO: Finish testing general model, for fold 3/4, epoch 10, time cost 126.86358165740967s ,with acc 0.7072916666666667
2021-09-08 22:13:00,950 - train_MSM_joint_model.py[line:532] - INFO: Saving weight to weight\20210907_230640\Fine_tune\fold3_4-epoch10-loss0.029201229455441447-acc0.7072916666666667.pth
2021-09-08 22:20:10,539 - train_MSM_joint_model.py[line:464] - INFO: Finish fine-tune general model, for fold 3/4, epoch 11, time cost 429.5876307487488s ,with loss 0.001873409083023572
2021-09-08 22:22:17,227 - train_MSM_joint_model.py[line:518] - INFO: Finish testing general model, for fold 3/4, epoch 11, time cost 126.68817234039307s ,with acc 0.7114583333333333
2021-09-08 22:22:17,286 - train_MSM_joint_model.py[line:532] - INFO: Saving weight to weight\20210907_230640\Fine_tune\fold3_4-epoch11-loss0.001873409083023572-acc0.7114583333333333.pth
2021-09-08 22:29:26,715 - train_MSM_joint_model.py[line:464] - INFO: Finish fine-tune general model, for fold 3/4, epoch 12, time cost 429.42873644828796s ,with loss 0.0010433939210626156
2021-09-08 22:31:33,492 - train_MSM_joint_model.py[line:518] - INFO: Finish testing general model, for fold 3/4, epoch 12, time cost 126.77693915367126s ,with acc 0.7020833333333333
2021-09-08 22:31:33,550 - train_MSM_joint_model.py[line:532] - INFO: Saving weight to weight\20210907_230640\Fine_tune\fold3_4-epoch12-loss0.0010433939210626156-acc0.7020833333333333.pth
2021-09-08 22:38:43,186 - train_MSM_joint_model.py[line:464] - INFO: Finish fine-tune general model, for fold 3/4, epoch 13, time cost 429.6355895996094s ,with loss 0.0013835583003451429
2021-09-08 22:40:50,276 - train_MSM_joint_model.py[line:518] - INFO: Finish testing general model, for fold 3/4, epoch 13, time cost 127.09071683883667s ,with acc 0.703125
2021-09-08 22:40:50,376 - train_MSM_joint_model.py[line:532] - INFO: Saving weight to weight\20210907_230640\Fine_tune\fold3_4-epoch13-loss0.0013835583003451429-acc0.703125.pth
2021-09-08 22:47:59,486 - train_MSM_joint_model.py[line:464] - INFO: Finish fine-tune general model, for fold 3/4, epoch 14, time cost 429.1098463535309s ,with loss 0.00088856936805138
2021-09-08 22:50:06,240 - train_MSM_joint_model.py[line:518] - INFO: Finish testing general model, for fold 3/4, epoch 14, time cost 126.75408840179443s ,with acc 0.70625
2021-09-08 22:50:06,492 - train_MSM_joint_model.py[line:532] - INFO: Saving weight to weight\20210907_230640\Fine_tune\fold3_4-epoch14-loss0.00088856936805138-acc0.70625.pth
2021-09-08 22:57:15,720 - train_MSM_joint_model.py[line:464] - INFO: Finish fine-tune general model, for fold 3/4, epoch 15, time cost 429.22847843170166s ,with loss 0.0011723378447347768
2021-09-08 22:59:22,550 - train_MSM_joint_model.py[line:518] - INFO: Finish testing general model, for fold 3/4, epoch 15, time cost 126.83014011383057s ,with acc 0.7145833333333333
2021-09-08 22:59:22,606 - train_MSM_joint_model.py[line:532] - INFO: Saving weight to weight\20210907_230640\Fine_tune\fold3_4-epoch15-loss0.0011723378447347768-acc0.7145833333333333.pth
2021-09-08 23:06:31,950 - train_MSM_joint_model.py[line:464] - INFO: Finish fine-tune general model, for fold 3/4, epoch 16, time cost 429.3432095050812s ,with loss 0.0018648024463125753
2021-09-08 23:08:38,787 - train_MSM_joint_model.py[line:518] - INFO: Finish testing general model, for fold 3/4, epoch 16, time cost 126.83545184135437s ,with acc 0.7270833333333333
2021-09-08 23:08:38,866 - train_MSM_joint_model.py[line:532] - INFO: Saving weight to weight\20210907_230640\Fine_tune\fold3_4-epoch16-loss0.0018648024463125753-acc0.7270833333333333.pth
2021-09-08 23:15:55,407 - train_MSM_joint_model.py[line:464] - INFO: Finish fine-tune general model, for fold 3/4, epoch 17, time cost 436.54146790504456s ,with loss 0.0005187715792138773
2021-09-08 23:18:03,813 - train_MSM_joint_model.py[line:518] - INFO: Finish testing general model, for fold 3/4, epoch 17, time cost 128.4046790599823s ,with acc 0.696875
2021-09-08 23:18:03,959 - train_MSM_joint_model.py[line:532] - INFO: Saving weight to weight\20210907_230640\Fine_tune\fold3_4-epoch17-loss0.0005187715792138773-acc0.696875.pth
2021-09-08 23:25:18,225 - train_MSM_joint_model.py[line:464] - INFO: Finish fine-tune general model, for fold 3/4, epoch 18, time cost 434.26535296440125s ,with loss 0.0006905237873637503
2021-09-08 23:27:26,498 - train_MSM_joint_model.py[line:518] - INFO: Finish testing general model, for fold 3/4, epoch 18, time cost 128.27327251434326s ,with acc 0.7125
2021-09-08 23:27:26,752 - train_MSM_joint_model.py[line:532] - INFO: Saving weight to weight\20210907_230640\Fine_tune\fold3_4-epoch18-loss0.0006905237873637503-acc0.7125.pth
2021-09-08 23:34:39,355 - train_MSM_joint_model.py[line:464] - INFO: Finish fine-tune general model, for fold 3/4, epoch 19, time cost 432.6021227836609s ,with loss 0.0003642467866200761
2021-09-08 23:36:46,475 - train_MSM_joint_model.py[line:518] - INFO: Finish testing general model, for fold 3/4, epoch 19, time cost 127.11936807632446s ,with acc 0.7114583333333333
2021-09-08 23:36:46,896 - train_MSM_joint_model.py[line:532] - INFO: Saving weight to weight\20210907_230640\Fine_tune\fold3_4-epoch19-loss0.0003642467866200761-acc0.7114583333333333.pth
2021-09-08 23:44:03,371 - train_MSM_joint_model.py[line:464] - INFO: Finish fine-tune general model, for fold 3/4, epoch 20, time cost 436.4745078086853s ,with loss 0.0006306085962189896
2021-09-08 23:46:23,174 - train_MSM_joint_model.py[line:518] - INFO: Finish testing general model, for fold 3/4, epoch 20, time cost 139.8027367591858s ,with acc 0.6885416666666667
2021-09-08 23:46:23,235 - train_MSM_joint_model.py[line:532] - INFO: Saving weight to weight\20210907_230640\Fine_tune\fold3_4-epoch20-loss0.0006306085962189896-acc0.6885416666666667.pth
2021-09-08 23:46:23,235 - train_MSM_joint_model.py[line:533] - INFO: Finish fine-tuning fold 3.
2021-09-08 23:46:23,236 - train_MSM_joint_model.py[line:534] - INFO: Finish fine-tuning the model.
