2021-09-08 12:16:07,466 - train_specific.py[line:183] - INFO: Training with model SpecificTrainResNet18BackboneLongModel.
2021-09-08 12:18:05,815 - train_specific.py[line:97] - INFO: Finish training feature AudioFeatures.MELSPECS_VAD, for fold 0/4, epoch 1, time cost 116.7887237071991s ,with loss 0.7747417215419852
2021-09-08 12:18:39,264 - train_specific.py[line:153] - INFO: Finish testing feature AudioFeatures.MELSPECS_VAD, for fold 0/4, epoch 1, time cost 33.448974609375s ,with acc 0.6189516129032258
2021-09-08 12:18:39,381 - train_specific.py[line:168] - INFO: Saving weight to weight\20210908_121607\MelSpectrogram_VAD\fold0_4-epoch1-loss0.7747417215419852-acc0.6189516129032258.pth
2021-09-08 12:20:33,962 - train_specific.py[line:97] - INFO: Finish training feature AudioFeatures.MELSPECS_VAD, for fold 0/4, epoch 2, time cost 114.57951188087463s ,with loss 0.07134780872603068
2021-09-08 12:21:07,443 - train_specific.py[line:153] - INFO: Finish testing feature AudioFeatures.MELSPECS_VAD, for fold 0/4, epoch 2, time cost 33.4397292137146s ,with acc 0.6955645161290323
2021-09-08 12:21:07,573 - train_specific.py[line:168] - INFO: Saving weight to weight\20210908_121607\MelSpectrogram_VAD\fold0_4-epoch2-loss0.07134780872603068-acc0.6955645161290323.pth
2021-09-08 12:23:01,164 - train_specific.py[line:97] - INFO: Finish training feature AudioFeatures.MELSPECS_VAD, for fold 0/4, epoch 3, time cost 113.5901141166687s ,with loss 0.011289567046333104
2021-09-08 12:23:34,278 - train_specific.py[line:153] - INFO: Finish testing feature AudioFeatures.MELSPECS_VAD, for fold 0/4, epoch 3, time cost 33.114001989364624s ,with acc 0.6673387096774194
2021-09-08 12:23:34,398 - train_specific.py[line:168] - INFO: Saving weight to weight\20210908_121607\MelSpectrogram_VAD\fold0_4-epoch3-loss0.011289567046333104-acc0.6673387096774194.pth
2021-09-08 12:25:28,250 - train_specific.py[line:97] - INFO: Finish training feature AudioFeatures.MELSPECS_VAD, for fold 0/4, epoch 4, time cost 113.85176610946655s ,with loss 0.00467455324858589
2021-09-08 12:26:01,361 - train_specific.py[line:153] - INFO: Finish testing feature AudioFeatures.MELSPECS_VAD, for fold 0/4, epoch 4, time cost 33.11137914657593s ,with acc 0.6794354838709677
2021-09-08 12:26:01,485 - train_specific.py[line:168] - INFO: Saving weight to weight\20210908_121607\MelSpectrogram_VAD\fold0_4-epoch4-loss0.00467455324858589-acc0.6794354838709677.pth
2021-09-08 12:27:55,514 - train_specific.py[line:97] - INFO: Finish training feature AudioFeatures.MELSPECS_VAD, for fold 0/4, epoch 5, time cost 114.02875685691833s ,with loss 0.002255081844297187
2021-09-08 12:28:28,652 - train_specific.py[line:153] - INFO: Finish testing feature AudioFeatures.MELSPECS_VAD, for fold 0/4, epoch 5, time cost 33.13740825653076s ,with acc 0.6743951612903226
2021-09-08 12:28:28,778 - train_specific.py[line:168] - INFO: Saving weight to weight\20210908_121607\MelSpectrogram_VAD\fold0_4-epoch5-loss0.002255081844297187-acc0.6743951612903226.pth
2021-09-08 12:30:22,777 - train_specific.py[line:97] - INFO: Finish training feature AudioFeatures.MELSPECS_VAD, for fold 0/4, epoch 6, time cost 113.99791026115417s ,with loss 0.0011332842129337698
2021-09-08 12:30:56,062 - train_specific.py[line:153] - INFO: Finish testing feature AudioFeatures.MELSPECS_VAD, for fold 0/4, epoch 6, time cost 33.28515076637268s ,with acc 0.6854838709677419
2021-09-08 12:30:56,188 - train_specific.py[line:168] - INFO: Saving weight to weight\20210908_121607\MelSpectrogram_VAD\fold0_4-epoch6-loss0.0011332842129337698-acc0.6854838709677419.pth
2021-09-08 12:32:50,533 - train_specific.py[line:97] - INFO: Finish training feature AudioFeatures.MELSPECS_VAD, for fold 0/4, epoch 7, time cost 114.3447642326355s ,with loss 0.0008800943785544129
2021-09-08 12:33:23,841 - train_specific.py[line:153] - INFO: Finish testing feature AudioFeatures.MELSPECS_VAD, for fold 0/4, epoch 7, time cost 33.30770540237427s ,with acc 0.6875
2021-09-08 12:33:23,977 - train_specific.py[line:168] - INFO: Saving weight to weight\20210908_121607\MelSpectrogram_VAD\fold0_4-epoch7-loss0.0008800943785544129-acc0.6875.pth
2021-09-08 12:35:18,337 - train_specific.py[line:97] - INFO: Finish training feature AudioFeatures.MELSPECS_VAD, for fold 0/4, epoch 8, time cost 114.35904884338379s ,with loss 0.0007008382593322376
2021-09-08 12:35:51,771 - train_specific.py[line:153] - INFO: Finish testing feature AudioFeatures.MELSPECS_VAD, for fold 0/4, epoch 8, time cost 33.43324851989746s ,with acc 0.7046370967741935
2021-09-08 12:35:51,900 - train_specific.py[line:168] - INFO: Saving weight to weight\20210908_121607\MelSpectrogram_VAD\fold0_4-epoch8-loss0.0007008382593322376-acc0.7046370967741935.pth
2021-09-08 12:37:46,508 - train_specific.py[line:97] - INFO: Finish training feature AudioFeatures.MELSPECS_VAD, for fold 0/4, epoch 9, time cost 114.60808157920837s ,with loss 0.000798160213731614
2021-09-08 12:38:19,716 - train_specific.py[line:153] - INFO: Finish testing feature AudioFeatures.MELSPECS_VAD, for fold 0/4, epoch 9, time cost 33.20742869377136s ,with acc 0.6824596774193549
2021-09-08 12:38:19,844 - train_specific.py[line:168] - INFO: Saving weight to weight\20210908_121607\MelSpectrogram_VAD\fold0_4-epoch9-loss0.000798160213731614-acc0.6824596774193549.pth
2021-09-08 12:40:14,380 - train_specific.py[line:97] - INFO: Finish training feature AudioFeatures.MELSPECS_VAD, for fold 0/4, epoch 10, time cost 114.53657507896423s ,with loss 0.001203635417151299
2021-09-08 12:40:47,815 - train_specific.py[line:153] - INFO: Finish testing feature AudioFeatures.MELSPECS_VAD, for fold 0/4, epoch 10, time cost 33.43469858169556s ,with acc 0.6784274193548387
2021-09-08 12:40:47,944 - train_specific.py[line:168] - INFO: Saving weight to weight\20210908_121607\MelSpectrogram_VAD\fold0_4-epoch10-loss0.001203635417151299-acc0.6784274193548387.pth
2021-09-08 12:42:42,422 - train_specific.py[line:97] - INFO: Finish training feature AudioFeatures.MELSPECS_VAD, for fold 0/4, epoch 11, time cost 114.47719216346741s ,with loss 0.00046011622012172114
2021-09-08 12:43:15,826 - train_specific.py[line:153] - INFO: Finish testing feature AudioFeatures.MELSPECS_VAD, for fold 0/4, epoch 11, time cost 33.403451442718506s ,with acc 0.6713709677419355
2021-09-08 12:43:15,958 - train_specific.py[line:168] - INFO: Saving weight to weight\20210908_121607\MelSpectrogram_VAD\fold0_4-epoch11-loss0.00046011622012172114-acc0.6713709677419355.pth
2021-09-08 12:45:10,378 - train_specific.py[line:97] - INFO: Finish training feature AudioFeatures.MELSPECS_VAD, for fold 0/4, epoch 12, time cost 114.41930842399597s ,with loss 0.0003735072888720543
2021-09-08 12:45:43,737 - train_specific.py[line:153] - INFO: Finish testing feature AudioFeatures.MELSPECS_VAD, for fold 0/4, epoch 12, time cost 33.35973143577576s ,with acc 0.6723790322580645
2021-09-08 12:45:43,875 - train_specific.py[line:168] - INFO: Saving weight to weight\20210908_121607\MelSpectrogram_VAD\fold0_4-epoch12-loss0.0003735072888720543-acc0.6723790322580645.pth
2021-09-08 12:47:38,152 - train_specific.py[line:97] - INFO: Finish training feature AudioFeatures.MELSPECS_VAD, for fold 0/4, epoch 13, time cost 114.27622127532959s ,with loss 0.0005566981088953111
2021-09-08 12:48:11,424 - train_specific.py[line:153] - INFO: Finish testing feature AudioFeatures.MELSPECS_VAD, for fold 0/4, epoch 13, time cost 33.27152347564697s ,with acc 0.6794354838709677
2021-09-08 12:48:11,550 - train_specific.py[line:168] - INFO: Saving weight to weight\20210908_121607\MelSpectrogram_VAD\fold0_4-epoch13-loss0.0005566981088953111-acc0.6794354838709677.pth
2021-09-08 12:50:06,426 - train_specific.py[line:97] - INFO: Finish training feature AudioFeatures.MELSPECS_VAD, for fold 0/4, epoch 14, time cost 114.87446808815002s ,with loss 0.00032458164904038193
2021-09-08 12:50:39,662 - train_specific.py[line:153] - INFO: Finish testing feature AudioFeatures.MELSPECS_VAD, for fold 0/4, epoch 14, time cost 33.23661208152771s ,with acc 0.6804435483870968
2021-09-08 12:50:39,790 - train_specific.py[line:168] - INFO: Saving weight to weight\20210908_121607\MelSpectrogram_VAD\fold0_4-epoch14-loss0.00032458164904038193-acc0.6804435483870968.pth
2021-09-08 12:52:35,954 - train_specific.py[line:97] - INFO: Finish training feature AudioFeatures.MELSPECS_VAD, for fold 0/4, epoch 15, time cost 116.16287422180176s ,with loss 0.00033878011202867367
2021-09-08 12:53:10,087 - train_specific.py[line:153] - INFO: Finish testing feature AudioFeatures.MELSPECS_VAD, for fold 0/4, epoch 15, time cost 34.132771730422974s ,with acc 0.6774193548387096
2021-09-08 12:53:10,215 - train_specific.py[line:168] - INFO: Saving weight to weight\20210908_121607\MelSpectrogram_VAD\fold0_4-epoch15-loss0.00033878011202867367-acc0.6774193548387096.pth
2021-09-08 12:55:09,523 - train_specific.py[line:97] - INFO: Finish training feature AudioFeatures.MELSPECS_VAD, for fold 0/4, epoch 16, time cost 119.30656576156616s ,with loss 0.0017040708977892
2021-09-08 12:55:43,623 - train_specific.py[line:153] - INFO: Finish testing feature AudioFeatures.MELSPECS_VAD, for fold 0/4, epoch 16, time cost 34.10007286071777s ,with acc 0.6844758064516129
2021-09-08 12:55:43,727 - train_specific.py[line:168] - INFO: Saving weight to weight\20210908_121607\MelSpectrogram_VAD\fold0_4-epoch16-loss0.0017040708977892-acc0.6844758064516129.pth
2021-09-08 12:57:41,561 - train_specific.py[line:97] - INFO: Finish training feature AudioFeatures.MELSPECS_VAD, for fold 0/4, epoch 17, time cost 117.8338553905487s ,with loss 0.0007134744418101985
2021-09-08 12:58:16,160 - train_specific.py[line:153] - INFO: Finish testing feature AudioFeatures.MELSPECS_VAD, for fold 0/4, epoch 17, time cost 34.59919452667236s ,with acc 0.6733870967741935
2021-09-08 12:58:16,283 - train_specific.py[line:168] - INFO: Saving weight to weight\20210908_121607\MelSpectrogram_VAD\fold0_4-epoch17-loss0.0007134744418101985-acc0.6733870967741935.pth
2021-09-08 13:00:12,715 - train_specific.py[line:97] - INFO: Finish training feature AudioFeatures.MELSPECS_VAD, for fold 0/4, epoch 18, time cost 116.43175172805786s ,with loss 0.0003257505578285022
2021-09-08 13:00:45,942 - train_specific.py[line:153] - INFO: Finish testing feature AudioFeatures.MELSPECS_VAD, for fold 0/4, epoch 18, time cost 33.22704577445984s ,with acc 0.6794354838709677
2021-09-08 13:00:46,062 - train_specific.py[line:168] - INFO: Saving weight to weight\20210908_121607\MelSpectrogram_VAD\fold0_4-epoch18-loss0.0003257505578285022-acc0.6794354838709677.pth
2021-09-08 13:02:41,454 - train_specific.py[line:97] - INFO: Finish training feature AudioFeatures.MELSPECS_VAD, for fold 0/4, epoch 19, time cost 115.39129304885864s ,with loss 0.00037279134153322957
2021-09-08 13:03:15,631 - train_specific.py[line:153] - INFO: Finish testing feature AudioFeatures.MELSPECS_VAD, for fold 0/4, epoch 19, time cost 34.177133321762085s ,with acc 0.6764112903225806
2021-09-08 13:03:15,733 - train_specific.py[line:168] - INFO: Saving weight to weight\20210908_121607\MelSpectrogram_VAD\fold0_4-epoch19-loss0.00037279134153322957-acc0.6764112903225806.pth
2021-09-08 13:05:32,617 - train_specific.py[line:97] - INFO: Finish training feature AudioFeatures.MELSPECS_VAD, for fold 0/4, epoch 20, time cost 136.88295245170593s ,with loss 0.00029928018175664676
2021-09-08 13:06:12,057 - train_specific.py[line:153] - INFO: Finish testing feature AudioFeatures.MELSPECS_VAD, for fold 0/4, epoch 20, time cost 39.43825674057007s ,with acc 0.6895161290322581
2021-09-08 13:06:12,199 - train_specific.py[line:168] - INFO: Saving weight to weight\20210908_121607\MelSpectrogram_VAD\fold0_4-epoch20-loss0.00029928018175664676-acc0.6895161290322581.pth
2021-09-08 13:08:18,261 - train_specific.py[line:97] - INFO: Finish training feature AudioFeatures.MELSPECS_VAD, for fold 1/4, epoch 1, time cost 125.82983112335205s ,with loss 0.7526494226539913
2021-09-08 13:08:51,923 - train_specific.py[line:153] - INFO: Finish testing feature AudioFeatures.MELSPECS_VAD, for fold 1/4, epoch 1, time cost 33.661839723587036s ,with acc 0.592741935483871
2021-09-08 13:08:52,050 - train_specific.py[line:168] - INFO: Saving weight to weight\20210908_121607\MelSpectrogram_VAD\fold1_4-epoch1-loss0.7526494226539913-acc0.592741935483871.pth
2021-09-08 13:10:47,490 - train_specific.py[line:97] - INFO: Finish training feature AudioFeatures.MELSPECS_VAD, for fold 1/4, epoch 2, time cost 115.43996167182922s ,with loss 0.09569660256839478
2021-09-08 13:11:20,532 - train_specific.py[line:153] - INFO: Finish testing feature AudioFeatures.MELSPECS_VAD, for fold 1/4, epoch 2, time cost 33.04208946228027s ,with acc 0.6491935483870968
2021-09-08 13:11:20,660 - train_specific.py[line:168] - INFO: Saving weight to weight\20210908_121607\MelSpectrogram_VAD\fold1_4-epoch2-loss0.09569660256839478-acc0.6491935483870968.pth
2021-09-08 13:13:16,255 - train_specific.py[line:97] - INFO: Finish training feature AudioFeatures.MELSPECS_VAD, for fold 1/4, epoch 3, time cost 115.59371638298035s ,with loss 0.015889516404612274
2021-09-08 13:13:49,056 - train_specific.py[line:153] - INFO: Finish testing feature AudioFeatures.MELSPECS_VAD, for fold 1/4, epoch 3, time cost 32.8008291721344s ,with acc 0.6461693548387096
2021-09-08 13:13:49,176 - train_specific.py[line:168] - INFO: Saving weight to weight\20210908_121607\MelSpectrogram_VAD\fold1_4-epoch3-loss0.015889516404612274-acc0.6461693548387096.pth
2021-09-08 13:15:43,695 - train_specific.py[line:97] - INFO: Finish training feature AudioFeatures.MELSPECS_VAD, for fold 1/4, epoch 4, time cost 114.51837158203125s ,with loss 0.009402812518680508
2021-09-08 13:16:16,473 - train_specific.py[line:153] - INFO: Finish testing feature AudioFeatures.MELSPECS_VAD, for fold 1/4, epoch 4, time cost 32.77835822105408s ,with acc 0.6582661290322581
2021-09-08 13:16:16,565 - train_specific.py[line:168] - INFO: Saving weight to weight\20210908_121607\MelSpectrogram_VAD\fold1_4-epoch4-loss0.009402812518680508-acc0.6582661290322581.pth
2021-09-08 13:18:12,796 - train_specific.py[line:97] - INFO: Finish training feature AudioFeatures.MELSPECS_VAD, for fold 1/4, epoch 5, time cost 116.23138523101807s ,with loss 0.005603493383402921
2021-09-08 13:18:46,072 - train_specific.py[line:153] - INFO: Finish testing feature AudioFeatures.MELSPECS_VAD, for fold 1/4, epoch 5, time cost 33.275556564331055s ,with acc 0.5282258064516129
2021-09-08 13:18:46,193 - train_specific.py[line:168] - INFO: Saving weight to weight\20210908_121607\MelSpectrogram_VAD\fold1_4-epoch5-loss0.005603493383402921-acc0.5282258064516129.pth
2021-09-08 13:20:42,234 - train_specific.py[line:97] - INFO: Finish training feature AudioFeatures.MELSPECS_VAD, for fold 1/4, epoch 6, time cost 116.04021310806274s ,with loss 0.0027723765578744146
2021-09-08 13:21:15,106 - train_specific.py[line:153] - INFO: Finish testing feature AudioFeatures.MELSPECS_VAD, for fold 1/4, epoch 6, time cost 32.87234663963318s ,with acc 0.6229838709677419
2021-09-08 13:21:15,231 - train_specific.py[line:168] - INFO: Saving weight to weight\20210908_121607\MelSpectrogram_VAD\fold1_4-epoch6-loss0.0027723765578744146-acc0.6229838709677419.pth
2021-09-08 13:23:20,417 - train_specific.py[line:97] - INFO: Finish training feature AudioFeatures.MELSPECS_VAD, for fold 1/4, epoch 7, time cost 125.18652844429016s ,with loss 0.001072575522337739
2021-09-08 13:23:54,974 - train_specific.py[line:153] - INFO: Finish testing feature AudioFeatures.MELSPECS_VAD, for fold 1/4, epoch 7, time cost 34.55714416503906s ,with acc 0.6129032258064516
2021-09-08 13:23:55,071 - train_specific.py[line:168] - INFO: Saving weight to weight\20210908_121607\MelSpectrogram_VAD\fold1_4-epoch7-loss0.001072575522337739-acc0.6129032258064516.pth
2021-09-08 13:25:54,279 - train_specific.py[line:97] - INFO: Finish training feature AudioFeatures.MELSPECS_VAD, for fold 1/4, epoch 8, time cost 119.20670104026794s ,with loss 0.0020895232725271617
2021-09-08 13:26:27,893 - train_specific.py[line:153] - INFO: Finish testing feature AudioFeatures.MELSPECS_VAD, for fold 1/4, epoch 8, time cost 33.61364006996155s ,with acc 0.6038306451612904
2021-09-08 13:26:28,022 - train_specific.py[line:168] - INFO: Saving weight to weight\20210908_121607\MelSpectrogram_VAD\fold1_4-epoch8-loss0.0020895232725271617-acc0.6038306451612904.pth
2021-09-08 13:28:24,714 - train_specific.py[line:97] - INFO: Finish training feature AudioFeatures.MELSPECS_VAD, for fold 1/4, epoch 9, time cost 116.69182753562927s ,with loss 0.0011841949532303577
2021-09-08 13:28:58,558 - train_specific.py[line:153] - INFO: Finish testing feature AudioFeatures.MELSPECS_VAD, for fold 1/4, epoch 9, time cost 33.84394836425781s ,with acc 0.6340725806451613
2021-09-08 13:28:58,688 - train_specific.py[line:168] - INFO: Saving weight to weight\20210908_121607\MelSpectrogram_VAD\fold1_4-epoch9-loss0.0011841949532303577-acc0.6340725806451613.pth
2021-09-08 13:30:58,046 - train_specific.py[line:97] - INFO: Finish training feature AudioFeatures.MELSPECS_VAD, for fold 1/4, epoch 10, time cost 119.35882043838501s ,with loss 0.0005691407519288591
2021-09-08 13:31:32,296 - train_specific.py[line:153] - INFO: Finish testing feature AudioFeatures.MELSPECS_VAD, for fold 1/4, epoch 10, time cost 34.249804973602295s ,with acc 0.6139112903225806
2021-09-08 13:31:32,407 - train_specific.py[line:168] - INFO: Saving weight to weight\20210908_121607\MelSpectrogram_VAD\fold1_4-epoch10-loss0.0005691407519288591-acc0.6139112903225806.pth
2021-09-08 13:33:31,723 - train_specific.py[line:97] - INFO: Finish training feature AudioFeatures.MELSPECS_VAD, for fold 1/4, epoch 11, time cost 119.31615447998047s ,with loss 0.0005323316963767866
2021-09-08 13:34:06,975 - train_specific.py[line:153] - INFO: Finish testing feature AudioFeatures.MELSPECS_VAD, for fold 1/4, epoch 11, time cost 35.25258708000183s ,with acc 0.6118951612903226
2021-09-08 13:34:07,109 - train_specific.py[line:168] - INFO: Saving weight to weight\20210908_121607\MelSpectrogram_VAD\fold1_4-epoch11-loss0.0005323316963767866-acc0.6118951612903226.pth
2021-09-08 13:36:16,174 - train_specific.py[line:97] - INFO: Finish training feature AudioFeatures.MELSPECS_VAD, for fold 1/4, epoch 12, time cost 129.06369042396545s ,with loss 0.00040767686802768287
2021-09-08 13:36:51,540 - train_specific.py[line:153] - INFO: Finish testing feature AudioFeatures.MELSPECS_VAD, for fold 1/4, epoch 12, time cost 35.3658082485199s ,with acc 0.626008064516129
2021-09-08 13:36:51,683 - train_specific.py[line:168] - INFO: Saving weight to weight\20210908_121607\MelSpectrogram_VAD\fold1_4-epoch12-loss0.00040767686802768287-acc0.626008064516129.pth
2021-09-08 13:38:57,307 - train_specific.py[line:97] - INFO: Finish training feature AudioFeatures.MELSPECS_VAD, for fold 1/4, epoch 13, time cost 125.62372374534607s ,with loss 0.00040367935319251126
2021-09-08 13:39:32,947 - train_specific.py[line:153] - INFO: Finish testing feature AudioFeatures.MELSPECS_VAD, for fold 1/4, epoch 13, time cost 35.63955616950989s ,with acc 0.6129032258064516
2021-09-08 13:39:33,249 - train_specific.py[line:168] - INFO: Saving weight to weight\20210908_121607\MelSpectrogram_VAD\fold1_4-epoch13-loss0.00040367935319251126-acc0.6129032258064516.pth
2021-09-08 13:41:33,276 - train_specific.py[line:97] - INFO: Finish training feature AudioFeatures.MELSPECS_VAD, for fold 1/4, epoch 14, time cost 120.02610659599304s ,with loss 0.00043115738369282474
2021-09-08 13:42:07,166 - train_specific.py[line:153] - INFO: Finish testing feature AudioFeatures.MELSPECS_VAD, for fold 1/4, epoch 14, time cost 33.88942742347717s ,with acc 0.6209677419354839
2021-09-08 13:42:07,290 - train_specific.py[line:168] - INFO: Saving weight to weight\20210908_121607\MelSpectrogram_VAD\fold1_4-epoch14-loss0.00043115738369282474-acc0.6209677419354839.pth
2021-09-08 13:44:05,879 - train_specific.py[line:97] - INFO: Finish training feature AudioFeatures.MELSPECS_VAD, for fold 1/4, epoch 15, time cost 118.58764600753784s ,with loss 0.0003374997258224935
2021-09-08 13:44:39,759 - train_specific.py[line:153] - INFO: Finish testing feature AudioFeatures.MELSPECS_VAD, for fold 1/4, epoch 15, time cost 33.880025148391724s ,with acc 0.625
2021-09-08 13:44:39,888 - train_specific.py[line:168] - INFO: Saving weight to weight\20210908_121607\MelSpectrogram_VAD\fold1_4-epoch15-loss0.0003374997258224935-acc0.625.pth
2021-09-08 13:46:38,375 - train_specific.py[line:97] - INFO: Finish training feature AudioFeatures.MELSPECS_VAD, for fold 1/4, epoch 16, time cost 118.48619890213013s ,with loss 0.0002610573809978751
2021-09-08 13:47:12,380 - train_specific.py[line:153] - INFO: Finish testing feature AudioFeatures.MELSPECS_VAD, for fold 1/4, epoch 16, time cost 34.004064083099365s ,with acc 0.6058467741935484
2021-09-08 13:47:12,510 - train_specific.py[line:168] - INFO: Saving weight to weight\20210908_121607\MelSpectrogram_VAD\fold1_4-epoch16-loss0.0002610573809978751-acc0.6058467741935484.pth
2021-09-08 13:49:09,654 - train_specific.py[line:97] - INFO: Finish training feature AudioFeatures.MELSPECS_VAD, for fold 1/4, epoch 17, time cost 117.14296746253967s ,with loss 0.0002420186120250788
2021-09-08 13:49:42,593 - train_specific.py[line:153] - INFO: Finish testing feature AudioFeatures.MELSPECS_VAD, for fold 1/4, epoch 17, time cost 32.93930387496948s ,with acc 0.623991935483871
2021-09-08 13:49:42,691 - train_specific.py[line:168] - INFO: Saving weight to weight\20210908_121607\MelSpectrogram_VAD\fold1_4-epoch17-loss0.0002420186120250788-acc0.623991935483871.pth
2021-09-08 13:51:38,545 - train_specific.py[line:97] - INFO: Finish training feature AudioFeatures.MELSPECS_VAD, for fold 1/4, epoch 18, time cost 115.85328936576843s ,with loss 0.00024128700826385403
2021-09-08 13:52:13,058 - train_specific.py[line:153] - INFO: Finish testing feature AudioFeatures.MELSPECS_VAD, for fold 1/4, epoch 18, time cost 34.511757373809814s ,with acc 0.6280241935483871
2021-09-08 13:52:13,185 - train_specific.py[line:168] - INFO: Saving weight to weight\20210908_121607\MelSpectrogram_VAD\fold1_4-epoch18-loss0.00024128700826385403-acc0.6280241935483871.pth
2021-09-08 13:54:14,033 - train_specific.py[line:97] - INFO: Finish training feature AudioFeatures.MELSPECS_VAD, for fold 1/4, epoch 19, time cost 120.84773778915405s ,with loss 0.00016152864062583515
2021-09-08 13:54:48,544 - train_specific.py[line:153] - INFO: Finish testing feature AudioFeatures.MELSPECS_VAD, for fold 1/4, epoch 19, time cost 34.511398792266846s ,with acc 0.6209677419354839
2021-09-08 13:54:48,688 - train_specific.py[line:168] - INFO: Saving weight to weight\20210908_121607\MelSpectrogram_VAD\fold1_4-epoch19-loss0.00016152864062583515-acc0.6209677419354839.pth
2021-09-08 13:56:48,462 - train_specific.py[line:97] - INFO: Finish training feature AudioFeatures.MELSPECS_VAD, for fold 1/4, epoch 20, time cost 119.77280735969543s ,with loss 0.00016998488000235344
2021-09-08 13:57:22,403 - train_specific.py[line:153] - INFO: Finish testing feature AudioFeatures.MELSPECS_VAD, for fold 1/4, epoch 20, time cost 33.941511154174805s ,with acc 0.6280241935483871
2021-09-08 13:57:22,536 - train_specific.py[line:168] - INFO: Saving weight to weight\20210908_121607\MelSpectrogram_VAD\fold1_4-epoch20-loss0.00016998488000235344-acc0.6280241935483871.pth
2021-09-08 13:59:11,595 - train_specific.py[line:97] - INFO: Finish training feature AudioFeatures.MELSPECS_VAD, for fold 2/4, epoch 1, time cost 108.82910132408142s ,with loss 0.8145726385485866
2021-09-08 13:59:55,275 - train_specific.py[line:153] - INFO: Finish testing feature AudioFeatures.MELSPECS_VAD, for fold 2/4, epoch 1, time cost 43.67829203605652s ,with acc 0.7066532258064516
2021-09-08 13:59:55,399 - train_specific.py[line:168] - INFO: Saving weight to weight\20210908_121607\MelSpectrogram_VAD\fold2_4-epoch1-loss0.8145726385485866-acc0.7066532258064516.pth
2021-09-08 14:01:46,150 - train_specific.py[line:97] - INFO: Finish training feature AudioFeatures.MELSPECS_VAD, for fold 2/4, epoch 2, time cost 110.75050806999207s ,with loss 0.10287831783669231
2021-09-08 14:02:31,042 - train_specific.py[line:153] - INFO: Finish testing feature AudioFeatures.MELSPECS_VAD, for fold 2/4, epoch 2, time cost 44.891592502593994s ,with acc 0.7953629032258065
2021-09-08 14:02:31,171 - train_specific.py[line:168] - INFO: Saving weight to weight\20210908_121607\MelSpectrogram_VAD\fold2_4-epoch2-loss0.10287831783669231-acc0.7953629032258065.pth
2021-09-08 14:04:23,449 - train_specific.py[line:97] - INFO: Finish training feature AudioFeatures.MELSPECS_VAD, for fold 2/4, epoch 3, time cost 112.27788925170898s ,with loss 0.0172488159346951
2021-09-08 14:05:08,313 - train_specific.py[line:153] - INFO: Finish testing feature AudioFeatures.MELSPECS_VAD, for fold 2/4, epoch 3, time cost 44.86387896537781s ,with acc 0.782258064516129
2021-09-08 14:05:08,444 - train_specific.py[line:168] - INFO: Saving weight to weight\20210908_121607\MelSpectrogram_VAD\fold2_4-epoch3-loss0.0172488159346951-acc0.782258064516129.pth
2021-09-08 14:07:00,907 - train_specific.py[line:97] - INFO: Finish training feature AudioFeatures.MELSPECS_VAD, for fold 2/4, epoch 4, time cost 112.46171808242798s ,with loss 0.007008921679105539
2021-09-08 14:07:46,324 - train_specific.py[line:153] - INFO: Finish testing feature AudioFeatures.MELSPECS_VAD, for fold 2/4, epoch 4, time cost 45.41716408729553s ,with acc 0.7752016129032258
2021-09-08 14:07:46,466 - train_specific.py[line:168] - INFO: Saving weight to weight\20210908_121607\MelSpectrogram_VAD\fold2_4-epoch4-loss0.007008921679105539-acc0.7752016129032258.pth
2021-09-08 14:09:43,528 - train_specific.py[line:97] - INFO: Finish training feature AudioFeatures.MELSPECS_VAD, for fold 2/4, epoch 5, time cost 117.06229400634766s ,with loss 0.003388377640595022
2021-09-08 14:10:30,287 - train_specific.py[line:153] - INFO: Finish testing feature AudioFeatures.MELSPECS_VAD, for fold 2/4, epoch 5, time cost 46.757867097854614s ,with acc 0.7600806451612904
2021-09-08 14:10:30,421 - train_specific.py[line:168] - INFO: Saving weight to weight\20210908_121607\MelSpectrogram_VAD\fold2_4-epoch5-loss0.003388377640595022-acc0.7600806451612904.pth
2021-09-08 14:12:27,421 - train_specific.py[line:97] - INFO: Finish training feature AudioFeatures.MELSPECS_VAD, for fold 2/4, epoch 6, time cost 116.99967885017395s ,with loss 0.0022368126201004284
2021-09-08 14:13:14,233 - train_specific.py[line:153] - INFO: Finish testing feature AudioFeatures.MELSPECS_VAD, for fold 2/4, epoch 6, time cost 46.812267780303955s ,with acc 0.78125
2021-09-08 14:13:14,370 - train_specific.py[line:168] - INFO: Saving weight to weight\20210908_121607\MelSpectrogram_VAD\fold2_4-epoch6-loss0.0022368126201004284-acc0.78125.pth
2021-09-08 14:15:11,211 - train_specific.py[line:97] - INFO: Finish training feature AudioFeatures.MELSPECS_VAD, for fold 2/4, epoch 7, time cost 116.84029173851013s ,with loss 0.0008099162255348347
2021-09-08 14:15:58,136 - train_specific.py[line:153] - INFO: Finish testing feature AudioFeatures.MELSPECS_VAD, for fold 2/4, epoch 7, time cost 46.924251079559326s ,with acc 0.7721774193548387
2021-09-08 14:15:58,267 - train_specific.py[line:168] - INFO: Saving weight to weight\20210908_121607\MelSpectrogram_VAD\fold2_4-epoch7-loss0.0008099162255348347-acc0.7721774193548387.pth
2021-09-08 14:17:55,420 - train_specific.py[line:97] - INFO: Finish training feature AudioFeatures.MELSPECS_VAD, for fold 2/4, epoch 8, time cost 117.15321969985962s ,with loss 0.001131332240457477
2021-09-08 14:18:42,324 - train_specific.py[line:153] - INFO: Finish testing feature AudioFeatures.MELSPECS_VAD, for fold 2/4, epoch 8, time cost 46.9045205116272s ,with acc 0.7358870967741935
2021-09-08 14:18:42,466 - train_specific.py[line:168] - INFO: Saving weight to weight\20210908_121607\MelSpectrogram_VAD\fold2_4-epoch8-loss0.001131332240457477-acc0.7358870967741935.pth
2021-09-08 14:20:39,427 - train_specific.py[line:97] - INFO: Finish training feature AudioFeatures.MELSPECS_VAD, for fold 2/4, epoch 9, time cost 116.96063947677612s ,with loss 0.0015074508497175134
2021-09-08 14:21:26,601 - train_specific.py[line:153] - INFO: Finish testing feature AudioFeatures.MELSPECS_VAD, for fold 2/4, epoch 9, time cost 47.17446255683899s ,with acc 0.75
2021-09-08 14:21:26,738 - train_specific.py[line:168] - INFO: Saving weight to weight\20210908_121607\MelSpectrogram_VAD\fold2_4-epoch9-loss0.0015074508497175134-acc0.75.pth
2021-09-08 14:23:24,722 - train_specific.py[line:97] - INFO: Finish training feature AudioFeatures.MELSPECS_VAD, for fold 2/4, epoch 10, time cost 117.9832124710083s ,with loss 0.0008638627803560192
2021-09-08 14:24:11,839 - train_specific.py[line:153] - INFO: Finish testing feature AudioFeatures.MELSPECS_VAD, for fold 2/4, epoch 10, time cost 47.11763787269592s ,with acc 0.7661290322580645
2021-09-08 14:24:11,991 - train_specific.py[line:168] - INFO: Saving weight to weight\20210908_121607\MelSpectrogram_VAD\fold2_4-epoch10-loss0.0008638627803560192-acc0.7661290322580645.pth
2021-09-08 14:26:09,101 - train_specific.py[line:97] - INFO: Finish training feature AudioFeatures.MELSPECS_VAD, for fold 2/4, epoch 11, time cost 117.10872673988342s ,with loss 0.0005457222738859064
2021-09-08 14:26:56,037 - train_specific.py[line:153] - INFO: Finish testing feature AudioFeatures.MELSPECS_VAD, for fold 2/4, epoch 11, time cost 46.93660068511963s ,with acc 0.7661290322580645
2021-09-08 14:26:56,168 - train_specific.py[line:168] - INFO: Saving weight to weight\20210908_121607\MelSpectrogram_VAD\fold2_4-epoch11-loss0.0005457222738859064-acc0.7661290322580645.pth
2021-09-08 14:28:53,350 - train_specific.py[line:97] - INFO: Finish training feature AudioFeatures.MELSPECS_VAD, for fold 2/4, epoch 12, time cost 117.18164896965027s ,with loss 0.0003620548903832652
2021-09-08 14:29:40,670 - train_specific.py[line:153] - INFO: Finish testing feature AudioFeatures.MELSPECS_VAD, for fold 2/4, epoch 12, time cost 47.31922650337219s ,with acc 0.7701612903225806
2021-09-08 14:29:40,809 - train_specific.py[line:168] - INFO: Saving weight to weight\20210908_121607\MelSpectrogram_VAD\fold2_4-epoch12-loss0.0003620548903832652-acc0.7701612903225806.pth
2021-09-08 14:31:37,318 - train_specific.py[line:97] - INFO: Finish training feature AudioFeatures.MELSPECS_VAD, for fold 2/4, epoch 13, time cost 116.50906705856323s ,with loss 0.0002656679505929313
2021-09-08 14:32:23,822 - train_specific.py[line:153] - INFO: Finish testing feature AudioFeatures.MELSPECS_VAD, for fold 2/4, epoch 13, time cost 46.50354790687561s ,with acc 0.7762096774193549
2021-09-08 14:32:23,973 - train_specific.py[line:168] - INFO: Saving weight to weight\20210908_121607\MelSpectrogram_VAD\fold2_4-epoch13-loss0.0002656679505929313-acc0.7762096774193549.pth
2021-09-08 14:34:20,523 - train_specific.py[line:97] - INFO: Finish training feature AudioFeatures.MELSPECS_VAD, for fold 2/4, epoch 14, time cost 116.54985690116882s ,with loss 0.00033198865427315786
2021-09-08 14:35:07,252 - train_specific.py[line:153] - INFO: Finish testing feature AudioFeatures.MELSPECS_VAD, for fold 2/4, epoch 14, time cost 46.728766441345215s ,with acc 0.7651209677419355
2021-09-08 14:35:07,386 - train_specific.py[line:168] - INFO: Saving weight to weight\20210908_121607\MelSpectrogram_VAD\fold2_4-epoch14-loss0.00033198865427315786-acc0.7651209677419355.pth
2021-09-08 14:37:04,804 - train_specific.py[line:97] - INFO: Finish training feature AudioFeatures.MELSPECS_VAD, for fold 2/4, epoch 15, time cost 117.41586184501648s ,with loss 0.00022715160764124923
2021-09-08 14:37:51,896 - train_specific.py[line:153] - INFO: Finish testing feature AudioFeatures.MELSPECS_VAD, for fold 2/4, epoch 15, time cost 47.09196615219116s ,with acc 0.7832661290322581
2021-09-08 14:37:52,037 - train_specific.py[line:168] - INFO: Saving weight to weight\20210908_121607\MelSpectrogram_VAD\fold2_4-epoch15-loss0.00022715160764124923-acc0.7832661290322581.pth
2021-09-08 14:39:49,463 - train_specific.py[line:97] - INFO: Finish training feature AudioFeatures.MELSPECS_VAD, for fold 2/4, epoch 16, time cost 117.42486619949341s ,with loss 0.0005348825952553497
2021-09-08 14:40:36,305 - train_specific.py[line:153] - INFO: Finish testing feature AudioFeatures.MELSPECS_VAD, for fold 2/4, epoch 16, time cost 46.84146738052368s ,with acc 0.7641129032258065
2021-09-08 14:40:36,440 - train_specific.py[line:168] - INFO: Saving weight to weight\20210908_121607\MelSpectrogram_VAD\fold2_4-epoch16-loss0.0005348825952553497-acc0.7641129032258065.pth
2021-09-08 14:42:33,138 - train_specific.py[line:97] - INFO: Finish training feature AudioFeatures.MELSPECS_VAD, for fold 2/4, epoch 17, time cost 116.69681525230408s ,with loss 0.0002612582219843835
2021-09-08 14:43:20,001 - train_specific.py[line:153] - INFO: Finish testing feature AudioFeatures.MELSPECS_VAD, for fold 2/4, epoch 17, time cost 46.86259627342224s ,with acc 0.7641129032258065
2021-09-08 14:43:20,135 - train_specific.py[line:168] - INFO: Saving weight to weight\20210908_121607\MelSpectrogram_VAD\fold2_4-epoch17-loss0.0002612582219843835-acc0.7641129032258065.pth
2021-09-08 14:45:12,363 - train_specific.py[line:97] - INFO: Finish training feature AudioFeatures.MELSPECS_VAD, for fold 2/4, epoch 18, time cost 112.22643280029297s ,with loss 0.000314384053106788
2021-09-08 14:45:54,780 - train_specific.py[line:153] - INFO: Finish testing feature AudioFeatures.MELSPECS_VAD, for fold 2/4, epoch 18, time cost 42.41511583328247s ,with acc 0.7530241935483871
2021-09-08 14:45:54,906 - train_specific.py[line:168] - INFO: Saving weight to weight\20210908_121607\MelSpectrogram_VAD\fold2_4-epoch18-loss0.000314384053106788-acc0.7530241935483871.pth
2021-09-08 14:47:40,826 - train_specific.py[line:97] - INFO: Finish training feature AudioFeatures.MELSPECS_VAD, for fold 2/4, epoch 19, time cost 105.91851305961609s ,with loss 0.000296449990840934
2021-09-08 14:48:23,461 - train_specific.py[line:153] - INFO: Finish testing feature AudioFeatures.MELSPECS_VAD, for fold 2/4, epoch 19, time cost 42.635135650634766s ,with acc 0.7741935483870968
2021-09-08 14:48:23,589 - train_specific.py[line:168] - INFO: Saving weight to weight\20210908_121607\MelSpectrogram_VAD\fold2_4-epoch19-loss0.000296449990840934-acc0.7741935483870968.pth
2021-09-08 14:50:09,580 - train_specific.py[line:97] - INFO: Finish training feature AudioFeatures.MELSPECS_VAD, for fold 2/4, epoch 20, time cost 105.99102759361267s ,with loss 0.00018325646380676716
2021-09-08 14:50:51,815 - train_specific.py[line:153] - INFO: Finish testing feature AudioFeatures.MELSPECS_VAD, for fold 2/4, epoch 20, time cost 42.235039949417114s ,with acc 0.7691532258064516
2021-09-08 14:50:51,948 - train_specific.py[line:168] - INFO: Saving weight to weight\20210908_121607\MelSpectrogram_VAD\fold2_4-epoch20-loss0.00018325646380676716-acc0.7691532258064516.pth
2021-09-08 14:52:50,712 - train_specific.py[line:97] - INFO: Finish training feature AudioFeatures.MELSPECS_VAD, for fold 3/4, epoch 1, time cost 118.57938885688782s ,with loss 0.7431016136561671
2021-09-08 14:53:20,055 - train_specific.py[line:153] - INFO: Finish testing feature AudioFeatures.MELSPECS_VAD, for fold 3/4, epoch 1, time cost 29.342751502990723s ,with acc 0.603125
2021-09-08 14:53:20,176 - train_specific.py[line:168] - INFO: Saving weight to weight\20210908_121607\MelSpectrogram_VAD\fold3_4-epoch1-loss0.7431016136561671-acc0.603125.pth
2021-09-08 14:55:19,175 - train_specific.py[line:97] - INFO: Finish training feature AudioFeatures.MELSPECS_VAD, for fold 3/4, epoch 2, time cost 118.99886512756348s ,with loss 0.078502173725796
2021-09-08 14:55:48,552 - train_specific.py[line:153] - INFO: Finish testing feature AudioFeatures.MELSPECS_VAD, for fold 3/4, epoch 2, time cost 29.376837491989136s ,with acc 0.5802083333333333
2021-09-08 14:55:48,679 - train_specific.py[line:168] - INFO: Saving weight to weight\20210908_121607\MelSpectrogram_VAD\fold3_4-epoch2-loss0.078502173725796-acc0.5802083333333333.pth
2021-09-08 14:57:47,545 - train_specific.py[line:97] - INFO: Finish training feature AudioFeatures.MELSPECS_VAD, for fold 3/4, epoch 3, time cost 118.86442255973816s ,with loss 0.014371726821209255
2021-09-08 14:58:16,917 - train_specific.py[line:153] - INFO: Finish testing feature AudioFeatures.MELSPECS_VAD, for fold 3/4, epoch 3, time cost 29.37161111831665s ,with acc 0.6364583333333333
2021-09-08 14:58:17,040 - train_specific.py[line:168] - INFO: Saving weight to weight\20210908_121607\MelSpectrogram_VAD\fold3_4-epoch3-loss0.014371726821209255-acc0.6364583333333333.pth
2021-09-08 15:00:16,159 - train_specific.py[line:97] - INFO: Finish training feature AudioFeatures.MELSPECS_VAD, for fold 3/4, epoch 4, time cost 119.1188235282898s ,with loss 0.005059695392828284
2021-09-08 15:00:45,545 - train_specific.py[line:153] - INFO: Finish testing feature AudioFeatures.MELSPECS_VAD, for fold 3/4, epoch 4, time cost 29.385104179382324s ,with acc 0.6135416666666667
2021-09-08 15:00:45,676 - train_specific.py[line:168] - INFO: Saving weight to weight\20210908_121607\MelSpectrogram_VAD\fold3_4-epoch4-loss0.005059695392828284-acc0.6135416666666667.pth
2021-09-08 15:02:45,016 - train_specific.py[line:97] - INFO: Finish training feature AudioFeatures.MELSPECS_VAD, for fold 3/4, epoch 5, time cost 119.33948183059692s ,with loss 0.004103343991011316
2021-09-08 15:03:14,407 - train_specific.py[line:153] - INFO: Finish testing feature AudioFeatures.MELSPECS_VAD, for fold 3/4, epoch 5, time cost 29.3902370929718s ,with acc 0.646875
2021-09-08 15:03:14,533 - train_specific.py[line:168] - INFO: Saving weight to weight\20210908_121607\MelSpectrogram_VAD\fold3_4-epoch5-loss0.004103343991011316-acc0.646875.pth
2021-09-08 15:05:13,174 - train_specific.py[line:97] - INFO: Finish training feature AudioFeatures.MELSPECS_VAD, for fold 3/4, epoch 6, time cost 118.63974809646606s ,with loss 0.002103926696035678
2021-09-08 15:05:42,478 - train_specific.py[line:153] - INFO: Finish testing feature AudioFeatures.MELSPECS_VAD, for fold 3/4, epoch 6, time cost 29.303449869155884s ,with acc 0.6479166666666667
2021-09-08 15:05:42,604 - train_specific.py[line:168] - INFO: Saving weight to weight\20210908_121607\MelSpectrogram_VAD\fold3_4-epoch6-loss0.002103926696035678-acc0.6479166666666667.pth
2021-09-08 15:07:41,666 - train_specific.py[line:97] - INFO: Finish training feature AudioFeatures.MELSPECS_VAD, for fold 3/4, epoch 7, time cost 119.06207299232483s ,with loss 0.0012524385458300947
2021-09-08 15:08:11,102 - train_specific.py[line:153] - INFO: Finish testing feature AudioFeatures.MELSPECS_VAD, for fold 3/4, epoch 7, time cost 29.436118841171265s ,with acc 0.6208333333333333
2021-09-08 15:08:11,199 - train_specific.py[line:168] - INFO: Saving weight to weight\20210908_121607\MelSpectrogram_VAD\fold3_4-epoch7-loss0.0012524385458300947-acc0.6208333333333333.pth
2021-09-08 15:10:10,358 - train_specific.py[line:97] - INFO: Finish training feature AudioFeatures.MELSPECS_VAD, for fold 3/4, epoch 8, time cost 119.15946865081787s ,with loss 0.0008801979074632982
2021-09-08 15:10:39,619 - train_specific.py[line:153] - INFO: Finish testing feature AudioFeatures.MELSPECS_VAD, for fold 3/4, epoch 8, time cost 29.26057505607605s ,with acc 0.6333333333333333
2021-09-08 15:10:39,748 - train_specific.py[line:168] - INFO: Saving weight to weight\20210908_121607\MelSpectrogram_VAD\fold3_4-epoch8-loss0.0008801979074632982-acc0.6333333333333333.pth
2021-09-08 15:12:39,007 - train_specific.py[line:97] - INFO: Finish training feature AudioFeatures.MELSPECS_VAD, for fold 3/4, epoch 9, time cost 119.2586317062378s ,with loss 0.0007053436919147404
2021-09-08 15:13:08,587 - train_specific.py[line:153] - INFO: Finish testing feature AudioFeatures.MELSPECS_VAD, for fold 3/4, epoch 9, time cost 29.57965064048767s ,with acc 0.6385416666666667
2021-09-08 15:13:08,715 - train_specific.py[line:168] - INFO: Saving weight to weight\20210908_121607\MelSpectrogram_VAD\fold3_4-epoch9-loss0.0007053436919147404-acc0.6385416666666667.pth
2021-09-08 15:15:08,366 - train_specific.py[line:97] - INFO: Finish training feature AudioFeatures.MELSPECS_VAD, for fold 3/4, epoch 10, time cost 119.65051746368408s ,with loss 0.0018262095677283635
2021-09-08 15:15:37,998 - train_specific.py[line:153] - INFO: Finish testing feature AudioFeatures.MELSPECS_VAD, for fold 3/4, epoch 10, time cost 29.630454063415527s ,with acc 0.60625
2021-09-08 15:15:38,122 - train_specific.py[line:168] - INFO: Saving weight to weight\20210908_121607\MelSpectrogram_VAD\fold3_4-epoch10-loss0.0018262095677283635-acc0.60625.pth
2021-09-08 15:17:37,757 - train_specific.py[line:97] - INFO: Finish training feature AudioFeatures.MELSPECS_VAD, for fold 3/4, epoch 11, time cost 119.63544344902039s ,with loss 0.0013356925372977214
2021-09-08 15:18:07,310 - train_specific.py[line:153] - INFO: Finish testing feature AudioFeatures.MELSPECS_VAD, for fold 3/4, epoch 11, time cost 29.551849126815796s ,with acc 0.634375
2021-09-08 15:18:07,452 - train_specific.py[line:168] - INFO: Saving weight to weight\20210908_121607\MelSpectrogram_VAD\fold3_4-epoch11-loss0.0013356925372977214-acc0.634375.pth
2021-09-08 15:20:08,125 - train_specific.py[line:97] - INFO: Finish training feature AudioFeatures.MELSPECS_VAD, for fold 3/4, epoch 12, time cost 120.67161273956299s ,with loss 0.000419452623225547
2021-09-08 15:20:37,443 - train_specific.py[line:153] - INFO: Finish testing feature AudioFeatures.MELSPECS_VAD, for fold 3/4, epoch 12, time cost 29.3181791305542s ,with acc 0.6395833333333333
2021-09-08 15:20:37,571 - train_specific.py[line:168] - INFO: Saving weight to weight\20210908_121607\MelSpectrogram_VAD\fold3_4-epoch12-loss0.000419452623225547-acc0.6395833333333333.pth
2021-09-08 15:22:39,069 - train_specific.py[line:97] - INFO: Finish training feature AudioFeatures.MELSPECS_VAD, for fold 3/4, epoch 13, time cost 121.49733901023865s ,with loss 0.0004799187163860219
2021-09-08 15:23:09,415 - train_specific.py[line:153] - INFO: Finish testing feature AudioFeatures.MELSPECS_VAD, for fold 3/4, epoch 13, time cost 30.34613871574402s ,with acc 0.6385416666666667
2021-09-08 15:23:09,544 - train_specific.py[line:168] - INFO: Saving weight to weight\20210908_121607\MelSpectrogram_VAD\fold3_4-epoch13-loss0.0004799187163860219-acc0.6385416666666667.pth
2021-09-08 15:25:11,069 - train_specific.py[line:97] - INFO: Finish training feature AudioFeatures.MELSPECS_VAD, for fold 3/4, epoch 14, time cost 121.52382040023804s ,with loss 0.00037759736168022415
2021-09-08 15:25:41,077 - train_specific.py[line:153] - INFO: Finish testing feature AudioFeatures.MELSPECS_VAD, for fold 3/4, epoch 14, time cost 30.008907079696655s ,with acc 0.6135416666666667
2021-09-08 15:25:41,176 - train_specific.py[line:168] - INFO: Saving weight to weight\20210908_121607\MelSpectrogram_VAD\fold3_4-epoch14-loss0.00037759736168022415-acc0.6135416666666667.pth
2021-09-08 15:27:42,699 - train_specific.py[line:97] - INFO: Finish training feature AudioFeatures.MELSPECS_VAD, for fold 3/4, epoch 15, time cost 121.52321529388428s ,with loss 0.00034340726962068645
2021-09-08 15:28:12,535 - train_specific.py[line:153] - INFO: Finish testing feature AudioFeatures.MELSPECS_VAD, for fold 3/4, epoch 15, time cost 29.83602237701416s ,with acc 0.6395833333333333
2021-09-08 15:28:12,660 - train_specific.py[line:168] - INFO: Saving weight to weight\20210908_121607\MelSpectrogram_VAD\fold3_4-epoch15-loss0.00034340726962068645-acc0.6395833333333333.pth
2021-09-08 15:30:12,797 - train_specific.py[line:97] - INFO: Finish training feature AudioFeatures.MELSPECS_VAD, for fold 3/4, epoch 16, time cost 120.13544273376465s ,with loss 0.00038757473467612924
2021-09-08 15:30:42,430 - train_specific.py[line:153] - INFO: Finish testing feature AudioFeatures.MELSPECS_VAD, for fold 3/4, epoch 16, time cost 29.632943153381348s ,with acc 0.6208333333333333
2021-09-08 15:30:42,557 - train_specific.py[line:168] - INFO: Saving weight to weight\20210908_121607\MelSpectrogram_VAD\fold3_4-epoch16-loss0.00038757473467612924-acc0.6208333333333333.pth
2021-09-08 15:32:42,481 - train_specific.py[line:97] - INFO: Finish training feature AudioFeatures.MELSPECS_VAD, for fold 3/4, epoch 17, time cost 119.92239260673523s ,with loss 0.0005473540446248706
2021-09-08 15:33:12,491 - train_specific.py[line:153] - INFO: Finish testing feature AudioFeatures.MELSPECS_VAD, for fold 3/4, epoch 17, time cost 30.010509252548218s ,with acc 0.6072916666666667
2021-09-08 15:33:12,592 - train_specific.py[line:168] - INFO: Saving weight to weight\20210908_121607\MelSpectrogram_VAD\fold3_4-epoch17-loss0.0005473540446248706-acc0.6072916666666667.pth
2021-09-08 15:35:14,880 - train_specific.py[line:97] - INFO: Finish training feature AudioFeatures.MELSPECS_VAD, for fold 3/4, epoch 18, time cost 122.288569688797s ,with loss 0.0008097351574570082
2021-09-08 15:35:44,459 - train_specific.py[line:153] - INFO: Finish testing feature AudioFeatures.MELSPECS_VAD, for fold 3/4, epoch 18, time cost 29.578293085098267s ,with acc 0.621875
2021-09-08 15:35:44,587 - train_specific.py[line:168] - INFO: Saving weight to weight\20210908_121607\MelSpectrogram_VAD\fold3_4-epoch18-loss0.0008097351574570082-acc0.621875.pth
2021-09-08 15:37:45,087 - train_specific.py[line:97] - INFO: Finish training feature AudioFeatures.MELSPECS_VAD, for fold 3/4, epoch 19, time cost 120.50050044059753s ,with loss 0.00022582931770039167
2021-09-08 15:38:15,323 - train_specific.py[line:153] - INFO: Finish testing feature AudioFeatures.MELSPECS_VAD, for fold 3/4, epoch 19, time cost 30.235961437225342s ,with acc 0.6083333333333333
2021-09-08 15:38:15,420 - train_specific.py[line:168] - INFO: Saving weight to weight\20210908_121607\MelSpectrogram_VAD\fold3_4-epoch19-loss0.00022582931770039167-acc0.6083333333333333.pth
2021-09-08 15:40:16,509 - train_specific.py[line:97] - INFO: Finish training feature AudioFeatures.MELSPECS_VAD, for fold 3/4, epoch 20, time cost 121.08836340904236s ,with loss 0.0002779685137919773
2021-09-08 15:40:47,560 - train_specific.py[line:153] - INFO: Finish testing feature AudioFeatures.MELSPECS_VAD, for fold 3/4, epoch 20, time cost 31.05009698867798s ,with acc 0.6177083333333333
2021-09-08 15:40:47,663 - train_specific.py[line:168] - INFO: Saving weight to weight\20210908_121607\MelSpectrogram_VAD\fold3_4-epoch20-loss0.0002779685137919773-acc0.6177083333333333.pth
