2021-09-06 18:52:21,017 - train_specific.py[line:174] - INFO: Training with model <class 'model.models.joint_training_model.SpecificTrainLongTransformerEncoderModel'>.
2021-09-06 18:55:11,187 - train_specific.py[line:92] - INFO: Finish training feature AudioFeatures.MELSPECS, for fold 0/4, epoch 1, time cost 167.70391941070557s ,with loss 0.6722252341392247
2021-09-06 18:56:02,307 - train_specific.py[line:144] - INFO: Finish testing feature AudioFeatures.MELSPECS, for fold 0/4, epoch 1, time cost 51.12001276016235s ,with acc 0.6159274193548387
2021-09-06 18:56:02,340 - train_specific.py[line:159] - INFO: Saving weight to weight\20210906_185221\MelSpectrogram\fold0_4-epoch1-loss0.6722252341392247-acc0.6159274193548387.pth
2021-09-06 18:58:46,890 - train_specific.py[line:92] - INFO: Finish training feature AudioFeatures.MELSPECS, for fold 0/4, epoch 2, time cost 164.54910612106323s ,with loss 0.350882379657022
2021-09-06 18:59:38,010 - train_specific.py[line:144] - INFO: Finish testing feature AudioFeatures.MELSPECS, for fold 0/4, epoch 2, time cost 51.118560552597046s ,with acc 0.6330645161290323
2021-09-06 18:59:38,042 - train_specific.py[line:159] - INFO: Saving weight to weight\20210906_185221\MelSpectrogram\fold0_4-epoch2-loss0.350882379657022-acc0.6330645161290323.pth
2021-09-06 19:02:22,413 - train_specific.py[line:92] - INFO: Finish training feature AudioFeatures.MELSPECS, for fold 0/4, epoch 3, time cost 164.3709146976471s ,with loss 0.15268928052872702
2021-09-06 19:03:13,547 - train_specific.py[line:144] - INFO: Finish testing feature AudioFeatures.MELSPECS, for fold 0/4, epoch 3, time cost 51.133068561553955s ,with acc 0.6794354838709677
2021-09-06 19:03:13,581 - train_specific.py[line:159] - INFO: Saving weight to weight\20210906_185221\MelSpectrogram\fold0_4-epoch3-loss0.15268928052872702-acc0.6794354838709677.pth
2021-09-06 19:05:57,896 - train_specific.py[line:92] - INFO: Finish training feature AudioFeatures.MELSPECS, for fold 0/4, epoch 4, time cost 164.3136284351349s ,with loss 0.1522789137291155
2021-09-06 19:06:49,028 - train_specific.py[line:144] - INFO: Finish testing feature AudioFeatures.MELSPECS, for fold 0/4, epoch 4, time cost 51.13157510757446s ,with acc 0.6754032258064516
2021-09-06 19:06:49,061 - train_specific.py[line:159] - INFO: Saving weight to weight\20210906_185221\MelSpectrogram\fold0_4-epoch4-loss0.1522789137291155-acc0.6754032258064516.pth
2021-09-06 19:09:33,242 - train_specific.py[line:92] - INFO: Finish training feature AudioFeatures.MELSPECS, for fold 0/4, epoch 5, time cost 164.1806435585022s ,with loss 0.06393026160050953
2021-09-06 19:10:24,672 - train_specific.py[line:144] - INFO: Finish testing feature AudioFeatures.MELSPECS, for fold 0/4, epoch 5, time cost 51.42972159385681s ,with acc 0.6612903225806451
2021-09-06 19:10:24,704 - train_specific.py[line:159] - INFO: Saving weight to weight\20210906_185221\MelSpectrogram\fold0_4-epoch5-loss0.06393026160050953-acc0.6612903225806451.pth
2021-09-06 19:13:10,947 - train_specific.py[line:92] - INFO: Finish training feature AudioFeatures.MELSPECS, for fold 0/4, epoch 6, time cost 166.2418966293335s ,with loss 0.06042916441409667
2021-09-06 19:14:02,044 - train_specific.py[line:144] - INFO: Finish testing feature AudioFeatures.MELSPECS, for fold 0/4, epoch 6, time cost 51.097601890563965s ,with acc 0.6199596774193549
2021-09-06 19:14:02,328 - train_specific.py[line:159] - INFO: Saving weight to weight\20210906_185221\MelSpectrogram\fold0_4-epoch6-loss0.06042916441409667-acc0.6199596774193549.pth
2021-09-06 19:16:46,421 - train_specific.py[line:92] - INFO: Finish training feature AudioFeatures.MELSPECS, for fold 0/4, epoch 7, time cost 164.09288477897644s ,with loss 0.002865018274346569
2021-09-06 19:17:37,492 - train_specific.py[line:144] - INFO: Finish testing feature AudioFeatures.MELSPECS, for fold 0/4, epoch 7, time cost 51.06987285614014s ,with acc 0.6431451612903226
2021-09-06 19:17:37,524 - train_specific.py[line:159] - INFO: Saving weight to weight\20210906_185221\MelSpectrogram\fold0_4-epoch7-loss0.002865018274346569-acc0.6431451612903226.pth
2021-09-06 19:20:21,754 - train_specific.py[line:92] - INFO: Finish training feature AudioFeatures.MELSPECS, for fold 0/4, epoch 8, time cost 164.22894883155823s ,with loss 0.05158940042889773
2021-09-06 19:21:12,826 - train_specific.py[line:144] - INFO: Finish testing feature AudioFeatures.MELSPECS, for fold 0/4, epoch 8, time cost 51.07223033905029s ,with acc 0.655241935483871
2021-09-06 19:21:12,860 - train_specific.py[line:159] - INFO: Saving weight to weight\20210906_185221\MelSpectrogram\fold0_4-epoch8-loss0.05158940042889773-acc0.655241935483871.pth
2021-09-06 19:23:57,578 - train_specific.py[line:92] - INFO: Finish training feature AudioFeatures.MELSPECS, for fold 0/4, epoch 9, time cost 164.71757531166077s ,with loss 0.006876439682420586
2021-09-06 19:24:48,692 - train_specific.py[line:144] - INFO: Finish testing feature AudioFeatures.MELSPECS, for fold 0/4, epoch 9, time cost 51.11435604095459s ,with acc 0.6290322580645161
2021-09-06 19:24:49,016 - train_specific.py[line:159] - INFO: Saving weight to weight\20210906_185221\MelSpectrogram\fold0_4-epoch9-loss0.006876439682420586-acc0.6290322580645161.pth
2021-09-06 19:27:33,665 - train_specific.py[line:92] - INFO: Finish training feature AudioFeatures.MELSPECS, for fold 0/4, epoch 10, time cost 164.64860367774963s ,with loss 0.03743043201432991
2021-09-06 19:28:24,698 - train_specific.py[line:144] - INFO: Finish testing feature AudioFeatures.MELSPECS, for fold 0/4, epoch 10, time cost 51.03313899040222s ,with acc 0.5816532258064516
2021-09-06 19:28:24,731 - train_specific.py[line:159] - INFO: Saving weight to weight\20210906_185221\MelSpectrogram\fold0_4-epoch10-loss0.03743043201432991-acc0.5816532258064516.pth
2021-09-06 19:31:09,368 - train_specific.py[line:92] - INFO: Finish training feature AudioFeatures.MELSPECS, for fold 0/4, epoch 11, time cost 164.63602447509766s ,with loss 0.02208470802812055
2021-09-06 19:32:00,714 - train_specific.py[line:144] - INFO: Finish testing feature AudioFeatures.MELSPECS, for fold 0/4, epoch 11, time cost 51.34600472450256s ,with acc 0.6098790322580645
2021-09-06 19:32:00,749 - train_specific.py[line:159] - INFO: Saving weight to weight\20210906_185221\MelSpectrogram\fold0_4-epoch11-loss0.02208470802812055-acc0.6098790322580645.pth
2021-09-06 19:34:45,129 - train_specific.py[line:92] - INFO: Finish training feature AudioFeatures.MELSPECS, for fold 0/4, epoch 12, time cost 164.3806610107422s ,with loss 0.024450588737596736
2021-09-06 19:35:37,224 - train_specific.py[line:144] - INFO: Finish testing feature AudioFeatures.MELSPECS, for fold 0/4, epoch 12, time cost 52.09447431564331s ,with acc 0.6703629032258065
2021-09-06 19:35:37,257 - train_specific.py[line:159] - INFO: Saving weight to weight\20210906_185221\MelSpectrogram\fold0_4-epoch12-loss0.024450588737596736-acc0.6703629032258065.pth
2021-09-06 19:38:21,555 - train_specific.py[line:92] - INFO: Finish training feature AudioFeatures.MELSPECS, for fold 0/4, epoch 13, time cost 164.29849529266357s ,with loss 0.0012438832974982254
2021-09-06 19:39:12,690 - train_specific.py[line:144] - INFO: Finish testing feature AudioFeatures.MELSPECS, for fold 0/4, epoch 13, time cost 51.134321212768555s ,with acc 0.6743951612903226
2021-09-06 19:39:12,722 - train_specific.py[line:159] - INFO: Saving weight to weight\20210906_185221\MelSpectrogram\fold0_4-epoch13-loss0.0012438832974982254-acc0.6743951612903226.pth
2021-09-06 19:41:57,446 - train_specific.py[line:92] - INFO: Finish training feature AudioFeatures.MELSPECS, for fold 0/4, epoch 14, time cost 164.72403526306152s ,with loss 0.000760578442128937
2021-09-06 19:42:48,627 - train_specific.py[line:144] - INFO: Finish testing feature AudioFeatures.MELSPECS, for fold 0/4, epoch 14, time cost 51.180537939071655s ,with acc 0.6794354838709677
2021-09-06 19:42:48,660 - train_specific.py[line:159] - INFO: Saving weight to weight\20210906_185221\MelSpectrogram\fold0_4-epoch14-loss0.000760578442128937-acc0.6794354838709677.pth
2021-09-06 19:45:35,163 - train_specific.py[line:92] - INFO: Finish training feature AudioFeatures.MELSPECS, for fold 0/4, epoch 15, time cost 166.50314950942993s ,with loss 0.00048818778300894496
2021-09-06 19:46:26,359 - train_specific.py[line:144] - INFO: Finish testing feature AudioFeatures.MELSPECS, for fold 0/4, epoch 15, time cost 51.19476366043091s ,with acc 0.6743951612903226
2021-09-06 19:46:26,461 - train_specific.py[line:159] - INFO: Saving weight to weight\20210906_185221\MelSpectrogram\fold0_4-epoch15-loss0.00048818778300894496-acc0.6743951612903226.pth
2021-09-06 19:49:11,025 - train_specific.py[line:92] - INFO: Finish training feature AudioFeatures.MELSPECS, for fold 0/4, epoch 16, time cost 164.56426978111267s ,with loss 0.0003620037519478659
2021-09-06 19:50:02,341 - train_specific.py[line:144] - INFO: Finish testing feature AudioFeatures.MELSPECS, for fold 0/4, epoch 16, time cost 51.316025495529175s ,with acc 0.6592741935483871
2021-09-06 19:50:02,375 - train_specific.py[line:159] - INFO: Saving weight to weight\20210906_185221\MelSpectrogram\fold0_4-epoch16-loss0.0003620037519478659-acc0.6592741935483871.pth
2021-09-06 19:52:46,916 - train_specific.py[line:92] - INFO: Finish training feature AudioFeatures.MELSPECS, for fold 0/4, epoch 17, time cost 164.5399866104126s ,with loss 0.0003817974332022182
2021-09-06 19:53:37,991 - train_specific.py[line:144] - INFO: Finish testing feature AudioFeatures.MELSPECS, for fold 0/4, epoch 17, time cost 51.073997020721436s ,with acc 0.6713709677419355
2021-09-06 19:53:38,024 - train_specific.py[line:159] - INFO: Saving weight to weight\20210906_185221\MelSpectrogram\fold0_4-epoch17-loss0.0003817974332022182-acc0.6713709677419355.pth
2021-09-06 19:56:22,261 - train_specific.py[line:92] - INFO: Finish training feature AudioFeatures.MELSPECS, for fold 0/4, epoch 18, time cost 164.23648834228516s ,with loss 0.00023884052992521586
2021-09-06 19:57:13,296 - train_specific.py[line:144] - INFO: Finish testing feature AudioFeatures.MELSPECS, for fold 0/4, epoch 18, time cost 51.035139083862305s ,with acc 0.6723790322580645
2021-09-06 19:57:13,392 - train_specific.py[line:159] - INFO: Saving weight to weight\20210906_185221\MelSpectrogram\fold0_4-epoch18-loss0.00023884052992521586-acc0.6723790322580645.pth
2021-09-06 19:59:57,807 - train_specific.py[line:92] - INFO: Finish training feature AudioFeatures.MELSPECS, for fold 0/4, epoch 19, time cost 164.41447758674622s ,with loss 0.0009300151687848088
2021-09-06 20:00:49,074 - train_specific.py[line:144] - INFO: Finish testing feature AudioFeatures.MELSPECS, for fold 0/4, epoch 19, time cost 51.26768922805786s ,with acc 0.65625
2021-09-06 20:00:49,108 - train_specific.py[line:159] - INFO: Saving weight to weight\20210906_185221\MelSpectrogram\fold0_4-epoch19-loss0.0009300151687848088-acc0.65625.pth
2021-09-06 20:03:33,774 - train_specific.py[line:92] - INFO: Finish training feature AudioFeatures.MELSPECS, for fold 0/4, epoch 20, time cost 164.6661512851715s ,with loss 0.000352579535506661
2021-09-06 20:04:24,935 - train_specific.py[line:144] - INFO: Finish testing feature AudioFeatures.MELSPECS, for fold 0/4, epoch 20, time cost 51.16032433509827s ,with acc 0.6784274193548387
2021-09-06 20:04:24,967 - train_specific.py[line:159] - INFO: Saving weight to weight\20210906_185221\MelSpectrogram\fold0_4-epoch20-loss0.000352579535506661-acc0.6784274193548387.pth
2021-09-06 20:07:11,142 - train_specific.py[line:92] - INFO: Finish training feature AudioFeatures.MELSPECS, for fold 1/4, epoch 1, time cost 166.14709162712097s ,with loss 0.6226546442055184
2021-09-06 20:08:01,422 - train_specific.py[line:144] - INFO: Finish testing feature AudioFeatures.MELSPECS, for fold 1/4, epoch 1, time cost 50.28063488006592s ,with acc 0.5342741935483871
2021-09-06 20:08:01,455 - train_specific.py[line:159] - INFO: Saving weight to weight\20210906_185221\MelSpectrogram\fold1_4-epoch1-loss0.6226546442055184-acc0.5342741935483871.pth
2021-09-06 20:10:46,331 - train_specific.py[line:92] - INFO: Finish training feature AudioFeatures.MELSPECS, for fold 1/4, epoch 2, time cost 164.8753845691681s ,with loss 0.3778707086837486
2021-09-06 20:11:36,626 - train_specific.py[line:144] - INFO: Finish testing feature AudioFeatures.MELSPECS, for fold 1/4, epoch 2, time cost 50.29376173019409s ,with acc 0.5655241935483871
2021-09-06 20:11:36,659 - train_specific.py[line:159] - INFO: Saving weight to weight\20210906_185221\MelSpectrogram\fold1_4-epoch2-loss0.3778707086837486-acc0.5655241935483871.pth
2021-09-06 20:14:21,159 - train_specific.py[line:92] - INFO: Finish training feature AudioFeatures.MELSPECS, for fold 1/4, epoch 3, time cost 164.49957656860352s ,with loss 0.2072764365002513
2021-09-06 20:15:11,500 - train_specific.py[line:144] - INFO: Finish testing feature AudioFeatures.MELSPECS, for fold 1/4, epoch 3, time cost 50.34096121788025s ,with acc 0.5846774193548387
2021-09-06 20:15:11,532 - train_specific.py[line:159] - INFO: Saving weight to weight\20210906_185221\MelSpectrogram\fold1_4-epoch3-loss0.2072764365002513-acc0.5846774193548387.pth
2021-09-06 20:17:56,132 - train_specific.py[line:92] - INFO: Finish training feature AudioFeatures.MELSPECS, for fold 1/4, epoch 4, time cost 164.59915590286255s ,with loss 0.13782514933668805
2021-09-06 20:18:46,453 - train_specific.py[line:144] - INFO: Finish testing feature AudioFeatures.MELSPECS, for fold 1/4, epoch 4, time cost 50.32124638557434s ,with acc 0.5756048387096774
2021-09-06 20:18:46,486 - train_specific.py[line:159] - INFO: Saving weight to weight\20210906_185221\MelSpectrogram\fold1_4-epoch4-loss0.13782514933668805-acc0.5756048387096774.pth
2021-09-06 20:21:31,191 - train_specific.py[line:92] - INFO: Finish training feature AudioFeatures.MELSPECS, for fold 1/4, epoch 5, time cost 164.70552158355713s ,with loss 0.08536021196430185
2021-09-06 20:22:21,460 - train_specific.py[line:144] - INFO: Finish testing feature AudioFeatures.MELSPECS, for fold 1/4, epoch 5, time cost 50.26732802391052s ,with acc 0.4223790322580645
2021-09-06 20:22:21,492 - train_specific.py[line:159] - INFO: Saving weight to weight\20210906_185221\MelSpectrogram\fold1_4-epoch5-loss0.08536021196430185-acc0.4223790322580645.pth
2021-09-06 20:25:06,214 - train_specific.py[line:92] - INFO: Finish training feature AudioFeatures.MELSPECS, for fold 1/4, epoch 6, time cost 164.7210555076599s ,with loss 0.042918191917124204
2021-09-06 20:25:56,494 - train_specific.py[line:144] - INFO: Finish testing feature AudioFeatures.MELSPECS, for fold 1/4, epoch 6, time cost 50.27883839607239s ,with acc 0.49798387096774194
2021-09-06 20:25:56,548 - train_specific.py[line:159] - INFO: Saving weight to weight\20210906_185221\MelSpectrogram\fold1_4-epoch6-loss0.042918191917124204-acc0.49798387096774194.pth
2021-09-06 20:28:43,776 - train_specific.py[line:92] - INFO: Finish training feature AudioFeatures.MELSPECS, for fold 1/4, epoch 7, time cost 167.22710013389587s ,with loss 0.07787631681434426
2021-09-06 20:29:34,123 - train_specific.py[line:144] - INFO: Finish testing feature AudioFeatures.MELSPECS, for fold 1/4, epoch 7, time cost 50.34688472747803s ,with acc 0.5695564516129032
2021-09-06 20:29:34,155 - train_specific.py[line:159] - INFO: Saving weight to weight\20210906_185221\MelSpectrogram\fold1_4-epoch7-loss0.07787631681434426-acc0.5695564516129032.pth
2021-09-06 20:32:19,497 - train_specific.py[line:92] - INFO: Finish training feature AudioFeatures.MELSPECS, for fold 1/4, epoch 8, time cost 165.3412892818451s ,with loss 0.07954590885199887
2021-09-06 20:33:09,850 - train_specific.py[line:144] - INFO: Finish testing feature AudioFeatures.MELSPECS, for fold 1/4, epoch 8, time cost 50.35381579399109s ,with acc 0.5554435483870968
2021-09-06 20:33:09,986 - train_specific.py[line:159] - INFO: Saving weight to weight\20210906_185221\MelSpectrogram\fold1_4-epoch8-loss0.07954590885199887-acc0.5554435483870968.pth
2021-09-06 20:35:55,161 - train_specific.py[line:92] - INFO: Finish training feature AudioFeatures.MELSPECS, for fold 1/4, epoch 9, time cost 165.173912525177s ,with loss 0.0374237262234522
2021-09-06 20:36:45,609 - train_specific.py[line:144] - INFO: Finish testing feature AudioFeatures.MELSPECS, for fold 1/4, epoch 9, time cost 50.44826579093933s ,with acc 0.5725806451612904
2021-09-06 20:36:45,890 - train_specific.py[line:159] - INFO: Saving weight to weight\20210906_185221\MelSpectrogram\fold1_4-epoch9-loss0.0374237262234522-acc0.5725806451612904.pth
2021-09-06 20:39:31,078 - train_specific.py[line:92] - INFO: Finish training feature AudioFeatures.MELSPECS, for fold 1/4, epoch 10, time cost 165.18648862838745s ,with loss 0.030885360165800946
2021-09-06 20:40:21,685 - train_specific.py[line:144] - INFO: Finish testing feature AudioFeatures.MELSPECS, for fold 1/4, epoch 10, time cost 50.60743975639343s ,with acc 0.6502016129032258
2021-09-06 20:40:21,719 - train_specific.py[line:159] - INFO: Saving weight to weight\20210906_185221\MelSpectrogram\fold1_4-epoch10-loss0.030885360165800946-acc0.6502016129032258.pth
2021-09-06 20:43:07,070 - train_specific.py[line:92] - INFO: Finish training feature AudioFeatures.MELSPECS, for fold 1/4, epoch 11, time cost 165.35090732574463s ,with loss 0.0038827359228731516
2021-09-06 20:43:57,595 - train_specific.py[line:144] - INFO: Finish testing feature AudioFeatures.MELSPECS, for fold 1/4, epoch 11, time cost 50.525388956069946s ,with acc 0.5816532258064516
2021-09-06 20:43:57,629 - train_specific.py[line:159] - INFO: Saving weight to weight\20210906_185221\MelSpectrogram\fold1_4-epoch11-loss0.0038827359228731516-acc0.5816532258064516.pth
2021-09-06 20:46:42,967 - train_specific.py[line:92] - INFO: Finish training feature AudioFeatures.MELSPECS, for fold 1/4, epoch 12, time cost 165.3374092578888s ,with loss 0.0019520239854856577
2021-09-06 20:47:33,447 - train_specific.py[line:144] - INFO: Finish testing feature AudioFeatures.MELSPECS, for fold 1/4, epoch 12, time cost 50.47870874404907s ,with acc 0.5574596774193549
2021-09-06 20:47:33,549 - train_specific.py[line:159] - INFO: Saving weight to weight\20210906_185221\MelSpectrogram\fold1_4-epoch12-loss0.0019520239854856577-acc0.5574596774193549.pth
2021-09-06 20:50:19,259 - train_specific.py[line:92] - INFO: Finish training feature AudioFeatures.MELSPECS, for fold 1/4, epoch 13, time cost 165.7094874382019s ,with loss 0.0007923655511663326
2021-09-06 20:51:09,577 - train_specific.py[line:144] - INFO: Finish testing feature AudioFeatures.MELSPECS, for fold 1/4, epoch 13, time cost 50.318331718444824s ,with acc 0.5645161290322581
2021-09-06 20:51:09,663 - train_specific.py[line:159] - INFO: Saving weight to weight\20210906_185221\MelSpectrogram\fold1_4-epoch13-loss0.0007923655511663326-acc0.5645161290322581.pth
2021-09-06 20:53:54,333 - train_specific.py[line:92] - INFO: Finish training feature AudioFeatures.MELSPECS, for fold 1/4, epoch 14, time cost 164.66969323158264s ,with loss 0.0004204279108979909
2021-09-06 20:54:44,657 - train_specific.py[line:144] - INFO: Finish testing feature AudioFeatures.MELSPECS, for fold 1/4, epoch 14, time cost 50.3237509727478s ,with acc 0.5685483870967742
2021-09-06 20:54:44,707 - train_specific.py[line:159] - INFO: Saving weight to weight\20210906_185221\MelSpectrogram\fold1_4-epoch14-loss0.0004204279108979909-acc0.5685483870967742.pth
2021-09-06 20:57:29,563 - train_specific.py[line:92] - INFO: Finish training feature AudioFeatures.MELSPECS, for fold 1/4, epoch 15, time cost 164.85538816452026s ,with loss 0.000464661877962815
2021-09-06 20:58:19,840 - train_specific.py[line:144] - INFO: Finish testing feature AudioFeatures.MELSPECS, for fold 1/4, epoch 15, time cost 50.27764940261841s ,with acc 0.5756048387096774
2021-09-06 20:58:19,896 - train_specific.py[line:159] - INFO: Saving weight to weight\20210906_185221\MelSpectrogram\fold1_4-epoch15-loss0.000464661877962815-acc0.5756048387096774.pth
2021-09-06 21:01:04,818 - train_specific.py[line:92] - INFO: Finish training feature AudioFeatures.MELSPECS, for fold 1/4, epoch 16, time cost 164.92153429985046s ,with loss 0.000363837095214283
2021-09-06 21:01:55,062 - train_specific.py[line:144] - INFO: Finish testing feature AudioFeatures.MELSPECS, for fold 1/4, epoch 16, time cost 50.24469256401062s ,with acc 0.5655241935483871
2021-09-06 21:01:55,095 - train_specific.py[line:159] - INFO: Saving weight to weight\20210906_185221\MelSpectrogram\fold1_4-epoch16-loss0.000363837095214283-acc0.5655241935483871.pth
2021-09-06 21:04:39,783 - train_specific.py[line:92] - INFO: Finish training feature AudioFeatures.MELSPECS, for fold 1/4, epoch 17, time cost 164.68700242042542s ,with loss 0.00032305993573058714
2021-09-06 21:05:30,084 - train_specific.py[line:144] - INFO: Finish testing feature AudioFeatures.MELSPECS, for fold 1/4, epoch 17, time cost 50.301069498062134s ,with acc 0.594758064516129
2021-09-06 21:05:30,117 - train_specific.py[line:159] - INFO: Saving weight to weight\20210906_185221\MelSpectrogram\fold1_4-epoch17-loss0.00032305993573058714-acc0.594758064516129.pth
2021-09-06 21:08:17,993 - train_specific.py[line:92] - INFO: Finish training feature AudioFeatures.MELSPECS, for fold 1/4, epoch 18, time cost 167.87473225593567s ,with loss 0.0035389592728536272
2021-09-06 21:09:08,338 - train_specific.py[line:144] - INFO: Finish testing feature AudioFeatures.MELSPECS, for fold 1/4, epoch 18, time cost 50.34538507461548s ,with acc 0.4899193548387097
2021-09-06 21:09:08,370 - train_specific.py[line:159] - INFO: Saving weight to weight\20210906_185221\MelSpectrogram\fold1_4-epoch18-loss0.0035389592728536272-acc0.4899193548387097.pth
2021-09-06 21:11:53,416 - train_specific.py[line:92] - INFO: Finish training feature AudioFeatures.MELSPECS, for fold 1/4, epoch 19, time cost 165.04462695121765s ,with loss 0.05709274867631788
2021-09-06 21:12:43,758 - train_specific.py[line:144] - INFO: Finish testing feature AudioFeatures.MELSPECS, for fold 1/4, epoch 19, time cost 50.34218692779541s ,with acc 0.6098790322580645
2021-09-06 21:12:43,793 - train_specific.py[line:159] - INFO: Saving weight to weight\20210906_185221\MelSpectrogram\fold1_4-epoch19-loss0.05709274867631788-acc0.6098790322580645.pth
2021-09-06 21:15:28,598 - train_specific.py[line:92] - INFO: Finish training feature AudioFeatures.MELSPECS, for fold 1/4, epoch 20, time cost 164.8042962551117s ,with loss 0.001024041735905959
2021-09-06 21:16:18,933 - train_specific.py[line:144] - INFO: Finish testing feature AudioFeatures.MELSPECS, for fold 1/4, epoch 20, time cost 50.33495736122131s ,with acc 0.6048387096774194
2021-09-06 21:16:18,967 - train_specific.py[line:159] - INFO: Saving weight to weight\20210906_185221\MelSpectrogram\fold1_4-epoch20-loss0.001024041735905959-acc0.6048387096774194.pth
2021-09-06 21:18:51,411 - train_specific.py[line:92] - INFO: Finish training feature AudioFeatures.MELSPECS, for fold 2/4, epoch 1, time cost 152.41723203659058s ,with loss 0.6830720459313496
2021-09-06 21:19:53,994 - train_specific.py[line:144] - INFO: Finish testing feature AudioFeatures.MELSPECS, for fold 2/4, epoch 1, time cost 62.582903146743774s ,with acc 0.7096774193548387
2021-09-06 21:19:54,031 - train_specific.py[line:159] - INFO: Saving weight to weight\20210906_185221\MelSpectrogram\fold2_4-epoch1-loss0.6830720459313496-acc0.7096774193548387.pth
2021-09-06 21:22:26,746 - train_specific.py[line:92] - INFO: Finish training feature AudioFeatures.MELSPECS, for fold 2/4, epoch 2, time cost 152.7145071029663s ,with loss 0.33308802300092316
2021-09-06 21:23:29,338 - train_specific.py[line:144] - INFO: Finish testing feature AudioFeatures.MELSPECS, for fold 2/4, epoch 2, time cost 62.59153342247009s ,with acc 0.6602822580645161
2021-09-06 21:23:29,371 - train_specific.py[line:159] - INFO: Saving weight to weight\20210906_185221\MelSpectrogram\fold2_4-epoch2-loss0.33308802300092316-acc0.6602822580645161.pth
2021-09-06 21:26:01,860 - train_specific.py[line:92] - INFO: Finish training feature AudioFeatures.MELSPECS, for fold 2/4, epoch 3, time cost 152.48856282234192s ,with loss 0.18412492214195916
2021-09-06 21:27:04,444 - train_specific.py[line:144] - INFO: Finish testing feature AudioFeatures.MELSPECS, for fold 2/4, epoch 3, time cost 62.584123373031616s ,with acc 0.7298387096774194
2021-09-06 21:27:04,496 - train_specific.py[line:159] - INFO: Saving weight to weight\20210906_185221\MelSpectrogram\fold2_4-epoch3-loss0.18412492214195916-acc0.7298387096774194.pth
2021-09-06 21:29:37,816 - train_specific.py[line:92] - INFO: Finish training feature AudioFeatures.MELSPECS, for fold 2/4, epoch 4, time cost 153.3183400630951s ,with loss 0.11097736487610509
2021-09-06 21:30:40,605 - train_specific.py[line:144] - INFO: Finish testing feature AudioFeatures.MELSPECS, for fold 2/4, epoch 4, time cost 62.78833246231079s ,with acc 0.6844758064516129
2021-09-06 21:30:40,638 - train_specific.py[line:159] - INFO: Saving weight to weight\20210906_185221\MelSpectrogram\fold2_4-epoch4-loss0.11097736487610509-acc0.6844758064516129.pth
2021-09-06 21:33:19,673 - train_specific.py[line:92] - INFO: Finish training feature AudioFeatures.MELSPECS, for fold 2/4, epoch 5, time cost 159.035147190094s ,with loss 0.0631709526857341
2021-09-06 21:34:29,138 - train_specific.py[line:144] - INFO: Finish testing feature AudioFeatures.MELSPECS, for fold 2/4, epoch 5, time cost 69.46396541595459s ,with acc 0.655241935483871
2021-09-06 21:34:29,177 - train_specific.py[line:159] - INFO: Saving weight to weight\20210906_185221\MelSpectrogram\fold2_4-epoch5-loss0.0631709526857341-acc0.655241935483871.pth
2021-09-06 21:37:14,026 - train_specific.py[line:92] - INFO: Finish training feature AudioFeatures.MELSPECS, for fold 2/4, epoch 6, time cost 164.84838151931763s ,with loss 0.08089238403519393
2021-09-06 21:38:20,068 - train_specific.py[line:144] - INFO: Finish testing feature AudioFeatures.MELSPECS, for fold 2/4, epoch 6, time cost 66.04164481163025s ,with acc 0.7419354838709677
2021-09-06 21:38:20,344 - train_specific.py[line:159] - INFO: Saving weight to weight\20210906_185221\MelSpectrogram\fold2_4-epoch6-loss0.08089238403519393-acc0.7419354838709677.pth
2021-09-06 21:40:53,192 - train_specific.py[line:92] - INFO: Finish training feature AudioFeatures.MELSPECS, for fold 2/4, epoch 7, time cost 152.84682035446167s ,with loss 0.051389382567836234
2021-09-06 21:41:55,849 - train_specific.py[line:144] - INFO: Finish testing feature AudioFeatures.MELSPECS, for fold 2/4, epoch 7, time cost 62.65642070770264s ,with acc 0.7026209677419355
2021-09-06 21:41:55,882 - train_specific.py[line:159] - INFO: Saving weight to weight\20210906_185221\MelSpectrogram\fold2_4-epoch7-loss0.051389382567836234-acc0.7026209677419355.pth
2021-09-06 21:44:28,354 - train_specific.py[line:92] - INFO: Finish training feature AudioFeatures.MELSPECS, for fold 2/4, epoch 8, time cost 152.47097969055176s ,with loss 0.03469242623142908
2021-09-06 21:45:31,132 - train_specific.py[line:144] - INFO: Finish testing feature AudioFeatures.MELSPECS, for fold 2/4, epoch 8, time cost 62.778159379959106s ,with acc 0.7116935483870968
2021-09-06 21:45:31,204 - train_specific.py[line:159] - INFO: Saving weight to weight\20210906_185221\MelSpectrogram\fold2_4-epoch8-loss0.03469242623142908-acc0.7116935483870968.pth
2021-09-06 21:48:03,742 - train_specific.py[line:92] - INFO: Finish training feature AudioFeatures.MELSPECS, for fold 2/4, epoch 9, time cost 152.53829669952393s ,with loss 0.04341513137478614
2021-09-06 21:49:06,346 - train_specific.py[line:144] - INFO: Finish testing feature AudioFeatures.MELSPECS, for fold 2/4, epoch 9, time cost 62.60433340072632s ,with acc 0.6743951612903226
2021-09-06 21:49:06,627 - train_specific.py[line:159] - INFO: Saving weight to weight\20210906_185221\MelSpectrogram\fold2_4-epoch9-loss0.04341513137478614-acc0.6743951612903226.pth
2021-09-06 21:51:39,381 - train_specific.py[line:92] - INFO: Finish training feature AudioFeatures.MELSPECS, for fold 2/4, epoch 10, time cost 152.75354075431824s ,with loss 0.0037081818704989373
2021-09-06 21:52:41,916 - train_specific.py[line:144] - INFO: Finish testing feature AudioFeatures.MELSPECS, for fold 2/4, epoch 10, time cost 62.53504967689514s ,with acc 0.6915322580645161
2021-09-06 21:52:41,949 - train_specific.py[line:159] - INFO: Saving weight to weight\20210906_185221\MelSpectrogram\fold2_4-epoch10-loss0.0037081818704989373-acc0.6915322580645161.pth
2021-09-06 21:55:15,379 - train_specific.py[line:92] - INFO: Finish training feature AudioFeatures.MELSPECS, for fold 2/4, epoch 11, time cost 153.42849969863892s ,with loss 0.000771018819744748
2021-09-06 21:56:18,731 - train_specific.py[line:144] - INFO: Finish testing feature AudioFeatures.MELSPECS, for fold 2/4, epoch 11, time cost 63.35239005088806s ,with acc 0.7439516129032258
2021-09-06 21:56:18,764 - train_specific.py[line:159] - INFO: Saving weight to weight\20210906_185221\MelSpectrogram\fold2_4-epoch11-loss0.000771018819744748-acc0.7439516129032258.pth
2021-09-06 21:58:52,743 - train_specific.py[line:92] - INFO: Finish training feature AudioFeatures.MELSPECS, for fold 2/4, epoch 12, time cost 153.9778733253479s ,with loss 0.04153604076260387
2021-09-06 21:59:55,210 - train_specific.py[line:144] - INFO: Finish testing feature AudioFeatures.MELSPECS, for fold 2/4, epoch 12, time cost 62.46649217605591s ,with acc 0.686491935483871
2021-09-06 21:59:55,244 - train_specific.py[line:159] - INFO: Saving weight to weight\20210906_185221\MelSpectrogram\fold2_4-epoch12-loss0.04153604076260387-acc0.686491935483871.pth
2021-09-06 22:02:27,876 - train_specific.py[line:92] - INFO: Finish training feature AudioFeatures.MELSPECS, for fold 2/4, epoch 13, time cost 152.6318027973175s ,with loss 0.006235578875297822
2021-09-06 22:03:30,439 - train_specific.py[line:144] - INFO: Finish testing feature AudioFeatures.MELSPECS, for fold 2/4, epoch 13, time cost 62.56274127960205s ,with acc 0.6945564516129032
2021-09-06 22:03:30,472 - train_specific.py[line:159] - INFO: Saving weight to weight\20210906_185221\MelSpectrogram\fold2_4-epoch13-loss0.006235578875297822-acc0.6945564516129032.pth
2021-09-06 22:06:02,719 - train_specific.py[line:92] - INFO: Finish training feature AudioFeatures.MELSPECS, for fold 2/4, epoch 14, time cost 152.24722003936768s ,with loss 0.008659326983868832
2021-09-06 22:07:05,152 - train_specific.py[line:144] - INFO: Finish testing feature AudioFeatures.MELSPECS, for fold 2/4, epoch 14, time cost 62.43252420425415s ,with acc 0.7157258064516129
2021-09-06 22:07:05,184 - train_specific.py[line:159] - INFO: Saving weight to weight\20210906_185221\MelSpectrogram\fold2_4-epoch14-loss0.008659326983868832-acc0.7157258064516129.pth
2021-09-06 22:09:47,297 - train_specific.py[line:92] - INFO: Finish training feature AudioFeatures.MELSPECS, for fold 2/4, epoch 15, time cost 162.11223697662354s ,with loss 0.010040909537842115
2021-09-06 22:10:50,298 - train_specific.py[line:144] - INFO: Finish testing feature AudioFeatures.MELSPECS, for fold 2/4, epoch 15, time cost 63.00117778778076s ,with acc 0.7056451612903226
2021-09-06 22:10:50,386 - train_specific.py[line:159] - INFO: Saving weight to weight\20210906_185221\MelSpectrogram\fold2_4-epoch15-loss0.010040909537842115-acc0.7056451612903226.pth
2021-09-06 22:13:23,296 - train_specific.py[line:92] - INFO: Finish training feature AudioFeatures.MELSPECS, for fold 2/4, epoch 16, time cost 152.91026544570923s ,with loss 0.002620295793013097
2021-09-06 22:14:25,951 - train_specific.py[line:144] - INFO: Finish testing feature AudioFeatures.MELSPECS, for fold 2/4, epoch 16, time cost 62.65504240989685s ,with acc 0.6975806451612904
2021-09-06 22:14:25,984 - train_specific.py[line:159] - INFO: Saving weight to weight\20210906_185221\MelSpectrogram\fold2_4-epoch16-loss0.002620295793013097-acc0.6975806451612904.pth
2021-09-06 22:16:58,506 - train_specific.py[line:92] - INFO: Finish training feature AudioFeatures.MELSPECS, for fold 2/4, epoch 17, time cost 152.52214980125427s ,with loss 0.02123362428289471
2021-09-06 22:18:01,199 - train_specific.py[line:144] - INFO: Finish testing feature AudioFeatures.MELSPECS, for fold 2/4, epoch 17, time cost 62.69345045089722s ,with acc 0.686491935483871
2021-09-06 22:18:01,231 - train_specific.py[line:159] - INFO: Saving weight to weight\20210906_185221\MelSpectrogram\fold2_4-epoch17-loss0.02123362428289471-acc0.686491935483871.pth
2021-09-06 22:20:34,258 - train_specific.py[line:92] - INFO: Finish training feature AudioFeatures.MELSPECS, for fold 2/4, epoch 18, time cost 153.02544832229614s ,with loss 0.03360443797037473
2021-09-06 22:21:37,043 - train_specific.py[line:144] - INFO: Finish testing feature AudioFeatures.MELSPECS, for fold 2/4, epoch 18, time cost 62.78564453125s ,with acc 0.7026209677419355
2021-09-06 22:21:37,076 - train_specific.py[line:159] - INFO: Saving weight to weight\20210906_185221\MelSpectrogram\fold2_4-epoch18-loss0.03360443797037473-acc0.7026209677419355.pth
2021-09-06 22:24:09,540 - train_specific.py[line:92] - INFO: Finish training feature AudioFeatures.MELSPECS, for fold 2/4, epoch 19, time cost 152.46358060836792s ,with loss 0.009446441321731823
2021-09-06 22:25:12,126 - train_specific.py[line:144] - INFO: Finish testing feature AudioFeatures.MELSPECS, for fold 2/4, epoch 19, time cost 62.586222648620605s ,with acc 0.7157258064516129
2021-09-06 22:25:12,159 - train_specific.py[line:159] - INFO: Saving weight to weight\20210906_185221\MelSpectrogram\fold2_4-epoch19-loss0.009446441321731823-acc0.7157258064516129.pth
2021-09-06 22:27:44,566 - train_specific.py[line:92] - INFO: Finish training feature AudioFeatures.MELSPECS, for fold 2/4, epoch 20, time cost 152.4062032699585s ,with loss 0.054237660579098665
2021-09-06 22:28:48,026 - train_specific.py[line:144] - INFO: Finish testing feature AudioFeatures.MELSPECS, for fold 2/4, epoch 20, time cost 63.458736181259155s ,with acc 0.6854838709677419
2021-09-06 22:28:48,059 - train_specific.py[line:159] - INFO: Saving weight to weight\20210906_185221\MelSpectrogram\fold2_4-epoch20-loss0.054237660579098665-acc0.6854838709677419.pth
2021-09-06 22:31:37,997 - train_specific.py[line:92] - INFO: Finish training feature AudioFeatures.MELSPECS, for fold 3/4, epoch 1, time cost 169.91091179847717s ,with loss 0.5989674676650314
2021-09-06 22:32:23,592 - train_specific.py[line:144] - INFO: Finish testing feature AudioFeatures.MELSPECS, for fold 3/4, epoch 1, time cost 45.59569478034973s ,with acc 0.5510416666666667
2021-09-06 22:32:23,625 - train_specific.py[line:159] - INFO: Saving weight to weight\20210906_185221\MelSpectrogram\fold3_4-epoch1-loss0.5989674676650314-acc0.5510416666666667.pth
2021-09-06 22:35:13,332 - train_specific.py[line:92] - INFO: Finish training feature AudioFeatures.MELSPECS, for fold 3/4, epoch 2, time cost 169.7058868408203s ,with loss 0.33897464329837473
2021-09-06 22:35:59,006 - train_specific.py[line:144] - INFO: Finish testing feature AudioFeatures.MELSPECS, for fold 3/4, epoch 2, time cost 45.67330360412598s ,with acc 0.6416666666666667
2021-09-06 22:35:59,038 - train_specific.py[line:159] - INFO: Saving weight to weight\20210906_185221\MelSpectrogram\fold3_4-epoch2-loss0.33897464329837473-acc0.6416666666666667.pth
2021-09-06 22:38:48,851 - train_specific.py[line:92] - INFO: Finish training feature AudioFeatures.MELSPECS, for fold 3/4, epoch 3, time cost 169.8127899169922s ,with loss 0.23312070597243564
2021-09-06 22:39:34,541 - train_specific.py[line:144] - INFO: Finish testing feature AudioFeatures.MELSPECS, for fold 3/4, epoch 3, time cost 45.6890504360199s ,with acc 0.6395833333333333
2021-09-06 22:39:34,672 - train_specific.py[line:159] - INFO: Saving weight to weight\20210906_185221\MelSpectrogram\fold3_4-epoch3-loss0.23312070597243564-acc0.6395833333333333.pth
2021-09-06 22:42:24,188 - train_specific.py[line:92] - INFO: Finish training feature AudioFeatures.MELSPECS, for fold 3/4, epoch 4, time cost 169.51556515693665s ,with loss 0.11721301962426232
2021-09-06 22:43:09,729 - train_specific.py[line:144] - INFO: Finish testing feature AudioFeatures.MELSPECS, for fold 3/4, epoch 4, time cost 45.540205001831055s ,with acc 0.5739583333333333
2021-09-06 22:43:09,763 - train_specific.py[line:159] - INFO: Saving weight to weight\20210906_185221\MelSpectrogram\fold3_4-epoch4-loss0.11721301962426232-acc0.5739583333333333.pth
2021-09-06 22:45:59,417 - train_specific.py[line:92] - INFO: Finish training feature AudioFeatures.MELSPECS, for fold 3/4, epoch 5, time cost 169.653165102005s ,with loss 0.10190164511184639
2021-09-06 22:46:45,066 - train_specific.py[line:144] - INFO: Finish testing feature AudioFeatures.MELSPECS, for fold 3/4, epoch 5, time cost 45.648133754730225s ,with acc 0.64375
2021-09-06 22:46:45,100 - train_specific.py[line:159] - INFO: Saving weight to weight\20210906_185221\MelSpectrogram\fold3_4-epoch5-loss0.10190164511184639-acc0.64375.pth
2021-09-06 22:49:34,778 - train_specific.py[line:92] - INFO: Finish training feature AudioFeatures.MELSPECS, for fold 3/4, epoch 6, time cost 169.67797136306763s ,with loss 0.0775944697764522
2021-09-06 22:50:20,519 - train_specific.py[line:144] - INFO: Finish testing feature AudioFeatures.MELSPECS, for fold 3/4, epoch 6, time cost 45.74153995513916s ,with acc 0.6197916666666666
2021-09-06 22:50:20,577 - train_specific.py[line:159] - INFO: Saving weight to weight\20210906_185221\MelSpectrogram\fold3_4-epoch6-loss0.0775944697764522-acc0.6197916666666666.pth
2021-09-06 22:53:10,299 - train_specific.py[line:92] - INFO: Finish training feature AudioFeatures.MELSPECS, for fold 3/4, epoch 7, time cost 169.7222228050232s ,with loss 0.033981771525358584
2021-09-06 22:53:55,844 - train_specific.py[line:144] - INFO: Finish testing feature AudioFeatures.MELSPECS, for fold 3/4, epoch 7, time cost 45.54528546333313s ,with acc 0.6739583333333333
2021-09-06 22:53:55,877 - train_specific.py[line:159] - INFO: Saving weight to weight\20210906_185221\MelSpectrogram\fold3_4-epoch7-loss0.033981771525358584-acc0.6739583333333333.pth
2021-09-06 22:56:45,550 - train_specific.py[line:92] - INFO: Finish training feature AudioFeatures.MELSPECS, for fold 3/4, epoch 8, time cost 169.6728973388672s ,with loss 0.05979630712814684
2021-09-06 22:57:31,220 - train_specific.py[line:144] - INFO: Finish testing feature AudioFeatures.MELSPECS, for fold 3/4, epoch 8, time cost 45.67025399208069s ,with acc 0.690625
2021-09-06 22:57:31,330 - train_specific.py[line:159] - INFO: Saving weight to weight\20210906_185221\MelSpectrogram\fold3_4-epoch8-loss0.05979630712814684-acc0.690625.pth
2021-09-06 23:00:20,958 - train_specific.py[line:92] - INFO: Finish training feature AudioFeatures.MELSPECS, for fold 3/4, epoch 9, time cost 169.62542533874512s ,with loss 0.0500074539716
2021-09-06 23:01:06,644 - train_specific.py[line:144] - INFO: Finish testing feature AudioFeatures.MELSPECS, for fold 3/4, epoch 9, time cost 45.68645620346069s ,with acc 0.6572916666666667
2021-09-06 23:01:06,926 - train_specific.py[line:159] - INFO: Saving weight to weight\20210906_185221\MelSpectrogram\fold3_4-epoch9-loss0.0500074539716-acc0.6572916666666667.pth
2021-09-06 23:03:56,562 - train_specific.py[line:92] - INFO: Finish training feature AudioFeatures.MELSPECS, for fold 3/4, epoch 10, time cost 169.63635230064392s ,with loss 0.00459003378175542
2021-09-06 23:04:42,293 - train_specific.py[line:144] - INFO: Finish testing feature AudioFeatures.MELSPECS, for fold 3/4, epoch 10, time cost 45.73067855834961s ,with acc 0.646875
2021-09-06 23:04:42,326 - train_specific.py[line:159] - INFO: Saving weight to weight\20210906_185221\MelSpectrogram\fold3_4-epoch10-loss0.00459003378175542-acc0.646875.pth
2021-09-06 23:07:32,115 - train_specific.py[line:92] - INFO: Finish training feature AudioFeatures.MELSPECS, for fold 3/4, epoch 11, time cost 169.7879707813263s ,with loss 0.014077172707422056
2021-09-06 23:08:17,709 - train_specific.py[line:144] - INFO: Finish testing feature AudioFeatures.MELSPECS, for fold 3/4, epoch 11, time cost 45.593592405319214s ,with acc 0.628125
2021-09-06 23:08:17,741 - train_specific.py[line:159] - INFO: Saving weight to weight\20210906_185221\MelSpectrogram\fold3_4-epoch11-loss0.014077172707422056-acc0.628125.pth
2021-09-06 23:11:07,615 - train_specific.py[line:92] - INFO: Finish training feature AudioFeatures.MELSPECS, for fold 3/4, epoch 12, time cost 169.87358975410461s ,with loss 0.02691209861872247
2021-09-06 23:11:53,148 - train_specific.py[line:144] - INFO: Finish testing feature AudioFeatures.MELSPECS, for fold 3/4, epoch 12, time cost 45.532684564590454s ,with acc 0.6572916666666667
2021-09-06 23:11:53,432 - train_specific.py[line:159] - INFO: Saving weight to weight\20210906_185221\MelSpectrogram\fold3_4-epoch12-loss0.02691209861872247-acc0.6572916666666667.pth
2021-09-06 23:14:43,004 - train_specific.py[line:92] - INFO: Finish training feature AudioFeatures.MELSPECS, for fold 3/4, epoch 13, time cost 169.57124376296997s ,with loss 0.01782515077901471
2021-09-06 23:15:28,718 - train_specific.py[line:144] - INFO: Finish testing feature AudioFeatures.MELSPECS, for fold 3/4, epoch 13, time cost 45.71369171142578s ,with acc 0.615625
2021-09-06 23:15:28,854 - train_specific.py[line:159] - INFO: Saving weight to weight\20210906_185221\MelSpectrogram\fold3_4-epoch13-loss0.01782515077901471-acc0.615625.pth
2021-09-06 23:18:18,332 - train_specific.py[line:92] - INFO: Finish training feature AudioFeatures.MELSPECS, for fold 3/4, epoch 14, time cost 169.47714281082153s ,with loss 0.0017254104411701411
2021-09-06 23:19:03,894 - train_specific.py[line:144] - INFO: Finish testing feature AudioFeatures.MELSPECS, for fold 3/4, epoch 14, time cost 45.562132358551025s ,with acc 0.6322916666666667
2021-09-06 23:19:03,927 - train_specific.py[line:159] - INFO: Saving weight to weight\20210906_185221\MelSpectrogram\fold3_4-epoch14-loss0.0017254104411701411-acc0.6322916666666667.pth
2021-09-06 23:21:53,512 - train_specific.py[line:92] - INFO: Finish training feature AudioFeatures.MELSPECS, for fold 3/4, epoch 15, time cost 169.58575558662415s ,with loss 0.0024166866081237284
2021-09-06 23:22:39,227 - train_specific.py[line:144] - INFO: Finish testing feature AudioFeatures.MELSPECS, for fold 3/4, epoch 15, time cost 45.71349620819092s ,with acc 0.6291666666666667
2021-09-06 23:22:39,304 - train_specific.py[line:159] - INFO: Saving weight to weight\20210906_185221\MelSpectrogram\fold3_4-epoch15-loss0.0024166866081237284-acc0.6291666666666667.pth
2021-09-06 23:25:29,032 - train_specific.py[line:92] - INFO: Finish training feature AudioFeatures.MELSPECS, for fold 3/4, epoch 16, time cost 169.72679495811462s ,with loss 0.0012069838658819833
2021-09-06 23:26:14,548 - train_specific.py[line:144] - INFO: Finish testing feature AudioFeatures.MELSPECS, for fold 3/4, epoch 16, time cost 45.516106367111206s ,with acc 0.6322916666666667
2021-09-06 23:26:14,581 - train_specific.py[line:159] - INFO: Saving weight to weight\20210906_185221\MelSpectrogram\fold3_4-epoch16-loss0.0012069838658819833-acc0.6322916666666667.pth
2021-09-06 23:29:04,043 - train_specific.py[line:92] - INFO: Finish training feature AudioFeatures.MELSPECS, for fold 3/4, epoch 17, time cost 169.46206092834473s ,with loss 0.018239186370959042
2021-09-06 23:29:49,555 - train_specific.py[line:144] - INFO: Finish testing feature AudioFeatures.MELSPECS, for fold 3/4, epoch 17, time cost 45.511902809143066s ,with acc 0.6645833333333333
2021-09-06 23:29:49,587 - train_specific.py[line:159] - INFO: Saving weight to weight\20210906_185221\MelSpectrogram\fold3_4-epoch17-loss0.018239186370959042-acc0.6645833333333333.pth
2021-09-06 23:32:39,393 - train_specific.py[line:92] - INFO: Finish training feature AudioFeatures.MELSPECS, for fold 3/4, epoch 18, time cost 169.80453538894653s ,with loss 0.060183396437599686
2021-09-06 23:33:25,069 - train_specific.py[line:144] - INFO: Finish testing feature AudioFeatures.MELSPECS, for fold 3/4, epoch 18, time cost 45.6758017539978s ,with acc 0.625
2021-09-06 23:33:25,104 - train_specific.py[line:159] - INFO: Saving weight to weight\20210906_185221\MelSpectrogram\fold3_4-epoch18-loss0.060183396437599686-acc0.625.pth
2021-09-06 23:36:14,778 - train_specific.py[line:92] - INFO: Finish training feature AudioFeatures.MELSPECS, for fold 3/4, epoch 19, time cost 169.67390489578247s ,with loss 0.005636599285700809
2021-09-06 23:37:00,340 - train_specific.py[line:144] - INFO: Finish testing feature AudioFeatures.MELSPECS, for fold 3/4, epoch 19, time cost 45.56216764450073s ,with acc 0.6604166666666667
2021-09-06 23:37:00,373 - train_specific.py[line:159] - INFO: Saving weight to weight\20210906_185221\MelSpectrogram\fold3_4-epoch19-loss0.005636599285700809-acc0.6604166666666667.pth
2021-09-06 23:39:49,982 - train_specific.py[line:92] - INFO: Finish training feature AudioFeatures.MELSPECS, for fold 3/4, epoch 20, time cost 169.6090157032013s ,with loss 0.009303089850491428
2021-09-06 23:40:35,872 - train_specific.py[line:144] - INFO: Finish testing feature AudioFeatures.MELSPECS, for fold 3/4, epoch 20, time cost 45.890440225601196s ,with acc 0.665625
2021-09-06 23:40:35,905 - train_specific.py[line:159] - INFO: Saving weight to weight\20210906_185221\MelSpectrogram\fold3_4-epoch20-loss0.009303089850491428-acc0.665625.pth
